<?xml version="1.0" encoding="utf-8"?>
<CoverageSession xmlns:xsd="http://www.w3.org/2001/XMLSchema" xmlns:xsi="http://www.w3.org/2001/XMLSchema-instance">
  <Summary numSequencePoints="511" visitedSequencePoints="431" numBranchPoints="267" visitedBranchPoints="227" sequenceCoverage="84.34" branchCoverage="85.02" maxCyclomaticComplexity="5" minCyclomaticComplexity="1" visitedClasses="20" numClasses="21" visitedMethods="122" numMethods="145" />
  <Modules>
    <Module skippedDueTo="Filter" hash="B3-F8-F2-D4-2C-AA-34-FF-4A-96-15-8E-D0-B3-46-B4-5D-B9-81-B8">
      <ModulePath>C:\Program Files\dotnet\shared\Microsoft.NETCore.App\2.1.0-preview2-26406-04\System.Private.CoreLib.dll</ModulePath>
      <ModuleTime>2018-04-06T04:48:32Z</ModuleTime>
      <ModuleName>System.Private.CoreLib</ModuleName>
      <Classes />
    </Module>
    <Module skippedDueTo="MissingPdb" hash="8C-58-FA-73-57-58-64-05-45-72-27-3D-22-A5-7B-BE-F8-97-89-CE">
      <ModulePath>C:\Program Files\dotnet\sdk\2.1.300-preview2-008533\dotnet.dll</ModulePath>
      <ModuleTime>2018-04-12T06:35:00Z</ModuleTime>
      <ModuleName>dotnet</ModuleName>
      <Classes />
    </Module>
    <Module skippedDueTo="Filter" hash="0B-FC-65-B5-A4-B7-42-EA-1B-B4-FA-4A-6B-6A-AB-8D-D2-B1-A2-F4">
      <ModulePath>C:\Program Files\dotnet\shared\Microsoft.NETCore.App\2.1.0-preview2-26406-04\System.Runtime.dll</ModulePath>
      <ModuleTime>2018-04-06T04:48:30Z</ModuleTime>
      <ModuleName>System.Runtime</ModuleName>
      <Classes />
    </Module>
    <Module skippedDueTo="MissingPdb" hash="41-A2-39-40-14-5E-43-74-1A-23-A8-AB-ED-60-C4-E0-0D-BD-3B-4F">
      <ModulePath>C:\Program Files\dotnet\sdk\2.1.300-preview2-008533\Microsoft.DotNet.Cli.Utils.dll</ModulePath>
      <ModuleTime>2018-04-12T06:36:04Z</ModuleTime>
      <ModuleName>Microsoft.DotNet.Cli.Utils</ModuleName>
      <Classes />
    </Module>
    <Module skippedDueTo="MissingPdb" hash="A7-90-05-1A-48-84-BF-EC-76-B1-7F-8D-C8-AD-79-48-DE-31-DB-01">
      <ModulePath>C:\Program Files\dotnet\shared\Microsoft.NETCore.App\2.1.0-preview2-26406-04\netstandard.dll</ModulePath>
      <ModuleTime>2018-04-06T04:48:32Z</ModuleTime>
      <ModuleName>netstandard</ModuleName>
      <Classes />
    </Module>
    <Module skippedDueTo="Filter" hash="A3-81-34-AF-73-8B-BB-9D-19-7E-30-D0-FA-23-02-D5-49-67-31-AD">
      <ModulePath>C:\Program Files\dotnet\shared\Microsoft.NETCore.App\2.1.0-preview2-26406-04\System.Runtime.Extensions.dll</ModulePath>
      <ModuleTime>2018-04-06T04:48:30Z</ModuleTime>
      <ModuleName>System.Runtime.Extensions</ModuleName>
      <Classes />
    </Module>
    <Module skippedDueTo="Filter" hash="4F-6E-1C-40-89-81-2E-C2-17-E6-31-67-7D-85-DF-15-CD-93-1D-1C">
      <ModulePath>C:\Program Files\dotnet\shared\Microsoft.NETCore.App\2.1.0-preview2-26406-04\System.Runtime.Loader.dll</ModulePath>
      <ModuleTime>2018-04-06T04:48:30Z</ModuleTime>
      <ModuleName>System.Runtime.Loader</ModuleName>
      <Classes />
    </Module>
    <Module skippedDueTo="MissingPdb" hash="A8-0B-73-78-A1-BF-60-27-69-BE-0B-D5-39-39-88-40-F2-42-F0-F6">
      <ModulePath>C:\Program Files\dotnet\sdk\2.1.300-preview2-008533\Microsoft.DotNet.PlatformAbstractions.dll</ModulePath>
      <ModuleTime>2018-04-12T06:35:54Z</ModuleTime>
      <ModuleName>Microsoft.DotNet.PlatformAbstractions</ModuleName>
      <Classes />
    </Module>
    <Module skippedDueTo="Filter" hash="27-65-0A-5C-1E-BC-5B-C1-EF-98-EA-BE-16-26-10-AB-20-2B-60-8F">
      <ModulePath>C:\Program Files\dotnet\shared\Microsoft.NETCore.App\2.1.0-preview2-26406-04\System.Runtime.InteropServices.RuntimeInformation.dll</ModulePath>
      <ModuleTime>2018-04-06T04:48:30Z</ModuleTime>
      <ModuleName>System.Runtime.InteropServices.RuntimeInformation</ModuleName>
      <Classes />
    </Module>
    <Module skippedDueTo="Filter" hash="82-A9-25-54-87-7F-15-2B-91-86-04-F9-1A-A6-AE-25-1E-4E-40-C1">
      <ModulePath>C:\Program Files\dotnet\shared\Microsoft.NETCore.App\2.1.0-preview2-26406-04\System.Runtime.InteropServices.dll</ModulePath>
      <ModuleTime>2018-04-06T04:48:30Z</ModuleTime>
      <ModuleName>System.Runtime.InteropServices</ModuleName>
      <Classes />
    </Module>
    <Module skippedDueTo="Filter" hash="5C-00-65-01-B2-AA-D6-54-98-E3-91-D1-41-FB-17-CE-6B-C3-CC-40">
      <ModulePath>C:\Program Files\dotnet\shared\Microsoft.NETCore.App\2.1.0-preview2-26406-04\System.IO.FileSystem.dll</ModulePath>
      <ModuleTime>2018-04-06T04:48:26Z</ModuleTime>
      <ModuleName>System.IO.FileSystem</ModuleName>
      <Classes />
    </Module>
    <Module skippedDueTo="Filter" hash="75-51-75-85-32-CE-14-38-65-9D-7F-8F-39-12-D8-B5-58-61-7E-D9">
      <ModulePath>C:\Program Files\dotnet\sdk\2.1.300-preview2-008533\runtimes\win\lib\netcoreapp2.0\System.Text.Encoding.CodePages.dll</ModulePath>
      <ModuleTime>2018-04-12T06:32:24Z</ModuleTime>
      <ModuleName>System.Text.Encoding.CodePages</ModuleName>
      <Classes />
    </Module>
    <Module skippedDueTo="Filter" hash="A1-EB-2A-FB-43-5E-34-2C-51-FD-2C-32-2D-82-B6-D2-8D-1F-8D-C8">
      <ModulePath>C:\Program Files\dotnet\shared\Microsoft.NETCore.App\2.1.0-preview2-26406-04\System.Collections.dll</ModulePath>
      <ModuleTime>2018-04-06T04:48:22Z</ModuleTime>
      <ModuleName>System.Collections</ModuleName>
      <Classes />
    </Module>
    <Module skippedDueTo="Filter" hash="BD-FE-B5-7B-5B-0C-F7-A6-39-F3-D1-5F-CD-7B-B1-1F-1C-E3-6D-92">
      <ModulePath>C:\Program Files\dotnet\shared\Microsoft.NETCore.App\2.1.0-preview2-26406-04\System.Threading.dll</ModulePath>
      <ModuleTime>2018-04-06T04:48:32Z</ModuleTime>
      <ModuleName>System.Threading</ModuleName>
      <Classes />
    </Module>
    <Module skippedDueTo="Filter" hash="A9-A5-9D-9A-64-83-0C-9D-28-DC-DF-4D-1B-97-F3-C0-48-25-A4-3D">
      <ModulePath>C:\Program Files\dotnet\shared\Microsoft.NETCore.App\2.1.0-preview2-26406-04\System.Collections.Concurrent.dll</ModulePath>
      <ModuleTime>2018-04-06T04:48:22Z</ModuleTime>
      <ModuleName>System.Collections.Concurrent</ModuleName>
      <Classes />
    </Module>
    <Module skippedDueTo="Filter" hash="A4-5A-B6-3A-C0-61-01-22-6B-6A-9B-70-F9-DE-66-BF-37-8F-4D-2A">
      <ModulePath>C:\Program Files\dotnet\shared\Microsoft.NETCore.App\2.1.0-preview2-26406-04\System.Threading.Thread.dll</ModulePath>
      <ModuleTime>2018-04-06T04:48:32Z</ModuleTime>
      <ModuleName>System.Threading.Thread</ModuleName>
      <Classes />
    </Module>
    <Module skippedDueTo="MissingPdb" hash="1E-6E-75-03-A9-15-EF-01-89-25-FE-B1-59-0D-9D-36-3F-59-14-C6">
      <ModulePath>C:\Program Files\dotnet\sdk\2.1.300-preview2-008533\Microsoft.DotNet.Configurer.dll</ModulePath>
      <ModuleTime>2018-04-12T06:36:14Z</ModuleTime>
      <ModuleName>Microsoft.DotNet.Configurer</ModuleName>
      <Classes />
    </Module>
    <Module skippedDueTo="MissingPdb" hash="4E-73-64-F0-04-76-E6-3E-8B-0C-55-2C-C8-C4-87-A5-1E-8A-EA-B6">
      <ModulePath>C:\Program Files\dotnet\sdk\2.1.300-preview2-008533\Microsoft.DotNet.Cli.CommandLine.dll</ModulePath>
      <ModuleTime>2018-04-12T06:35:54Z</ModuleTime>
      <ModuleName>Microsoft.DotNet.Cli.CommandLine</ModuleName>
      <Classes />
    </Module>
    <Module skippedDueTo="Filter" hash="37-A8-09-B7-DC-6B-03-58-23-BD-F3-52-20-9C-BA-06-79-38-7B-94">
      <ModulePath>C:\Program Files\dotnet\shared\Microsoft.NETCore.App\2.1.0-preview2-26406-04\System.Diagnostics.Process.dll</ModulePath>
      <ModuleTime>2018-04-06T04:48:24Z</ModuleTime>
      <ModuleName>System.Diagnostics.Process</ModuleName>
      <Classes />
    </Module>
    <Module skippedDueTo="MissingPdb" hash="75-80-04-18-47-38-C9-D1-0D-D6-A5-D1-49-04-D8-19-FA-CE-84-AA">
      <ModulePath>C:\Program Files\dotnet\sdk\2.1.300-preview2-008533\Microsoft.DotNet.InternalAbstractions.dll</ModulePath>
      <ModuleTime>2018-04-12T06:35:54Z</ModuleTime>
      <ModuleName>Microsoft.DotNet.InternalAbstractions</ModuleName>
      <Classes />
    </Module>
    <Module skippedDueTo="Filter" hash="31-28-69-E8-BD-F9-F8-04-76-68-5B-2E-0B-7A-DD-C7-B4-D7-36-85">
      <ModulePath>C:\Program Files\dotnet\shared\Microsoft.NETCore.App\2.1.0-preview2-26406-04\System.Linq.dll</ModulePath>
      <ModuleTime>2018-04-06T04:48:26Z</ModuleTime>
      <ModuleName>System.Linq</ModuleName>
      <Classes />
    </Module>
    <Module skippedDueTo="MissingPdb" hash="1D-B6-40-AA-92-93-BC-02-A1-93-17-58-98-EE-4B-0A-E5-08-87-3D">
      <ModulePath>C:\Program Files\dotnet\sdk\2.1.300-preview2-008533\NuGet.Frameworks.dll</ModulePath>
      <ModuleTime>2018-04-12T06:37:22Z</ModuleTime>
      <ModuleName>NuGet.Frameworks</ModuleName>
      <Classes />
    </Module>
    <Module skippedDueTo="Filter" hash="CC-72-D0-A6-0E-74-D6-2B-D8-D8-0C-94-7F-1A-89-AC-38-31-5F-3D">
      <ModulePath>C:\Program Files\dotnet\shared\Microsoft.NETCore.App\2.1.0-preview2-26406-04\System.Console.dll</ModulePath>
      <ModuleTime>2018-04-06T04:48:24Z</ModuleTime>
      <ModuleName>System.Console</ModuleName>
      <Classes />
    </Module>
    <Module skippedDueTo="Filter" hash="93-40-D1-8E-2B-7A-4E-EC-DC-40-3D-02-18-82-CF-FC-B2-8E-0F-1E">
      <ModulePath>C:\Program Files\dotnet\shared\Microsoft.NETCore.App\2.1.0-preview2-26406-04\System.IO.FileSystem.Primitives.dll</ModulePath>
      <ModuleTime>2018-04-06T04:48:26Z</ModuleTime>
      <ModuleName>System.IO.FileSystem.Primitives</ModuleName>
      <Classes />
    </Module>
    <Module skippedDueTo="Filter" hash="87-97-F9-D3-C8-90-8F-CA-72-C1-19-EC-97-E2-24-F7-63-B9-64-92">
      <ModulePath>C:\Program Files\dotnet\shared\Microsoft.NETCore.App\2.1.0-preview2-26406-04\System.AppContext.dll</ModulePath>
      <ModuleTime>2018-04-06T04:48:22Z</ModuleTime>
      <ModuleName>System.AppContext</ModuleName>
      <Classes />
    </Module>
    <Module skippedDueTo="Filter" hash="00-CF-21-2F-E3-5F-4F-67-CD-D3-FA-33-6D-F1-7C-91-6D-78-1F-EB">
      <ModulePath>C:\Program Files\dotnet\shared\Microsoft.NETCore.App\2.1.0-preview2-26406-04\System.Memory.dll</ModulePath>
      <ModuleTime>2018-04-06T04:48:26Z</ModuleTime>
      <ModuleName>System.Memory</ModuleName>
      <Classes />
    </Module>
    <Module skippedDueTo="Filter" hash="26-51-2A-6F-FF-87-10-1E-9C-FC-C3-8B-14-4E-F9-AF-23-72-A7-FE">
      <ModulePath>C:\Program Files\dotnet\shared\Microsoft.NETCore.App\2.1.0-preview2-26406-04\System.IO.dll</ModulePath>
      <ModuleTime>2018-04-06T04:48:26Z</ModuleTime>
      <ModuleName>System.IO</ModuleName>
      <Classes />
    </Module>
    <Module skippedDueTo="Filter" hash="8D-2E-5A-87-16-6B-74-28-59-8C-7D-70-6C-4F-05-DA-D9-19-60-C4">
      <ModulePath>C:\Program Files\dotnet\shared\Microsoft.NETCore.App\2.1.0-preview2-26406-04\System.Text.Encoding.Extensions.dll</ModulePath>
      <ModuleTime>2018-04-06T04:48:30Z</ModuleTime>
      <ModuleName>System.Text.Encoding.Extensions</ModuleName>
      <Classes />
    </Module>
    <Module skippedDueTo="MissingPdb" hash="71-D1-55-7A-31-3B-01-2A-98-13-ED-D0-41-9C-93-92-F2-AA-A4-3E">
      <ModulePath>C:\Program Files\dotnet\sdk\2.1.300-preview2-008533\Microsoft.ApplicationInsights.dll</ModulePath>
      <ModuleTime>2018-04-12T06:36:04Z</ModuleTime>
      <ModuleName>Microsoft.ApplicationInsights</ModuleName>
      <Classes />
    </Module>
    <Module skippedDueTo="Filter" hash="29-80-CD-BE-51-C5-3B-B8-4D-37-94-09-40-9B-E1-F1-B7-A9-B0-5C">
      <ModulePath>C:\Program Files\dotnet\shared\Microsoft.NETCore.App\2.1.0-preview2-26406-04\System.Reflection.Extensions.dll</ModulePath>
      <ModuleTime>2018-04-06T04:48:30Z</ModuleTime>
      <ModuleName>System.Reflection.Extensions</ModuleName>
      <Classes />
    </Module>
    <Module skippedDueTo="Filter" hash="BA-3F-FE-48-58-5E-D3-C6-77-88-5C-E9-65-F2-56-03-34-EE-94-14">
      <ModulePath>C:\Program Files\dotnet\shared\Microsoft.NETCore.App\2.1.0-preview2-26406-04\System.Reflection.dll</ModulePath>
      <ModuleTime>2018-04-06T04:48:30Z</ModuleTime>
      <ModuleName>System.Reflection</ModuleName>
      <Classes />
    </Module>
    <Module skippedDueTo="Filter" hash="B4-B6-AF-1A-9F-D6-97-AD-0E-50-E2-16-02-07-0F-EC-96-C3-B1-CE">
      <ModulePath>C:\Program Files\dotnet\shared\Microsoft.NETCore.App\2.1.0-preview2-26406-04\System.Xml.XDocument.dll</ModulePath>
      <ModuleTime>2018-04-06T04:48:32Z</ModuleTime>
      <ModuleName>System.Xml.XDocument</ModuleName>
      <Classes />
    </Module>
    <Module skippedDueTo="Filter" hash="83-FF-C2-B6-4A-1E-87-DA-1D-10-9D-2F-43-DB-13-35-11-CE-C8-12">
      <ModulePath>C:\Program Files\dotnet\shared\Microsoft.NETCore.App\2.1.0-preview2-26406-04\System.Private.Xml.Linq.dll</ModulePath>
      <ModuleTime>2018-04-06T04:48:28Z</ModuleTime>
      <ModuleName>System.Private.Xml.Linq</ModuleName>
      <Classes />
    </Module>
    <Module skippedDueTo="Filter" hash="FF-45-A8-B6-25-01-D4-BA-80-B4-37-2A-27-21-FC-2E-2D-6F-6E-20">
      <ModulePath>C:\Program Files\dotnet\shared\Microsoft.NETCore.App\2.1.0-preview2-26406-04\System.Security.Cryptography.Algorithms.dll</ModulePath>
      <ModuleTime>2018-04-06T04:48:30Z</ModuleTime>
      <ModuleName>System.Security.Cryptography.Algorithms</ModuleName>
      <Classes />
    </Module>
    <Module skippedDueTo="Filter" hash="74-1A-C7-4D-14-9E-5E-F7-00-23-45-BF-7D-D6-00-62-FF-9F-B6-B6">
      <ModulePath>C:\Program Files\dotnet\shared\Microsoft.NETCore.App\2.1.0-preview2-26406-04\System.Security.Cryptography.Primitives.dll</ModulePath>
      <ModuleTime>2018-04-06T04:48:30Z</ModuleTime>
      <ModuleName>System.Security.Cryptography.Primitives</ModuleName>
      <Classes />
    </Module>
    <Module skippedDueTo="Filter" hash="85-37-D6-E5-98-92-89-AF-2B-6B-F3-C9-EF-F9-19-8D-15-02-C7-EC">
      <ModulePath>C:\Program Files\dotnet\shared\Microsoft.NETCore.App\2.1.0-preview2-26406-04\System.Private.Xml.dll</ModulePath>
      <ModuleTime>2018-04-06T04:48:28Z</ModuleTime>
      <ModuleName>System.Private.Xml</ModuleName>
      <Classes />
    </Module>
    <Module skippedDueTo="Filter" hash="59-F9-3F-5F-5F-BC-27-83-F9-3E-76-6C-6E-63-1F-DC-C9-2E-20-38">
      <ModulePath>C:\Program Files\dotnet\shared\Microsoft.NETCore.App\2.1.0-preview2-26406-04\System.Text.RegularExpressions.dll</ModulePath>
      <ModuleTime>2018-04-06T04:48:30Z</ModuleTime>
      <ModuleName>System.Text.RegularExpressions</ModuleName>
      <Classes />
    </Module>
    <Module skippedDueTo="Filter" hash="CF-AA-49-58-5E-34-BA-FB-B8-29-A2-E9-E1-68-12-16-E2-4B-9A-40">
      <ModulePath>C:\Program Files\dotnet\shared\Microsoft.NETCore.App\2.1.0-preview2-26406-04\System.Xml.ReaderWriter.dll</ModulePath>
      <ModuleTime>2018-04-06T04:48:32Z</ModuleTime>
      <ModuleName>System.Xml.ReaderWriter</ModuleName>
      <Classes />
    </Module>
    <Module skippedDueTo="Filter" hash="FF-DC-76-EA-29-EC-E9-0E-A5-90-D2-44-70-EA-70-50-97-BB-D2-D3">
      <ModulePath>C:\Program Files\dotnet\shared\Microsoft.NETCore.App\2.1.0-preview2-26406-04\System.Diagnostics.Tracing.dll</ModulePath>
      <ModuleTime>2018-04-06T04:48:24Z</ModuleTime>
      <ModuleName>System.Diagnostics.Tracing</ModuleName>
      <Classes />
    </Module>
    <Module skippedDueTo="Filter" hash="B9-F9-53-F4-63-A8-A8-4B-AC-70-BD-A2-6E-CC-D7-5B-0C-2C-9F-CD">
      <ModulePath>C:\Program Files\dotnet\shared\Microsoft.NETCore.App\2.1.0-preview2-26406-04\System.Private.Uri.dll</ModulePath>
      <ModuleTime>2018-04-06T04:48:28Z</ModuleTime>
      <ModuleName>System.Private.Uri</ModuleName>
      <Classes />
    </Module>
    <Module skippedDueTo="Filter" hash="6E-10-5C-7E-C6-B0-AB-A2-55-CA-69-88-96-32-11-CD-F2-74-24-DE">
      <ModulePath>C:\Program Files\dotnet\shared\Microsoft.NETCore.App\2.1.0-preview2-26406-04\System.Threading.Tasks.dll</ModulePath>
      <ModuleTime>2018-04-06T04:48:32Z</ModuleTime>
      <ModuleName>System.Threading.Tasks</ModuleName>
      <Classes />
    </Module>
    <Module skippedDueTo="Filter" hash="2E-FB-8A-0A-37-C1-8A-D8-75-9D-5D-E6-35-28-5D-F6-BE-17-13-47">
      <ModulePath>C:\Program Files\dotnet\shared\Microsoft.NETCore.App\2.1.0-preview2-26406-04\System.Globalization.dll</ModulePath>
      <ModuleTime>2018-04-06T04:48:24Z</ModuleTime>
      <ModuleName>System.Globalization</ModuleName>
      <Classes />
    </Module>
    <Module skippedDueTo="Filter" hash="1A-91-D1-29-E7-A8-5B-3C-9A-4E-AF-C6-E8-20-E1-2D-00-32-6D-6D">
      <ModulePath>C:\Program Files\dotnet\shared\Microsoft.NETCore.App\2.1.0-preview2-26406-04\System.Buffers.dll</ModulePath>
      <ModuleTime>2018-04-06T04:48:22Z</ModuleTime>
      <ModuleName>System.Buffers</ModuleName>
      <Classes />
    </Module>
    <Module skippedDueTo="Filter" hash="FD-FC-6C-39-B0-BD-1C-AE-F6-86-F3-AB-FC-AE-D9-82-DF-BA-ED-47">
      <ModulePath>C:\Program Files\dotnet\shared\Microsoft.NETCore.App\2.1.0-preview2-26406-04\System.Reflection.Emit.ILGeneration.dll</ModulePath>
      <ModuleTime>2018-04-06T04:48:30Z</ModuleTime>
      <ModuleName>System.Reflection.Emit.ILGeneration</ModuleName>
      <Classes />
    </Module>
    <Module skippedDueTo="Filter" hash="72-1F-33-18-71-F4-B4-07-89-24-6F-3E-C3-B2-A1-8D-1B-24-26-CF">
      <ModulePath>C:\Program Files\dotnet\shared\Microsoft.NETCore.App\2.1.0-preview2-26406-04\System.Reflection.Emit.Lightweight.dll</ModulePath>
      <ModuleTime>2018-04-06T04:48:30Z</ModuleTime>
      <ModuleName>System.Reflection.Emit.Lightweight</ModuleName>
      <Classes />
    </Module>
    <Module skippedDueTo="Filter" hash="B2-BD-FE-1B-00-67-98-B4-B2-80-A6-81-07-8D-22-8B-B0-F4-55-9B">
      <ModulePath>C:\Program Files\dotnet\shared\Microsoft.NETCore.App\2.1.0-preview2-26406-04\System.Reflection.Primitives.dll</ModulePath>
      <ModuleTime>2018-04-06T04:48:30Z</ModuleTime>
      <ModuleName>System.Reflection.Primitives</ModuleName>
      <Classes />
    </Module>
    <Module skippedDueTo="Filter" hash="7A-B3-CA-6D-5B-BE-4B-ED-2E-99-B6-30-7A-2A-72-90-0F-2F-C4-D2">
      <ModulePath>C:\Program Files\dotnet\shared\Microsoft.NETCore.App\2.1.0-preview2-26406-04\System.Resources.ResourceManager.dll</ModulePath>
      <ModuleTime>2018-04-06T04:48:30Z</ModuleTime>
      <ModuleName>System.Resources.ResourceManager</ModuleName>
      <Classes />
    </Module>
    <Module skippedDueTo="MissingPdb" hash="31-79-7F-E5-F8-07-4B-93-CB-B5-EB-C7-49-4C-02-91-1F-75-09-58">
      <ModulePath>C:\Program Files\dotnet\shared\Microsoft.NETCore.App\2.1.0-preview2-26406-04\Microsoft.Win32.Registry.dll</ModulePath>
      <ModuleTime>2018-04-06T04:48:22Z</ModuleTime>
      <ModuleName>Microsoft.Win32.Registry</ModuleName>
      <Classes />
    </Module>
    <Module skippedDueTo="MissingPdb" hash="2B-4D-A3-34-75-AE-03-3D-6E-B4-DC-BF-C0-C6-21-B7-C2-7A-71-86">
      <ModulePath>C:\Program Files\dotnet\sdk\2.1.300-preview2-008533\ru\dotnet.resources.dll</ModulePath>
      <ModuleTime>2018-04-12T06:33:28Z</ModuleTime>
      <ModuleName>dotnet.resources</ModuleName>
      <Classes />
    </Module>
    <Module skippedDueTo="Filter" hash="CA-1C-51-DC-D5-E4-26-85-E5-C0-44-A7-D1-75-4D-4C-94-02-55-7D">
      <ModulePath>C:\Program Files\dotnet\shared\Microsoft.NETCore.App\2.1.0-preview2-26406-04\System.Diagnostics.Tools.dll</ModulePath>
      <ModuleTime>2018-04-06T04:48:24Z</ModuleTime>
      <ModuleName>System.Diagnostics.Tools</ModuleName>
      <Classes />
    </Module>
    <Module skippedDueTo="Filter" hash="48-E9-1C-3B-73-6D-A9-C3-BA-91-D0-AC-8B-E9-E0-94-ED-24-35-60">
      <ModulePath>C:\Program Files\dotnet\shared\Microsoft.NETCore.App\2.1.0-preview2-26406-04\System.Diagnostics.Debug.dll</ModulePath>
      <ModuleTime>2018-04-06T04:48:24Z</ModuleTime>
      <ModuleName>System.Diagnostics.Debug</ModuleName>
      <Classes />
    </Module>
    <Module skippedDueTo="Filter" hash="C2-0D-12-92-AE-B0-CE-0B-39-E5-36-A4-84-D1-55-B2-E2-31-18-5F">
      <ModulePath>C:\Program Files\dotnet\shared\Microsoft.NETCore.App\2.1.0-preview2-26406-04\System.Text.Encoding.dll</ModulePath>
      <ModuleTime>2018-04-06T04:48:30Z</ModuleTime>
      <ModuleName>System.Text.Encoding</ModuleName>
      <Classes />
    </Module>
    <Module skippedDueTo="Filter" hash="72-92-9E-6D-CB-79-83-32-3D-14-C4-38-ED-6B-79-05-51-26-F9-84">
      <ModulePath>C:\Program Files\dotnet\shared\Microsoft.NETCore.App\2.1.0-preview2-26406-04\System.IO.Compression.dll</ModulePath>
      <ModuleTime>2018-04-06T04:48:26Z</ModuleTime>
      <ModuleName>System.IO.Compression</ModuleName>
      <Classes />
    </Module>
    <Module skippedDueTo="Filter" hash="E1-FC-9D-03-40-61-5D-EB-FE-B3-60-AC-F2-CE-34-BD-9A-62-F2-6E">
      <ModulePath>C:\Program Files\dotnet\shared\Microsoft.NETCore.App\2.1.0-preview2-26406-04\System.Net.Http.dll</ModulePath>
      <ModuleTime>2018-04-06T04:48:26Z</ModuleTime>
      <ModuleName>System.Net.Http</ModuleName>
      <Classes />
    </Module>
    <Module skippedDueTo="Filter" hash="C2-FE-C3-8C-D8-7D-91-9D-36-EA-4D-1C-6A-D0-EE-FB-89-5C-30-C2">
      <ModulePath>C:\Program Files\dotnet\shared\Microsoft.NETCore.App\2.1.0-preview2-26406-04\System.Net.Primitives.dll</ModulePath>
      <ModuleTime>2018-04-06T04:48:28Z</ModuleTime>
      <ModuleName>System.Net.Primitives</ModuleName>
      <Classes />
    </Module>
    <Module skippedDueTo="Filter" hash="1C-D4-36-84-75-20-18-77-62-35-A3-95-A7-F8-1E-A6-E7-D6-BA-4E">
      <ModulePath>C:\Program Files\dotnet\shared\Microsoft.NETCore.App\2.1.0-preview2-26406-04\System.Net.Security.dll</ModulePath>
      <ModuleTime>2018-04-06T04:48:28Z</ModuleTime>
      <ModuleName>System.Net.Security</ModuleName>
      <Classes />
    </Module>
    <Module skippedDueTo="Filter" hash="DF-BB-FE-38-DA-CE-4B-38-6F-E3-C5-0F-F6-8D-36-3C-8A-77-69-B0">
      <ModulePath>C:\Program Files\dotnet\shared\Microsoft.NETCore.App\2.1.0-preview2-26406-04\System.Security.Cryptography.X509Certificates.dll</ModulePath>
      <ModuleTime>2018-04-06T04:48:30Z</ModuleTime>
      <ModuleName>System.Security.Cryptography.X509Certificates</ModuleName>
      <Classes />
    </Module>
    <Module skippedDueTo="MissingPdb" hash="AD-B5-42-9B-12-2D-05-BD-83-A8-68-B1-CE-5C-24-04-3D-B5-5E-F2">
      <ModulePath>C:\Program Files\dotnet\sdk\2.1.300-preview2-008533\Microsoft.Build.Framework.dll</ModulePath>
      <ModuleTime>2018-04-12T06:35:54Z</ModuleTime>
      <ModuleName>Microsoft.Build.Framework</ModuleName>
      <Classes />
    </Module>
    <Module skippedDueTo="Filter" hash="C4-76-47-2A-A1-61-4B-E2-F7-30-F4-0D-11-3C-EC-BE-9F-38-BE-48">
      <ModulePath>C:\Program Files\dotnet\shared\Microsoft.NETCore.App\2.1.0-preview2-26406-04\System.ComponentModel.Primitives.dll</ModulePath>
      <ModuleTime>2018-04-06T04:48:22Z</ModuleTime>
      <ModuleName>System.ComponentModel.Primitives</ModuleName>
      <Classes />
    </Module>
    <Module skippedDueTo="MissingPdb" hash="33-8C-16-F6-85-34-CE-D1-B0-A7-9B-8B-27-CC-55-17-4B-C2-BA-BF">
      <ModulePath>C:\Program Files\dotnet\shared\Microsoft.NETCore.App\2.1.0-preview2-26406-04\Microsoft.Win32.Primitives.dll</ModulePath>
      <ModuleTime>2018-04-06T04:48:22Z</ModuleTime>
      <ModuleName>Microsoft.Win32.Primitives</ModuleName>
      <Classes />
    </Module>
    <Module skippedDueTo="Filter" hash="02-F0-3A-D1-BB-CF-62-70-8B-98-C0-6B-83-CF-2E-6F-3F-92-B4-26">
      <ModulePath>C:\Program Files\dotnet\shared\Microsoft.NETCore.App\2.1.0-preview2-26406-04\System.Diagnostics.DiagnosticSource.dll</ModulePath>
      <ModuleTime>2018-04-06T04:48:24Z</ModuleTime>
      <ModuleName>System.Diagnostics.DiagnosticSource</ModuleName>
      <Classes />
    </Module>
    <Module skippedDueTo="Filter" hash="0F-22-77-B6-6F-2E-09-B1-E5-6A-9D-DF-32-34-BD-B7-34-AD-14-B7">
      <ModulePath>C:\Program Files\dotnet\shared\Microsoft.NETCore.App\2.1.0-preview2-26406-04\System.Collections.NonGeneric.dll</ModulePath>
      <ModuleTime>2018-04-06T04:48:22Z</ModuleTime>
      <ModuleName>System.Collections.NonGeneric</ModuleName>
      <Classes />
    </Module>
    <Module skippedDueTo="Filter" hash="C1-ED-CE-76-CF-A8-48-4C-0E-84-C6-77-54-08-38-83-45-1F-4F-69">
      <ModulePath>C:\Program Files\dotnet\shared\Microsoft.NETCore.App\2.1.0-preview2-26406-04\System.Threading.Timer.dll</ModulePath>
      <ModuleTime>2018-04-06T04:48:32Z</ModuleTime>
      <ModuleName>System.Threading.Timer</ModuleName>
      <Classes />
    </Module>
    <Module skippedDueTo="Filter" hash="08-F9-78-00-3D-4E-AC-13-7A-22-71-17-3E-BF-AD-8F-B8-EE-77-1C">
      <ModulePath>C:\Program Files\dotnet\shared\Microsoft.NETCore.App\2.1.0-preview2-26406-04\System.Net.Sockets.dll</ModulePath>
      <ModuleTime>2018-04-06T04:48:28Z</ModuleTime>
      <ModuleName>System.Net.Sockets</ModuleName>
      <Classes />
    </Module>
    <Module skippedDueTo="Filter" hash="C5-8D-52-0B-AE-89-67-5F-D6-F3-0F-F6-87-BE-AB-13-17-AC-03-E3">
      <ModulePath>C:\Program Files\dotnet\shared\Microsoft.NETCore.App\2.1.0-preview2-26406-04\System.Threading.Overlapped.dll</ModulePath>
      <ModuleTime>2018-04-06T04:48:30Z</ModuleTime>
      <ModuleName>System.Threading.Overlapped</ModuleName>
      <Classes />
    </Module>
    <Module skippedDueTo="Filter" hash="A8-62-AA-2D-21-BD-61-8F-F6-CD-0A-D3-BB-E9-CB-05-68-89-30-DB">
      <ModulePath>C:\Program Files\dotnet\shared\Microsoft.NETCore.App\2.1.0-preview2-26406-04\System.Net.NameResolution.dll</ModulePath>
      <ModuleTime>2018-04-06T04:48:26Z</ModuleTime>
      <ModuleName>System.Net.NameResolution</ModuleName>
      <Classes />
    </Module>
    <Module skippedDueTo="Filter" hash="B3-F8-F2-D4-2C-AA-34-FF-4A-96-15-8E-D0-B3-46-B4-5D-B9-81-B8">
      <ModulePath>C:\Program Files\dotnet\shared\Microsoft.NETCore.App\2.1.0-preview2-26406-04\System.Private.CoreLib.dll</ModulePath>
      <ModuleTime>2018-04-06T04:48:32Z</ModuleTime>
      <ModuleName>System.Private.CoreLib</ModuleName>
      <Classes />
    </Module>
    <Module skippedDueTo="MissingPdb" hash="6E-31-AD-B3-A3-15-4D-6E-35-E8-D4-38-87-8B-72-6E-64-2B-82-C0">
      <ModulePath>C:\Program Files\dotnet\sdk\2.1.300-preview2-008533\MSBuild.dll</ModulePath>
      <ModuleTime>2018-04-12T06:37:12Z</ModuleTime>
      <ModuleName>MSBuild</ModuleName>
      <Classes />
    </Module>
    <Module skippedDueTo="Filter" hash="0B-FC-65-B5-A4-B7-42-EA-1B-B4-FA-4A-6B-6A-AB-8D-D2-B1-A2-F4">
      <ModulePath>C:\Program Files\dotnet\shared\Microsoft.NETCore.App\2.1.0-preview2-26406-04\System.Runtime.dll</ModulePath>
      <ModuleTime>2018-04-06T04:48:30Z</ModuleTime>
      <ModuleName>System.Runtime</ModuleName>
      <Classes />
    </Module>
    <Module skippedDueTo="Filter" hash="A3-81-34-AF-73-8B-BB-9D-19-7E-30-D0-FA-23-02-D5-49-67-31-AD">
      <ModulePath>C:\Program Files\dotnet\shared\Microsoft.NETCore.App\2.1.0-preview2-26406-04\System.Runtime.Extensions.dll</ModulePath>
      <ModuleTime>2018-04-06T04:48:30Z</ModuleTime>
      <ModuleName>System.Runtime.Extensions</ModuleName>
      <Classes />
    </Module>
    <Module skippedDueTo="Filter" hash="BD-FE-B5-7B-5B-0C-F7-A6-39-F3-D1-5F-CD-7B-B1-1F-1C-E3-6D-92">
      <ModulePath>C:\Program Files\dotnet\shared\Microsoft.NETCore.App\2.1.0-preview2-26406-04\System.Threading.dll</ModulePath>
      <ModuleTime>2018-04-06T04:48:32Z</ModuleTime>
      <ModuleName>System.Threading</ModuleName>
      <Classes />
    </Module>
    <Module skippedDueTo="Filter" hash="5C-00-65-01-B2-AA-D6-54-98-E3-91-D1-41-FB-17-CE-6B-C3-CC-40">
      <ModulePath>C:\Program Files\dotnet\shared\Microsoft.NETCore.App\2.1.0-preview2-26406-04\System.IO.FileSystem.dll</ModulePath>
      <ModuleTime>2018-04-06T04:48:26Z</ModuleTime>
      <ModuleName>System.IO.FileSystem</ModuleName>
      <Classes />
    </Module>
    <Module skippedDueTo="Filter" hash="27-65-0A-5C-1E-BC-5B-C1-EF-98-EA-BE-16-26-10-AB-20-2B-60-8F">
      <ModulePath>C:\Program Files\dotnet\shared\Microsoft.NETCore.App\2.1.0-preview2-26406-04\System.Runtime.InteropServices.RuntimeInformation.dll</ModulePath>
      <ModuleTime>2018-04-06T04:48:30Z</ModuleTime>
      <ModuleName>System.Runtime.InteropServices.RuntimeInformation</ModuleName>
      <Classes />
    </Module>
    <Module skippedDueTo="Filter" hash="31-28-69-E8-BD-F9-F8-04-76-68-5B-2E-0B-7A-DD-C7-B4-D7-36-85">
      <ModulePath>C:\Program Files\dotnet\shared\Microsoft.NETCore.App\2.1.0-preview2-26406-04\System.Linq.dll</ModulePath>
      <ModuleTime>2018-04-06T04:48:26Z</ModuleTime>
      <ModuleName>System.Linq</ModuleName>
      <Classes />
    </Module>
    <Module skippedDueTo="Filter" hash="59-F9-3F-5F-5F-BC-27-83-F9-3E-76-6C-6E-63-1F-DC-C9-2E-20-38">
      <ModulePath>C:\Program Files\dotnet\shared\Microsoft.NETCore.App\2.1.0-preview2-26406-04\System.Text.RegularExpressions.dll</ModulePath>
      <ModuleTime>2018-04-06T04:48:30Z</ModuleTime>
      <ModuleName>System.Text.RegularExpressions</ModuleName>
      <Classes />
    </Module>
    <Module skippedDueTo="Filter" hash="A1-EB-2A-FB-43-5E-34-2C-51-FD-2C-32-2D-82-B6-D2-8D-1F-8D-C8">
      <ModulePath>C:\Program Files\dotnet\shared\Microsoft.NETCore.App\2.1.0-preview2-26406-04\System.Collections.dll</ModulePath>
      <ModuleTime>2018-04-06T04:48:22Z</ModuleTime>
      <ModuleName>System.Collections</ModuleName>
      <Classes />
    </Module>
    <Module skippedDueTo="Filter" hash="0F-4A-B4-8E-DD-2A-36-F1-47-C6-49-8A-53-89-25-2F-FF-CF-11-5D">
      <ModulePath>C:\Program Files\dotnet\shared\Microsoft.NETCore.App\2.1.0-preview2-26406-04\System.Security.Principal.Windows.dll</ModulePath>
      <ModuleTime>2018-04-06T04:48:30Z</ModuleTime>
      <ModuleName>System.Security.Principal.Windows</ModuleName>
      <Classes />
    </Module>
    <Module skippedDueTo="Filter" hash="AC-AA-1C-21-66-B3-69-1A-3D-F3-DE-7B-31-13-C9-98-07-AE-8E-E5">
      <ModulePath>C:\Program Files\dotnet\shared\Microsoft.NETCore.App\2.1.0-preview2-26406-04\System.Security.Claims.dll</ModulePath>
      <ModuleTime>2018-04-06T04:48:30Z</ModuleTime>
      <ModuleName>System.Security.Claims</ModuleName>
      <Classes />
    </Module>
    <Module skippedDueTo="Filter" hash="DE-67-B0-D9-4B-BE-1D-8A-FD-97-41-B1-F1-C2-55-97-BE-C8-05-CD">
      <ModulePath>C:\Program Files\dotnet\shared\Microsoft.NETCore.App\2.1.0-preview2-26406-04\System.Security.Principal.dll</ModulePath>
      <ModuleTime>2018-04-06T04:48:30Z</ModuleTime>
      <ModuleName>System.Security.Principal</ModuleName>
      <Classes />
    </Module>
    <Module skippedDueTo="Filter" hash="1A-91-D1-29-E7-A8-5B-3C-9A-4E-AF-C6-E8-20-E1-2D-00-32-6D-6D">
      <ModulePath>C:\Program Files\dotnet\shared\Microsoft.NETCore.App\2.1.0-preview2-26406-04\System.Buffers.dll</ModulePath>
      <ModuleTime>2018-04-06T04:48:22Z</ModuleTime>
      <ModuleName>System.Buffers</ModuleName>
      <Classes />
    </Module>
    <Module skippedDueTo="Filter" hash="00-CF-21-2F-E3-5F-4F-67-CD-D3-FA-33-6D-F1-7C-91-6D-78-1F-EB">
      <ModulePath>C:\Program Files\dotnet\shared\Microsoft.NETCore.App\2.1.0-preview2-26406-04\System.Memory.dll</ModulePath>
      <ModuleTime>2018-04-06T04:48:26Z</ModuleTime>
      <ModuleName>System.Memory</ModuleName>
      <Classes />
    </Module>
    <Module skippedDueTo="Filter" hash="82-A9-25-54-87-7F-15-2B-91-86-04-F9-1A-A6-AE-25-1E-4E-40-C1">
      <ModulePath>C:\Program Files\dotnet\shared\Microsoft.NETCore.App\2.1.0-preview2-26406-04\System.Runtime.InteropServices.dll</ModulePath>
      <ModuleTime>2018-04-06T04:48:30Z</ModuleTime>
      <ModuleName>System.Runtime.InteropServices</ModuleName>
      <Classes />
    </Module>
    <Module skippedDueTo="Filter" hash="CC-72-D0-A6-0E-74-D6-2B-D8-D8-0C-94-7F-1A-89-AC-38-31-5F-3D">
      <ModulePath>C:\Program Files\dotnet\shared\Microsoft.NETCore.App\2.1.0-preview2-26406-04\System.Console.dll</ModulePath>
      <ModuleTime>2018-04-06T04:48:24Z</ModuleTime>
      <ModuleName>System.Console</ModuleName>
      <Classes />
    </Module>
    <Module skippedDueTo="Filter" hash="37-A8-09-B7-DC-6B-03-58-23-BD-F3-52-20-9C-BA-06-79-38-7B-94">
      <ModulePath>C:\Program Files\dotnet\shared\Microsoft.NETCore.App\2.1.0-preview2-26406-04\System.Diagnostics.Process.dll</ModulePath>
      <ModuleTime>2018-04-06T04:48:24Z</ModuleTime>
      <ModuleName>System.Diagnostics.Process</ModuleName>
      <Classes />
    </Module>
    <Module skippedDueTo="Filter" hash="C4-76-47-2A-A1-61-4B-E2-F7-30-F4-0D-11-3C-EC-BE-9F-38-BE-48">
      <ModulePath>C:\Program Files\dotnet\shared\Microsoft.NETCore.App\2.1.0-preview2-26406-04\System.ComponentModel.Primitives.dll</ModulePath>
      <ModuleTime>2018-04-06T04:48:22Z</ModuleTime>
      <ModuleName>System.ComponentModel.Primitives</ModuleName>
      <Classes />
    </Module>
    <Module skippedDueTo="MissingPdb" hash="AD-B5-42-9B-12-2D-05-BD-83-A8-68-B1-CE-5C-24-04-3D-B5-5E-F2">
      <ModulePath>C:\Program Files\dotnet\sdk\2.1.300-preview2-008533\Microsoft.Build.Framework.dll</ModulePath>
      <ModuleTime>2018-04-12T06:35:54Z</ModuleTime>
      <ModuleName>Microsoft.Build.Framework</ModuleName>
      <Classes />
    </Module>
    <Module skippedDueTo="Filter" hash="9A-98-28-27-3F-67-83-0D-6B-7B-9E-D8-FA-04-FB-92-B1-1A-82-DE">
      <ModulePath>C:\Program Files\dotnet\shared\Microsoft.NETCore.App\2.1.0-preview2-26406-04\System.Security.Cryptography.Encoding.dll</ModulePath>
      <ModuleTime>2018-04-06T04:48:30Z</ModuleTime>
      <ModuleName>System.Security.Cryptography.Encoding</ModuleName>
      <Classes />
    </Module>
    <Module skippedDueTo="MissingPdb" hash="A7-90-05-1A-48-84-BF-EC-76-B1-7F-8D-C8-AD-79-48-DE-31-DB-01">
      <ModulePath>C:\Program Files\dotnet\shared\Microsoft.NETCore.App\2.1.0-preview2-26406-04\netstandard.dll</ModulePath>
      <ModuleTime>2018-04-06T04:48:32Z</ModuleTime>
      <ModuleName>netstandard</ModuleName>
      <Classes />
    </Module>
    <Module skippedDueTo="MissingPdb" hash="A1-CC-05-C8-12-8E-37-5D-D7-FB-46-9E-01-01-47-43-77-46-D5-5C">
      <ModulePath>C:\Program Files\dotnet\sdk\2.1.300-preview2-008533\Microsoft.Build.dll</ModulePath>
      <ModuleTime>2018-04-12T06:35:58Z</ModuleTime>
      <ModuleName>Microsoft.Build</ModuleName>
      <Classes />
    </Module>
    <Module skippedDueTo="Filter" hash="75-51-75-85-32-CE-14-38-65-9D-7F-8F-39-12-D8-B5-58-61-7E-D9">
      <ModulePath>C:\Program Files\dotnet\sdk\2.1.300-preview2-008533\runtimes\win\lib\netcoreapp2.0\System.Text.Encoding.CodePages.dll</ModulePath>
      <ModuleTime>2018-04-12T06:32:24Z</ModuleTime>
      <ModuleName>System.Text.Encoding.CodePages</ModuleName>
      <Classes />
    </Module>
    <Module skippedDueTo="Filter" hash="A9-A5-9D-9A-64-83-0C-9D-28-DC-DF-4D-1B-97-F3-C0-48-25-A4-3D">
      <ModulePath>C:\Program Files\dotnet\shared\Microsoft.NETCore.App\2.1.0-preview2-26406-04\System.Collections.Concurrent.dll</ModulePath>
      <ModuleTime>2018-04-06T04:48:22Z</ModuleTime>
      <ModuleName>System.Collections.Concurrent</ModuleName>
      <Classes />
    </Module>
    <Module skippedDueTo="MissingPdb" hash="8C-58-FA-73-57-58-64-05-45-72-27-3D-22-A5-7B-BE-F8-97-89-CE">
      <ModulePath>C:\Program Files\dotnet\sdk\2.1.300-preview2-008533\dotnet.dll</ModulePath>
      <ModuleTime>2018-04-12T06:35:00Z</ModuleTime>
      <ModuleName>dotnet</ModuleName>
      <Classes />
    </Module>
    <Module skippedDueTo="MissingPdb" hash="6E-29-26-62-37-13-E0-A1-99-CB-81-7F-65-8D-8F-82-19-95-66-98">
      <ModulePath>C:\Program Files\dotnet\sdk\2.1.300-preview2-008533\Microsoft.DotNet.Tools.MigrateCommand.dll</ModulePath>
      <ModuleTime>2018-04-12T06:35:54Z</ModuleTime>
      <ModuleName>Microsoft.DotNet.Tools.MigrateCommand</ModuleName>
      <Classes />
    </Module>
    <Module skippedDueTo="MissingPdb" hash="1E-6E-75-03-A9-15-EF-01-89-25-FE-B1-59-0D-9D-36-3F-59-14-C6">
      <ModulePath>C:\Program Files\dotnet\sdk\2.1.300-preview2-008533\Microsoft.DotNet.Configurer.dll</ModulePath>
      <ModuleTime>2018-04-12T06:36:14Z</ModuleTime>
      <ModuleName>Microsoft.DotNet.Configurer</ModuleName>
      <Classes />
    </Module>
    <Module skippedDueTo="Filter" hash="2B-45-D5-82-AC-ED-79-58-8F-0A-E8-AB-6F-31-FD-B5-9C-A7-DD-9C">
      <ModulePath>C:\Program Files\dotnet\shared\Microsoft.NETCore.App\2.1.0-preview2-26406-04\System.Threading.ThreadPool.dll</ModulePath>
      <ModuleTime>2018-04-06T04:48:32Z</ModuleTime>
      <ModuleName>System.Threading.ThreadPool</ModuleName>
      <Classes />
    </Module>
    <Module skippedDueTo="MissingPdb" hash="41-A2-39-40-14-5E-43-74-1A-23-A8-AB-ED-60-C4-E0-0D-BD-3B-4F">
      <ModulePath>C:\Program Files\dotnet\sdk\2.1.300-preview2-008533\Microsoft.DotNet.Cli.Utils.dll</ModulePath>
      <ModuleTime>2018-04-12T06:36:04Z</ModuleTime>
      <ModuleName>Microsoft.DotNet.Cli.Utils</ModuleName>
      <Classes />
    </Module>
    <Module skippedDueTo="MissingPdb" hash="1D-B6-40-AA-92-93-BC-02-A1-93-17-58-98-EE-4B-0A-E5-08-87-3D">
      <ModulePath>C:\Program Files\dotnet\sdk\2.1.300-preview2-008533\NuGet.Frameworks.dll</ModulePath>
      <ModuleTime>2018-04-12T06:37:22Z</ModuleTime>
      <ModuleName>NuGet.Frameworks</ModuleName>
      <Classes />
    </Module>
    <Module skippedDueTo="MissingPdb" hash="75-80-04-18-47-38-C9-D1-0D-D6-A5-D1-49-04-D8-19-FA-CE-84-AA">
      <ModulePath>C:\Program Files\dotnet\sdk\2.1.300-preview2-008533\Microsoft.DotNet.InternalAbstractions.dll</ModulePath>
      <ModuleTime>2018-04-12T06:35:54Z</ModuleTime>
      <ModuleName>Microsoft.DotNet.InternalAbstractions</ModuleName>
      <Classes />
    </Module>
    <Module skippedDueTo="Filter" hash="93-40-D1-8E-2B-7A-4E-EC-DC-40-3D-02-18-82-CF-FC-B2-8E-0F-1E">
      <ModulePath>C:\Program Files\dotnet\shared\Microsoft.NETCore.App\2.1.0-preview2-26406-04\System.IO.FileSystem.Primitives.dll</ModulePath>
      <ModuleTime>2018-04-06T04:48:26Z</ModuleTime>
      <ModuleName>System.IO.FileSystem.Primitives</ModuleName>
      <Classes />
    </Module>
    <Module skippedDueTo="MissingPdb" hash="71-D1-55-7A-31-3B-01-2A-98-13-ED-D0-41-9C-93-92-F2-AA-A4-3E">
      <ModulePath>C:\Program Files\dotnet\sdk\2.1.300-preview2-008533\Microsoft.ApplicationInsights.dll</ModulePath>
      <ModuleTime>2018-04-12T06:36:04Z</ModuleTime>
      <ModuleName>Microsoft.ApplicationInsights</ModuleName>
      <Classes />
    </Module>
    <Module skippedDueTo="Filter" hash="8D-2E-5A-87-16-6B-74-28-59-8C-7D-70-6C-4F-05-DA-D9-19-60-C4">
      <ModulePath>C:\Program Files\dotnet\shared\Microsoft.NETCore.App\2.1.0-preview2-26406-04\System.Text.Encoding.Extensions.dll</ModulePath>
      <ModuleTime>2018-04-06T04:48:30Z</ModuleTime>
      <ModuleName>System.Text.Encoding.Extensions</ModuleName>
      <Classes />
    </Module>
    <Module skippedDueTo="MissingPdb" hash="A8-0B-73-78-A1-BF-60-27-69-BE-0B-D5-39-39-88-40-F2-42-F0-F6">
      <ModulePath>C:\Program Files\dotnet\sdk\2.1.300-preview2-008533\Microsoft.DotNet.PlatformAbstractions.dll</ModulePath>
      <ModuleTime>2018-04-12T06:35:54Z</ModuleTime>
      <ModuleName>Microsoft.DotNet.PlatformAbstractions</ModuleName>
      <Classes />
    </Module>
    <Module skippedDueTo="Filter" hash="29-80-CD-BE-51-C5-3B-B8-4D-37-94-09-40-9B-E1-F1-B7-A9-B0-5C">
      <ModulePath>C:\Program Files\dotnet\shared\Microsoft.NETCore.App\2.1.0-preview2-26406-04\System.Reflection.Extensions.dll</ModulePath>
      <ModuleTime>2018-04-06T04:48:30Z</ModuleTime>
      <ModuleName>System.Reflection.Extensions</ModuleName>
      <Classes />
    </Module>
    <Module skippedDueTo="Filter" hash="BA-3F-FE-48-58-5E-D3-C6-77-88-5C-E9-65-F2-56-03-34-EE-94-14">
      <ModulePath>C:\Program Files\dotnet\shared\Microsoft.NETCore.App\2.1.0-preview2-26406-04\System.Reflection.dll</ModulePath>
      <ModuleTime>2018-04-06T04:48:30Z</ModuleTime>
      <ModuleName>System.Reflection</ModuleName>
      <Classes />
    </Module>
    <Module skippedDueTo="Filter" hash="B4-B6-AF-1A-9F-D6-97-AD-0E-50-E2-16-02-07-0F-EC-96-C3-B1-CE">
      <ModulePath>C:\Program Files\dotnet\shared\Microsoft.NETCore.App\2.1.0-preview2-26406-04\System.Xml.XDocument.dll</ModulePath>
      <ModuleTime>2018-04-06T04:48:32Z</ModuleTime>
      <ModuleName>System.Xml.XDocument</ModuleName>
      <Classes />
    </Module>
    <Module skippedDueTo="Filter" hash="83-FF-C2-B6-4A-1E-87-DA-1D-10-9D-2F-43-DB-13-35-11-CE-C8-12">
      <ModulePath>C:\Program Files\dotnet\shared\Microsoft.NETCore.App\2.1.0-preview2-26406-04\System.Private.Xml.Linq.dll</ModulePath>
      <ModuleTime>2018-04-06T04:48:28Z</ModuleTime>
      <ModuleName>System.Private.Xml.Linq</ModuleName>
      <Classes />
    </Module>
    <Module skippedDueTo="Filter" hash="85-37-D6-E5-98-92-89-AF-2B-6B-F3-C9-EF-F9-19-8D-15-02-C7-EC">
      <ModulePath>C:\Program Files\dotnet\shared\Microsoft.NETCore.App\2.1.0-preview2-26406-04\System.Private.Xml.dll</ModulePath>
      <ModuleTime>2018-04-06T04:48:28Z</ModuleTime>
      <ModuleName>System.Private.Xml</ModuleName>
      <Classes />
    </Module>
    <Module skippedDueTo="Filter" hash="CF-AA-49-58-5E-34-BA-FB-B8-29-A2-E9-E1-68-12-16-E2-4B-9A-40">
      <ModulePath>C:\Program Files\dotnet\shared\Microsoft.NETCore.App\2.1.0-preview2-26406-04\System.Xml.ReaderWriter.dll</ModulePath>
      <ModuleTime>2018-04-06T04:48:32Z</ModuleTime>
      <ModuleName>System.Xml.ReaderWriter</ModuleName>
      <Classes />
    </Module>
    <Module skippedDueTo="Filter" hash="FF-DC-76-EA-29-EC-E9-0E-A5-90-D2-44-70-EA-70-50-97-BB-D2-D3">
      <ModulePath>C:\Program Files\dotnet\shared\Microsoft.NETCore.App\2.1.0-preview2-26406-04\System.Diagnostics.Tracing.dll</ModulePath>
      <ModuleTime>2018-04-06T04:48:24Z</ModuleTime>
      <ModuleName>System.Diagnostics.Tracing</ModuleName>
      <Classes />
    </Module>
    <Module skippedDueTo="Filter" hash="B9-F9-53-F4-63-A8-A8-4B-AC-70-BD-A2-6E-CC-D7-5B-0C-2C-9F-CD">
      <ModulePath>C:\Program Files\dotnet\shared\Microsoft.NETCore.App\2.1.0-preview2-26406-04\System.Private.Uri.dll</ModulePath>
      <ModuleTime>2018-04-06T04:48:28Z</ModuleTime>
      <ModuleName>System.Private.Uri</ModuleName>
      <Classes />
    </Module>
    <Module skippedDueTo="Filter" hash="6E-10-5C-7E-C6-B0-AB-A2-55-CA-69-88-96-32-11-CD-F2-74-24-DE">
      <ModulePath>C:\Program Files\dotnet\shared\Microsoft.NETCore.App\2.1.0-preview2-26406-04\System.Threading.Tasks.dll</ModulePath>
      <ModuleTime>2018-04-06T04:48:32Z</ModuleTime>
      <ModuleName>System.Threading.Tasks</ModuleName>
      <Classes />
    </Module>
    <Module skippedDueTo="Filter" hash="2E-FB-8A-0A-37-C1-8A-D8-75-9D-5D-E6-35-28-5D-F6-BE-17-13-47">
      <ModulePath>C:\Program Files\dotnet\shared\Microsoft.NETCore.App\2.1.0-preview2-26406-04\System.Globalization.dll</ModulePath>
      <ModuleTime>2018-04-06T04:48:24Z</ModuleTime>
      <ModuleName>System.Globalization</ModuleName>
      <Classes />
    </Module>
    <Module skippedDueTo="Filter" hash="26-59-44-5B-A0-41-90-38-D3-58-30-E7-67-80-D7-99-4E-F0-01-F9">
      <ModulePath>C:\Program Files\dotnet\shared\Microsoft.NETCore.App\2.1.0-preview2-26406-04\System.Threading.Tasks.Dataflow.dll</ModulePath>
      <ModuleTime>2018-04-06T04:48:30Z</ModuleTime>
      <ModuleName>System.Threading.Tasks.Dataflow</ModuleName>
      <Classes />
    </Module>
    <Module skippedDueTo="Filter" hash="FF-45-A8-B6-25-01-D4-BA-80-B4-37-2A-27-21-FC-2E-2D-6F-6E-20">
      <ModulePath>C:\Program Files\dotnet\shared\Microsoft.NETCore.App\2.1.0-preview2-26406-04\System.Security.Cryptography.Algorithms.dll</ModulePath>
      <ModuleTime>2018-04-06T04:48:30Z</ModuleTime>
      <ModuleName>System.Security.Cryptography.Algorithms</ModuleName>
      <Classes />
    </Module>
    <Module skippedDueTo="Filter" hash="74-1A-C7-4D-14-9E-5E-F7-00-23-45-BF-7D-D6-00-62-FF-9F-B6-B6">
      <ModulePath>C:\Program Files\dotnet\shared\Microsoft.NETCore.App\2.1.0-preview2-26406-04\System.Security.Cryptography.Primitives.dll</ModulePath>
      <ModuleTime>2018-04-06T04:48:30Z</ModuleTime>
      <ModuleName>System.Security.Cryptography.Primitives</ModuleName>
      <Classes />
    </Module>
    <Module skippedDueTo="MissingPdb" hash="31-79-7F-E5-F8-07-4B-93-CB-B5-EB-C7-49-4C-02-91-1F-75-09-58">
      <ModulePath>C:\Program Files\dotnet\shared\Microsoft.NETCore.App\2.1.0-preview2-26406-04\Microsoft.Win32.Registry.dll</ModulePath>
      <ModuleTime>2018-04-06T04:48:22Z</ModuleTime>
      <ModuleName>Microsoft.Win32.Registry</ModuleName>
      <Classes />
    </Module>
    <Module skippedDueTo="Filter" hash="7A-B3-CA-6D-5B-BE-4B-ED-2E-99-B6-30-7A-2A-72-90-0F-2F-C4-D2">
      <ModulePath>C:\Program Files\dotnet\shared\Microsoft.NETCore.App\2.1.0-preview2-26406-04\System.Resources.ResourceManager.dll</ModulePath>
      <ModuleTime>2018-04-06T04:48:30Z</ModuleTime>
      <ModuleName>System.Resources.ResourceManager</ModuleName>
      <Classes />
    </Module>
    <Module skippedDueTo="MissingPdb" hash="6A-0A-70-D0-F3-DF-39-B6-99-51-4A-D9-50-A6-62-8D-EA-88-76-19">
      <ModulePath>C:\Program Files\dotnet\sdk\2.1.300-preview2-008533\ru\Microsoft.Build.resources.dll</ModulePath>
      <ModuleTime>2018-04-12T06:36:10Z</ModuleTime>
      <ModuleName>Microsoft.Build.resources</ModuleName>
      <Classes />
    </Module>
    <Module skippedDueTo="Filter" hash="CA-83-3D-E8-C5-90-AC-33-4B-0F-C7-CB-9B-1D-AF-3A-0F-4C-50-66">
      <ModulePath>C:\Program Files\dotnet\shared\Microsoft.NETCore.App\2.1.0-preview2-26406-04\System.ObjectModel.dll</ModulePath>
      <ModuleTime>2018-04-06T04:48:28Z</ModuleTime>
      <ModuleName>System.ObjectModel</ModuleName>
      <Classes />
    </Module>
    <Module skippedDueTo="Filter" hash="A4-5A-B6-3A-C0-61-01-22-6B-6A-9B-70-F9-DE-66-BF-37-8F-4D-2A">
      <ModulePath>C:\Program Files\dotnet\shared\Microsoft.NETCore.App\2.1.0-preview2-26406-04\System.Threading.Thread.dll</ModulePath>
      <ModuleTime>2018-04-06T04:48:32Z</ModuleTime>
      <ModuleName>System.Threading.Thread</ModuleName>
      <Classes />
    </Module>
    <Module skippedDueTo="Filter" hash="21-AE-5C-1C-C5-69-52-18-4F-07-0F-30-2D-5D-8D-E3-B0-4A-56-DF">
      <ModulePath>C:\Program Files\dotnet\shared\Microsoft.NETCore.App\2.1.0-preview2-26406-04\System.Diagnostics.TraceSource.dll</ModulePath>
      <ModuleTime>2018-04-06T04:48:24Z</ModuleTime>
      <ModuleName>System.Diagnostics.TraceSource</ModuleName>
      <Classes />
    </Module>
    <Module skippedDueTo="Filter" hash="4F-6E-1C-40-89-81-2E-C2-17-E6-31-67-7D-85-DF-15-CD-93-1D-1C">
      <ModulePath>C:\Program Files\dotnet\shared\Microsoft.NETCore.App\2.1.0-preview2-26406-04\System.Runtime.Loader.dll</ModulePath>
      <ModuleTime>2018-04-06T04:48:30Z</ModuleTime>
      <ModuleName>System.Runtime.Loader</ModuleName>
      <Classes />
    </Module>
    <Module skippedDueTo="MissingPdb" hash="F9-A0-D3-C9-9E-17-58-3C-8D-56-12-9C-44-3C-E2-D1-78-A9-59-1A">
      <ModulePath>C:\Program Files\dotnet\sdk\2.1.300-preview2-008533\SdkResolvers\NuGet.MSBuildSdkResolver\NuGet.MSBuildSdkResolver.dll</ModulePath>
      <ModuleTime>2018-04-12T06:37:38Z</ModuleTime>
      <ModuleName>NuGet.MSBuildSdkResolver</ModuleName>
      <Classes />
    </Module>
    <Module skippedDueTo="Filter" hash="19-7A-19-ED-72-8D-4B-EE-EC-2D-95-CC-07-FF-20-3C-C4-2F-C0-1E">
      <ModulePath>C:\Program Files\dotnet\shared\Microsoft.NETCore.App\2.1.0-preview2-26406-04\System.Diagnostics.FileVersionInfo.dll</ModulePath>
      <ModuleTime>2018-04-06T04:48:24Z</ModuleTime>
      <ModuleName>System.Diagnostics.FileVersionInfo</ModuleName>
      <Classes />
    </Module>
    <Module skippedDueTo="Filter" hash="4B-C5-42-C2-83-3F-E6-8F-C7-C1-46-5E-AD-1D-F7-02-79-1B-65-39">
      <ModulePath>C:\Program Files\dotnet\shared\Microsoft.NETCore.App\2.1.0-preview2-26406-04\System.Collections.Immutable.dll</ModulePath>
      <ModuleTime>2018-04-06T04:48:22Z</ModuleTime>
      <ModuleName>System.Collections.Immutable</ModuleName>
      <Classes />
    </Module>
    <Module skippedDueTo="Filter" hash="BF-EB-75-F9-DE-6E-5B-F4-96-3C-A4-22-D0-EE-A4-1B-53-05-FE-47">
      <ModulePath>C:\Program Files\dotnet\shared\Microsoft.NETCore.App\2.1.0-preview2-26406-04\System.Threading.Tasks.Parallel.dll</ModulePath>
      <ModuleTime>2018-04-06T04:48:30Z</ModuleTime>
      <ModuleName>System.Threading.Tasks.Parallel</ModuleName>
      <Classes />
    </Module>
    <Module skippedDueTo="MissingPdb" hash="AE-3A-DD-4C-B0-EB-DE-F9-24-00-72-6A-DD-3E-21-11-4C-32-AF-CD">
      <ModulePath>C:\Program Files\dotnet\sdk\2.1.300-preview2-008533\Microsoft.Build.Utilities.Core.dll</ModulePath>
      <ModuleTime>2018-04-12T06:35:54Z</ModuleTime>
      <ModuleName>Microsoft.Build.Utilities.Core</ModuleName>
      <Classes />
    </Module>
    <Module skippedDueTo="Filter" hash="FD-FC-6C-39-B0-BD-1C-AE-F6-86-F3-AB-FC-AE-D9-82-DF-BA-ED-47">
      <ModulePath>C:\Program Files\dotnet\shared\Microsoft.NETCore.App\2.1.0-preview2-26406-04\System.Reflection.Emit.ILGeneration.dll</ModulePath>
      <ModuleTime>2018-04-06T04:48:30Z</ModuleTime>
      <ModuleName>System.Reflection.Emit.ILGeneration</ModuleName>
      <Classes />
    </Module>
    <Module skippedDueTo="Filter" hash="72-1F-33-18-71-F4-B4-07-89-24-6F-3E-C3-B2-A1-8D-1B-24-26-CF">
      <ModulePath>C:\Program Files\dotnet\shared\Microsoft.NETCore.App\2.1.0-preview2-26406-04\System.Reflection.Emit.Lightweight.dll</ModulePath>
      <ModuleTime>2018-04-06T04:48:30Z</ModuleTime>
      <ModuleName>System.Reflection.Emit.Lightweight</ModuleName>
      <Classes />
    </Module>
    <Module skippedDueTo="Filter" hash="B2-BD-FE-1B-00-67-98-B4-B2-80-A6-81-07-8D-22-8B-B0-F4-55-9B">
      <ModulePath>C:\Program Files\dotnet\shared\Microsoft.NETCore.App\2.1.0-preview2-26406-04\System.Reflection.Primitives.dll</ModulePath>
      <ModuleTime>2018-04-06T04:48:30Z</ModuleTime>
      <ModuleName>System.Reflection.Primitives</ModuleName>
      <Classes />
    </Module>
    <Module skippedDueTo="MissingPdb" hash="21-64-F8-5E-16-BE-4C-68-AE-68-92-CB-4D-B1-F5-B0-0E-AB-A2-90">
      <ModulePath>C:\Program Files\dotnet\sdk\2.1.300-preview2-008533\Microsoft.Build.Tasks.Core.dll</ModulePath>
      <ModuleTime>2018-04-12T06:35:56Z</ModuleTime>
      <ModuleName>Microsoft.Build.Tasks.Core</ModuleName>
      <Classes />
    </Module>
    <Module skippedDueTo="MissingPdb" hash="4B-EA-B5-07-FB-07-AE-DE-7E-99-F1-BE-66-6B-B0-0E-0E-00-79-42">
      <ModulePath>C:\Program Files\dotnet\sdk\2.1.300-preview2-008533\Microsoft.TestPlatform.Build.dll</ModulePath>
      <ModuleTime>2018-04-12T06:35:54Z</ModuleTime>
      <ModuleName>Microsoft.TestPlatform.Build</ModuleName>
      <Classes />
    </Module>
    <Module skippedDueTo="MissingPdb" hash="BA-B3-FE-26-5D-C7-CB-3F-D7-CD-4B-62-86-91-B1-8B-6A-0E-75-EC">
      <ModulePath>C:\Program Files\dotnet\sdk\2.1.300-preview2-008533\ru\Microsoft.TestPlatform.Build.resources.dll</ModulePath>
      <ModuleTime>2018-04-12T06:35:38Z</ModuleTime>
      <ModuleName>Microsoft.TestPlatform.Build.resources</ModuleName>
      <Classes />
    </Module>
    <Module skippedDueTo="MissingPdb" hash="33-8C-16-F6-85-34-CE-D1-B0-A7-9B-8B-27-CC-55-17-4B-C2-BA-BF">
      <ModulePath>C:\Program Files\dotnet\shared\Microsoft.NETCore.App\2.1.0-preview2-26406-04\Microsoft.Win32.Primitives.dll</ModulePath>
      <ModuleTime>2018-04-06T04:48:22Z</ModuleTime>
      <ModuleName>Microsoft.Win32.Primitives</ModuleName>
      <Classes />
    </Module>
    <Module skippedDueTo="Filter" hash="B3-F8-F2-D4-2C-AA-34-FF-4A-96-15-8E-D0-B3-46-B4-5D-B9-81-B8">
      <ModulePath>C:\Program Files\dotnet\shared\Microsoft.NETCore.App\2.1.0-preview2-26406-04\System.Private.CoreLib.dll</ModulePath>
      <ModuleTime>2018-04-06T04:48:32Z</ModuleTime>
      <ModuleName>System.Private.CoreLib</ModuleName>
      <Classes />
    </Module>
    <Module skippedDueTo="MissingPdb" hash="91-D9-9D-89-CE-78-62-DD-CA-79-E7-85-EC-DD-E6-F0-7A-E9-41-AD">
      <ModulePath>C:\Program Files\dotnet\sdk\2.1.300-preview2-008533\vstest.console.dll</ModulePath>
      <ModuleTime>2018-04-12T06:38:08Z</ModuleTime>
      <ModuleName>vstest.console</ModuleName>
      <Classes />
    </Module>
    <Module skippedDueTo="Filter" hash="0B-FC-65-B5-A4-B7-42-EA-1B-B4-FA-4A-6B-6A-AB-8D-D2-B1-A2-F4">
      <ModulePath>C:\Program Files\dotnet\shared\Microsoft.NETCore.App\2.1.0-preview2-26406-04\System.Runtime.dll</ModulePath>
      <ModuleTime>2018-04-06T04:48:30Z</ModuleTime>
      <ModuleName>System.Runtime</ModuleName>
      <Classes />
    </Module>
    <Module skippedDueTo="Filter" hash="37-A8-09-B7-DC-6B-03-58-23-BD-F3-52-20-9C-BA-06-79-38-7B-94">
      <ModulePath>C:\Program Files\dotnet\shared\Microsoft.NETCore.App\2.1.0-preview2-26406-04\System.Diagnostics.Process.dll</ModulePath>
      <ModuleTime>2018-04-06T04:48:24Z</ModuleTime>
      <ModuleName>System.Diagnostics.Process</ModuleName>
      <Classes />
    </Module>
    <Module skippedDueTo="Filter" hash="C4-76-47-2A-A1-61-4B-E2-F7-30-F4-0D-11-3C-EC-BE-9F-38-BE-48">
      <ModulePath>C:\Program Files\dotnet\shared\Microsoft.NETCore.App\2.1.0-preview2-26406-04\System.ComponentModel.Primitives.dll</ModulePath>
      <ModuleTime>2018-04-06T04:48:22Z</ModuleTime>
      <ModuleName>System.ComponentModel.Primitives</ModuleName>
      <Classes />
    </Module>
    <Module skippedDueTo="Filter" hash="A3-81-34-AF-73-8B-BB-9D-19-7E-30-D0-FA-23-02-D5-49-67-31-AD">
      <ModulePath>C:\Program Files\dotnet\shared\Microsoft.NETCore.App\2.1.0-preview2-26406-04\System.Runtime.Extensions.dll</ModulePath>
      <ModuleTime>2018-04-06T04:48:30Z</ModuleTime>
      <ModuleName>System.Runtime.Extensions</ModuleName>
      <Classes />
    </Module>
    <Module skippedDueTo="MissingPdb" hash="4C-79-5F-0E-5A-3A-B6-BA-A9-2D-89-7D-16-A2-F2-90-7E-7E-12-F3">
      <ModulePath>C:\Program Files\dotnet\sdk\2.1.300-preview2-008533\Microsoft.TestPlatform.CoreUtilities.dll</ModulePath>
      <ModuleTime>2018-04-12T06:35:54Z</ModuleTime>
      <ModuleName>Microsoft.TestPlatform.CoreUtilities</ModuleName>
      <Classes />
    </Module>
    <Module skippedDueTo="Filter" hash="48-E9-1C-3B-73-6D-A9-C3-BA-91-D0-AC-8B-E9-E0-94-ED-24-35-60">
      <ModulePath>C:\Program Files\dotnet\shared\Microsoft.NETCore.App\2.1.0-preview2-26406-04\System.Diagnostics.Debug.dll</ModulePath>
      <ModuleTime>2018-04-06T04:48:24Z</ModuleTime>
      <ModuleName>System.Diagnostics.Debug</ModuleName>
      <Classes />
    </Module>
    <Module skippedDueTo="Filter" hash="A4-5A-B6-3A-C0-61-01-22-6B-6A-9B-70-F9-DE-66-BF-37-8F-4D-2A">
      <ModulePath>C:\Program Files\dotnet\shared\Microsoft.NETCore.App\2.1.0-preview2-26406-04\System.Threading.Thread.dll</ModulePath>
      <ModuleTime>2018-04-06T04:48:32Z</ModuleTime>
      <ModuleName>System.Threading.Thread</ModuleName>
      <Classes />
    </Module>
    <Module skippedDueTo="Filter" hash="BD-FE-B5-7B-5B-0C-F7-A6-39-F3-D1-5F-CD-7B-B1-1F-1C-E3-6D-92">
      <ModulePath>C:\Program Files\dotnet\shared\Microsoft.NETCore.App\2.1.0-preview2-26406-04\System.Threading.dll</ModulePath>
      <ModuleTime>2018-04-06T04:48:32Z</ModuleTime>
      <ModuleName>System.Threading</ModuleName>
      <Classes />
    </Module>
    <Module skippedDueTo="Filter" hash="CC-72-D0-A6-0E-74-D6-2B-D8-D8-0C-94-7F-1A-89-AC-38-31-5F-3D">
      <ModulePath>C:\Program Files\dotnet\shared\Microsoft.NETCore.App\2.1.0-preview2-26406-04\System.Console.dll</ModulePath>
      <ModuleTime>2018-04-06T04:48:24Z</ModuleTime>
      <ModuleName>System.Console</ModuleName>
      <Classes />
    </Module>
    <Module skippedDueTo="Filter" hash="26-51-2A-6F-FF-87-10-1E-9C-FC-C3-8B-14-4E-F9-AF-23-72-A7-FE">
      <ModulePath>C:\Program Files\dotnet\shared\Microsoft.NETCore.App\2.1.0-preview2-26406-04\System.IO.dll</ModulePath>
      <ModuleTime>2018-04-06T04:48:26Z</ModuleTime>
      <ModuleName>System.IO</ModuleName>
      <Classes />
    </Module>
    <Module skippedDueTo="Filter" hash="8D-2E-5A-87-16-6B-74-28-59-8C-7D-70-6C-4F-05-DA-D9-19-60-C4">
      <ModulePath>C:\Program Files\dotnet\shared\Microsoft.NETCore.App\2.1.0-preview2-26406-04\System.Text.Encoding.Extensions.dll</ModulePath>
      <ModuleTime>2018-04-06T04:48:30Z</ModuleTime>
      <ModuleName>System.Text.Encoding.Extensions</ModuleName>
      <Classes />
    </Module>
    <Module skippedDueTo="Filter" hash="FF-DC-76-EA-29-EC-E9-0E-A5-90-D2-44-70-EA-70-50-97-BB-D2-D3">
      <ModulePath>C:\Program Files\dotnet\shared\Microsoft.NETCore.App\2.1.0-preview2-26406-04\System.Diagnostics.Tracing.dll</ModulePath>
      <ModuleTime>2018-04-06T04:48:24Z</ModuleTime>
      <ModuleName>System.Diagnostics.Tracing</ModuleName>
      <Classes />
    </Module>
    <Module skippedDueTo="Filter" hash="A1-EB-2A-FB-43-5E-34-2C-51-FD-2C-32-2D-82-B6-D2-8D-1F-8D-C8">
      <ModulePath>C:\Program Files\dotnet\shared\Microsoft.NETCore.App\2.1.0-preview2-26406-04\System.Collections.dll</ModulePath>
      <ModuleTime>2018-04-06T04:48:22Z</ModuleTime>
      <ModuleName>System.Collections</ModuleName>
      <Classes />
    </Module>
    <Module skippedDueTo="MissingPdb" hash="01-E1-BC-20-05-00-ED-CA-E2-EE-BE-02-6F-55-1F-DD-E5-F1-F6-7A">
      <ModulePath>C:\Program Files\dotnet\sdk\2.1.300-preview2-008533\Microsoft.VisualStudio.TestPlatform.ObjectModel.dll</ModulePath>
      <ModuleTime>2018-04-12T06:35:54Z</ModuleTime>
      <ModuleName>Microsoft.VisualStudio.TestPlatform.ObjectModel</ModuleName>
      <Classes />
    </Module>
    <Module skippedDueTo="MissingPdb" hash="BD-B0-06-80-F1-E6-03-21-17-56-C9-B4-FC-08-01-15-68-A1-AF-42">
      <ModulePath>C:\Program Files\dotnet\sdk\2.1.300-preview2-008533\Microsoft.VisualStudio.TestPlatform.Client.dll</ModulePath>
      <ModuleTime>2018-04-12T06:35:54Z</ModuleTime>
      <ModuleName>Microsoft.VisualStudio.TestPlatform.Client</ModuleName>
      <Classes />
    </Module>
    <Module skippedDueTo="MissingPdb" hash="4B-D5-45-98-48-62-7A-85-56-3F-BF-8F-E8-02-45-F7-F8-51-5E-AB">
      <ModulePath>C:\Program Files\dotnet\sdk\2.1.300-preview2-008533\Microsoft.VisualStudio.TestPlatform.Common.dll</ModulePath>
      <ModuleTime>2018-04-12T06:35:54Z</ModuleTime>
      <ModuleName>Microsoft.VisualStudio.TestPlatform.Common</ModuleName>
      <Classes />
    </Module>
    <Module skippedDueTo="Filter" hash="31-28-69-E8-BD-F9-F8-04-76-68-5B-2E-0B-7A-DD-C7-B4-D7-36-85">
      <ModulePath>C:\Program Files\dotnet\shared\Microsoft.NETCore.App\2.1.0-preview2-26406-04\System.Linq.dll</ModulePath>
      <ModuleTime>2018-04-06T04:48:26Z</ModuleTime>
      <ModuleName>System.Linq</ModuleName>
      <Classes />
    </Module>
    <Module skippedDueTo="Filter" hash="82-A9-25-54-87-7F-15-2B-91-86-04-F9-1A-A6-AE-25-1E-4E-40-C1">
      <ModulePath>C:\Program Files\dotnet\shared\Microsoft.NETCore.App\2.1.0-preview2-26406-04\System.Runtime.InteropServices.dll</ModulePath>
      <ModuleTime>2018-04-06T04:48:30Z</ModuleTime>
      <ModuleName>System.Runtime.InteropServices</ModuleName>
      <Classes />
    </Module>
    <Module skippedDueTo="Filter" hash="7A-B3-CA-6D-5B-BE-4B-ED-2E-99-B6-30-7A-2A-72-90-0F-2F-C4-D2">
      <ModulePath>C:\Program Files\dotnet\shared\Microsoft.NETCore.App\2.1.0-preview2-26406-04\System.Resources.ResourceManager.dll</ModulePath>
      <ModuleTime>2018-04-06T04:48:30Z</ModuleTime>
      <ModuleName>System.Resources.ResourceManager</ModuleName>
      <Classes />
    </Module>
    <Module skippedDueTo="MissingPdb" hash="A4-E3-A2-26-E7-77-EF-E0-CC-F4-F3-4A-1A-67-11-3D-69-DB-9F-65">
      <ModulePath>C:\Program Files\dotnet\sdk\2.1.300-preview2-008533\ru\vstest.console.resources.dll</ModulePath>
      <ModuleTime>2018-04-12T06:37:38Z</ModuleTime>
      <ModuleName>vstest.console.resources</ModuleName>
      <Classes />
    </Module>
    <Module skippedDueTo="Filter" hash="93-40-D1-8E-2B-7A-4E-EC-DC-40-3D-02-18-82-CF-FC-B2-8E-0F-1E">
      <ModulePath>C:\Program Files\dotnet\shared\Microsoft.NETCore.App\2.1.0-preview2-26406-04\System.IO.FileSystem.Primitives.dll</ModulePath>
      <ModuleTime>2018-04-06T04:48:26Z</ModuleTime>
      <ModuleName>System.IO.FileSystem.Primitives</ModuleName>
      <Classes />
    </Module>
    <Module skippedDueTo="Filter" hash="5C-00-65-01-B2-AA-D6-54-98-E3-91-D1-41-FB-17-CE-6B-C3-CC-40">
      <ModulePath>C:\Program Files\dotnet\shared\Microsoft.NETCore.App\2.1.0-preview2-26406-04\System.IO.FileSystem.dll</ModulePath>
      <ModuleTime>2018-04-06T04:48:26Z</ModuleTime>
      <ModuleName>System.IO.FileSystem</ModuleName>
      <Classes />
    </Module>
    <Module skippedDueTo="Filter" hash="CF-AA-49-58-5E-34-BA-FB-B8-29-A2-E9-E1-68-12-16-E2-4B-9A-40">
      <ModulePath>C:\Program Files\dotnet\shared\Microsoft.NETCore.App\2.1.0-preview2-26406-04\System.Xml.ReaderWriter.dll</ModulePath>
      <ModuleTime>2018-04-06T04:48:32Z</ModuleTime>
      <ModuleName>System.Xml.ReaderWriter</ModuleName>
      <Classes />
    </Module>
    <Module skippedDueTo="Filter" hash="85-37-D6-E5-98-92-89-AF-2B-6B-F3-C9-EF-F9-19-8D-15-02-C7-EC">
      <ModulePath>C:\Program Files\dotnet\shared\Microsoft.NETCore.App\2.1.0-preview2-26406-04\System.Private.Xml.dll</ModulePath>
      <ModuleTime>2018-04-06T04:48:28Z</ModuleTime>
      <ModuleName>System.Private.Xml</ModuleName>
      <Classes />
    </Module>
    <Module skippedDueTo="MissingPdb" hash="EA-93-A8-39-BC-C8-6B-79-A4-56-74-62-B7-70-D6-E5-BC-E4-B3-76">
      <ModulePath>C:\Program Files\dotnet\sdk\2.1.300-preview2-008533\Microsoft.TestPlatform.PlatformAbstractions.dll</ModulePath>
      <ModuleTime>2018-04-12T06:35:54Z</ModuleTime>
      <ModuleName>Microsoft.TestPlatform.PlatformAbstractions</ModuleName>
      <Classes />
    </Module>
    <Module skippedDueTo="Filter" hash="AF-A8-63-B1-BB-8A-CB-85-C7-E9-65-FE-25-56-E1-A7-A3-18-69-74">
      <ModulePath>C:\Program Files\dotnet\shared\Microsoft.NETCore.App\2.1.0-preview2-26406-04\System.Xml.XmlDocument.dll</ModulePath>
      <ModuleTime>2018-04-06T04:48:32Z</ModuleTime>
      <ModuleName>System.Xml.XmlDocument</ModuleName>
      <Classes />
    </Module>
    <Module skippedDueTo="MissingPdb" hash="A2-A9-C4-7D-E0-17-08-39-F5-AA-10-C2-6A-F3-FE-08-D5-AE-BC-D4">
      <ModulePath>C:\Program Files\dotnet\sdk\2.1.300-preview2-008533\Microsoft.TestPlatform.Utilities.dll</ModulePath>
      <ModuleTime>2018-04-12T06:35:54Z</ModuleTime>
      <ModuleName>Microsoft.TestPlatform.Utilities</ModuleName>
      <Classes />
    </Module>
    <Module skippedDueTo="Filter" hash="27-65-0A-5C-1E-BC-5B-C1-EF-98-EA-BE-16-26-10-AB-20-2B-60-8F">
      <ModulePath>C:\Program Files\dotnet\shared\Microsoft.NETCore.App\2.1.0-preview2-26406-04\System.Runtime.InteropServices.RuntimeInformation.dll</ModulePath>
      <ModuleTime>2018-04-06T04:48:30Z</ModuleTime>
      <ModuleName>System.Runtime.InteropServices.RuntimeInformation</ModuleName>
      <Classes />
    </Module>
    <Module skippedDueTo="Filter" hash="B9-F9-53-F4-63-A8-A8-4B-AC-70-BD-A2-6E-CC-D7-5B-0C-2C-9F-CD">
      <ModulePath>C:\Program Files\dotnet\shared\Microsoft.NETCore.App\2.1.0-preview2-26406-04\System.Private.Uri.dll</ModulePath>
      <ModuleTime>2018-04-06T04:48:28Z</ModuleTime>
      <ModuleName>System.Private.Uri</ModuleName>
      <Classes />
    </Module>
    <Module skippedDueTo="Filter" hash="00-CF-21-2F-E3-5F-4F-67-CD-D3-FA-33-6D-F1-7C-91-6D-78-1F-EB">
      <ModulePath>C:\Program Files\dotnet\shared\Microsoft.NETCore.App\2.1.0-preview2-26406-04\System.Memory.dll</ModulePath>
      <ModuleTime>2018-04-06T04:48:26Z</ModuleTime>
      <ModuleName>System.Memory</ModuleName>
      <Classes />
    </Module>
    <Module skippedDueTo="Filter" hash="FF-45-A8-B6-25-01-D4-BA-80-B4-37-2A-27-21-FC-2E-2D-6F-6E-20">
      <ModulePath>C:\Program Files\dotnet\shared\Microsoft.NETCore.App\2.1.0-preview2-26406-04\System.Security.Cryptography.Algorithms.dll</ModulePath>
      <ModuleTime>2018-04-06T04:48:30Z</ModuleTime>
      <ModuleName>System.Security.Cryptography.Algorithms</ModuleName>
      <Classes />
    </Module>
    <Module skippedDueTo="Filter" hash="97-A2-88-44-1C-CD-D1-FF-46-CF-90-85-40-BD-B8-81-46-13-2E-9B">
      <ModulePath>C:\Program Files\dotnet\sdk\2.1.300-preview2-008533\System.Xml.XPath.XmlDocument.dll</ModulePath>
      <ModuleTime>2018-04-12T06:33:40Z</ModuleTime>
      <ModuleName>System.Xml.XPath.XmlDocument</ModuleName>
      <Classes />
    </Module>
    <Module skippedDueTo="Filter" hash="E4-B1-E6-41-F8-AE-D6-28-E9-34-F9-F5-47-47-BF-BB-17-62-B1-39">
      <ModulePath>C:\Program Files\dotnet\shared\Microsoft.NETCore.App\2.1.0-preview2-26406-04\System.Xml.XPath.dll</ModulePath>
      <ModuleTime>2018-04-06T04:48:32Z</ModuleTime>
      <ModuleName>System.Xml.XPath</ModuleName>
      <Classes />
    </Module>
    <Module skippedDueTo="Filter" hash="2E-FB-8A-0A-37-C1-8A-D8-75-9D-5D-E6-35-28-5D-F6-BE-17-13-47">
      <ModulePath>C:\Program Files\dotnet\shared\Microsoft.NETCore.App\2.1.0-preview2-26406-04\System.Globalization.dll</ModulePath>
      <ModuleTime>2018-04-06T04:48:24Z</ModuleTime>
      <ModuleName>System.Globalization</ModuleName>
      <Classes />
    </Module>
    <Module skippedDueTo="Filter" hash="21-AE-5C-1C-C5-69-52-18-4F-07-0F-30-2D-5D-8D-E3-B0-4A-56-DF">
      <ModulePath>C:\Program Files\dotnet\shared\Microsoft.NETCore.App\2.1.0-preview2-26406-04\System.Diagnostics.TraceSource.dll</ModulePath>
      <ModuleTime>2018-04-06T04:48:24Z</ModuleTime>
      <ModuleName>System.Diagnostics.TraceSource</ModuleName>
      <Classes />
    </Module>
    <Module skippedDueTo="Filter" hash="0F-22-77-B6-6F-2E-09-B1-E5-6A-9D-DF-32-34-BD-B7-34-AD-14-B7">
      <ModulePath>C:\Program Files\dotnet\shared\Microsoft.NETCore.App\2.1.0-preview2-26406-04\System.Collections.NonGeneric.dll</ModulePath>
      <ModuleTime>2018-04-06T04:48:22Z</ModuleTime>
      <ModuleName>System.Collections.NonGeneric</ModuleName>
      <Classes />
    </Module>
    <Module skippedDueTo="MissingPdb" hash="5F-54-42-58-7D-7F-36-73-8D-EC-43-54-95-96-3B-11-90-31-E5-6D">
      <ModulePath>C:\Program Files\dotnet\sdk\2.1.300-preview2-008533\Microsoft.TestPlatform.CrossPlatEngine.dll</ModulePath>
      <ModuleTime>2018-04-12T06:35:54Z</ModuleTime>
      <ModuleName>Microsoft.TestPlatform.CrossPlatEngine</ModuleName>
      <Classes />
    </Module>
    <Module skippedDueTo="Filter" hash="BA-3F-FE-48-58-5E-D3-C6-77-88-5C-E9-65-F2-56-03-34-EE-94-14">
      <ModulePath>C:\Program Files\dotnet\shared\Microsoft.NETCore.App\2.1.0-preview2-26406-04\System.Reflection.dll</ModulePath>
      <ModuleTime>2018-04-06T04:48:30Z</ModuleTime>
      <ModuleName>System.Reflection</ModuleName>
      <Classes />
    </Module>
    <Module skippedDueTo="Filter" hash="1A-91-D1-29-E7-A8-5B-3C-9A-4E-AF-C6-E8-20-E1-2D-00-32-6D-6D">
      <ModulePath>C:\Program Files\dotnet\shared\Microsoft.NETCore.App\2.1.0-preview2-26406-04\System.Buffers.dll</ModulePath>
      <ModuleTime>2018-04-06T04:48:22Z</ModuleTime>
      <ModuleName>System.Buffers</ModuleName>
      <Classes />
    </Module>
    <Module skippedDueTo="Filter" hash="6E-10-5C-7E-C6-B0-AB-A2-55-CA-69-88-96-32-11-CD-F2-74-24-DE">
      <ModulePath>C:\Program Files\dotnet\shared\Microsoft.NETCore.App\2.1.0-preview2-26406-04\System.Threading.Tasks.dll</ModulePath>
      <ModuleTime>2018-04-06T04:48:32Z</ModuleTime>
      <ModuleName>System.Threading.Tasks</ModuleName>
      <Classes />
    </Module>
    <Module skippedDueTo="Filter" hash="4F-6E-1C-40-89-81-2E-C2-17-E6-31-67-7D-85-DF-15-CD-93-1D-1C">
      <ModulePath>C:\Program Files\dotnet\shared\Microsoft.NETCore.App\2.1.0-preview2-26406-04\System.Runtime.Loader.dll</ModulePath>
      <ModuleTime>2018-04-06T04:48:30Z</ModuleTime>
      <ModuleName>System.Runtime.Loader</ModuleName>
      <Classes />
    </Module>
    <Module skippedDueTo="MissingPdb" hash="55-67-E3-A0-83-16-5E-B5-74-18-6C-AF-A2-1C-01-50-B9-C3-23-20">
      <ModulePath>C:\Program Files\dotnet\sdk\2.1.300-preview2-008533\Extensions\Microsoft.TestPlatform.Extensions.BlameDataCollector.dll</ModulePath>
      <ModuleTime>2018-04-12T06:33:46Z</ModuleTime>
      <ModuleName>Microsoft.TestPlatform.Extensions.BlameDataCollector</ModuleName>
      <Classes />
    </Module>
    <Module skippedDueTo="Filter" hash="A8-D9-84-A0-CB-B8-CF-2C-5B-56-BE-59-4E-56-4D-FE-56-65-9A-BD">
      <ModulePath>C:\Program Files\dotnet\shared\Microsoft.NETCore.App\2.1.0-preview2-26406-04\System.Reflection.TypeExtensions.dll</ModulePath>
      <ModuleTime>2018-04-06T04:48:30Z</ModuleTime>
      <ModuleName>System.Reflection.TypeExtensions</ModuleName>
      <Classes />
    </Module>
    <Module skippedDueTo="MissingPdb" hash="D1-68-11-CB-2C-EE-D9-6A-CF-5D-15-0F-80-06-B9-15-3C-C6-E5-DF">
      <ModulePath>C:\Program Files\dotnet\sdk\2.1.300-preview2-008533\Extensions\Microsoft.TestPlatform.Extensions.EventLogCollector.dll</ModulePath>
      <ModuleTime>2018-04-12T06:32:40Z</ModuleTime>
      <ModuleName>Microsoft.TestPlatform.Extensions.EventLogCollector</ModuleName>
      <Classes />
    </Module>
    <Module skippedDueTo="Filter" hash="E9-2C-67-6B-A8-66-19-89-9B-D3-76-13-1A-4D-DA-71-A7-F9-B8-3B">
      <ModulePath>C:\Program Files\dotnet\shared\Microsoft.NETCore.App\2.1.0-preview2-26406-04\mscorlib.dll</ModulePath>
      <ModuleTime>2018-04-06T04:48:22Z</ModuleTime>
      <ModuleName>mscorlib</ModuleName>
      <Classes />
    </Module>
    <Module skippedDueTo="Filter" hash="6F-5A-3C-8C-C5-2E-D9-A6-39-90-8E-2E-B0-3E-AA-E0-B8-78-3D-9A">
      <ModulePath>C:\Program Files\dotnet\shared\Microsoft.NETCore.App\2.1.0-preview2-26406-04\System.Xml.dll</ModulePath>
      <ModuleTime>2018-04-06T04:48:32Z</ModuleTime>
      <ModuleName>System.Xml</ModuleName>
      <Classes />
    </Module>
    <Module skippedDueTo="MissingPdb" hash="7A-F0-EC-0E-2A-F6-CE-DE-D3-C4-AB-BA-D4-35-40-89-53-5C-D5-0D">
      <ModulePath>C:\Program Files\dotnet\sdk\2.1.300-preview2-008533\Extensions\Microsoft.TestPlatform.TestHostRuntimeProvider.dll</ModulePath>
      <ModuleTime>2018-04-12T06:33:36Z</ModuleTime>
      <ModuleName>Microsoft.TestPlatform.TestHostRuntimeProvider</ModuleName>
      <Classes />
    </Module>
    <Module skippedDueTo="Filter" hash="29-80-CD-BE-51-C5-3B-B8-4D-37-94-09-40-9B-E1-F1-B7-A9-B0-5C">
      <ModulePath>C:\Program Files\dotnet\shared\Microsoft.NETCore.App\2.1.0-preview2-26406-04\System.Reflection.Extensions.dll</ModulePath>
      <ModuleTime>2018-04-06T04:48:30Z</ModuleTime>
      <ModuleName>System.Reflection.Extensions</ModuleName>
      <Classes />
    </Module>
    <Module skippedDueTo="MissingPdb" hash="A4-8C-51-D5-52-5F-99-1E-CD-59-8F-E7-87-D8-DC-37-20-16-23-CB">
      <ModulePath>C:\Program Files\dotnet\sdk\2.1.300-preview2-008533\Extensions\Microsoft.VisualStudio.TestPlatform.Extensions.Trx.TestLogger.dll</ModulePath>
      <ModuleTime>2018-04-12T06:34:38Z</ModuleTime>
      <ModuleName>Microsoft.VisualStudio.TestPlatform.Extensions.Trx.TestLogger</ModuleName>
      <Classes />
    </Module>
    <Module skippedDueTo="Filter" hash="3E-67-71-D8-AE-6C-75-BF-15-8B-19-0B-1A-96-81-C6-CE-FB-CE-43">
      <ModulePath>C:\Program Files\dotnet\shared\Microsoft.NETCore.App\2.1.0-preview2-26406-04\System.Reflection.Metadata.dll</ModulePath>
      <ModuleTime>2018-04-06T04:48:30Z</ModuleTime>
      <ModuleName>System.Reflection.Metadata</ModuleName>
      <Classes />
    </Module>
    <Module skippedDueTo="Filter" hash="4B-C5-42-C2-83-3F-E6-8F-C7-C1-46-5E-AD-1D-F7-02-79-1B-65-39">
      <ModulePath>C:\Program Files\dotnet\shared\Microsoft.NETCore.App\2.1.0-preview2-26406-04\System.Collections.Immutable.dll</ModulePath>
      <ModuleTime>2018-04-06T04:48:22Z</ModuleTime>
      <ModuleName>System.Collections.Immutable</ModuleName>
      <Classes />
    </Module>
    <Module skippedDueTo="Filter" hash="E2-33-66-FC-7D-48-03-52-46-AC-1D-BC-FE-63-89-A1-34-0A-6C-87">
      <ModulePath>C:\Program Files\dotnet\shared\Microsoft.NETCore.App\2.1.0-preview2-26406-04\System.IO.MemoryMappedFiles.dll</ModulePath>
      <ModuleTime>2018-04-06T04:48:26Z</ModuleTime>
      <ModuleName>System.IO.MemoryMappedFiles</ModuleName>
      <Classes />
    </Module>
    <Module skippedDueTo="MissingPdb" hash="33-8C-16-F6-85-34-CE-D1-B0-A7-9B-8B-27-CC-55-17-4B-C2-BA-BF">
      <ModulePath>C:\Program Files\dotnet\shared\Microsoft.NETCore.App\2.1.0-preview2-26406-04\Microsoft.Win32.Primitives.dll</ModulePath>
      <ModuleTime>2018-04-06T04:48:22Z</ModuleTime>
      <ModuleName>Microsoft.Win32.Primitives</ModuleName>
      <Classes />
    </Module>
    <Module skippedDueTo="Filter" hash="A9-A5-9D-9A-64-83-0C-9D-28-DC-DF-4D-1B-97-F3-C0-48-25-A4-3D">
      <ModulePath>C:\Program Files\dotnet\shared\Microsoft.NETCore.App\2.1.0-preview2-26406-04\System.Collections.Concurrent.dll</ModulePath>
      <ModuleTime>2018-04-06T04:48:22Z</ModuleTime>
      <ModuleName>System.Collections.Concurrent</ModuleName>
      <Classes />
    </Module>
    <Module skippedDueTo="MissingPdb" hash="98-D0-F4-69-48-9F-ED-B3-91-F3-8E-DC-C5-53-3E-B7-F4-52-2A-40">
      <ModulePath>C:\Program Files\dotnet\sdk\2.1.300-preview2-008533\Microsoft.TestPlatform.CommunicationUtilities.dll</ModulePath>
      <ModuleTime>2018-04-12T06:35:54Z</ModuleTime>
      <ModuleName>Microsoft.TestPlatform.CommunicationUtilities</ModuleName>
      <Classes />
    </Module>
    <Module skippedDueTo="MissingPdb" hash="5C-8B-24-2D-BA-12-CC-E0-76-0E-AA-00-0F-C5-F3-1C-07-D6-A4-87">
      <ModulePath>C:\Program Files\dotnet\sdk\2.1.300-preview2-008533\Newtonsoft.Json.dll</ModulePath>
      <ModuleTime>2018-04-12T06:37:40Z</ModuleTime>
      <ModuleName>Newtonsoft.Json</ModuleName>
      <Classes />
    </Module>
    <Module skippedDueTo="Filter" hash="85-F8-99-C2-62-E0-D3-9B-BC-45-D4-66-56-B9-E5-1A-89-3F-75-59">
      <ModulePath>C:\Program Files\dotnet\shared\Microsoft.NETCore.App\2.1.0-preview2-26406-04\System.Runtime.Serialization.Primitives.dll</ModulePath>
      <ModuleTime>2018-04-06T04:48:30Z</ModuleTime>
      <ModuleName>System.Runtime.Serialization.Primitives</ModuleName>
      <Classes />
    </Module>
    <Module skippedDueTo="Filter" hash="C1-ED-CE-76-CF-A8-48-4C-0E-84-C6-77-54-08-38-83-45-1F-4F-69">
      <ModulePath>C:\Program Files\dotnet\shared\Microsoft.NETCore.App\2.1.0-preview2-26406-04\System.Threading.Timer.dll</ModulePath>
      <ModuleTime>2018-04-06T04:48:32Z</ModuleTime>
      <ModuleName>System.Threading.Timer</ModuleName>
      <Classes />
    </Module>
    <Module skippedDueTo="Filter" hash="C2-FE-C3-8C-D8-7D-91-9D-36-EA-4D-1C-6A-D0-EE-FB-89-5C-30-C2">
      <ModulePath>C:\Program Files\dotnet\shared\Microsoft.NETCore.App\2.1.0-preview2-26406-04\System.Net.Primitives.dll</ModulePath>
      <ModuleTime>2018-04-06T04:48:28Z</ModuleTime>
      <ModuleName>System.Net.Primitives</ModuleName>
      <Classes />
    </Module>
    <Module skippedDueTo="Filter" hash="08-F9-78-00-3D-4E-AC-13-7A-22-71-17-3E-BF-AD-8F-B8-EE-77-1C">
      <ModulePath>C:\Program Files\dotnet\shared\Microsoft.NETCore.App\2.1.0-preview2-26406-04\System.Net.Sockets.dll</ModulePath>
      <ModuleTime>2018-04-06T04:48:28Z</ModuleTime>
      <ModuleName>System.Net.Sockets</ModuleName>
      <Classes />
    </Module>
    <Module skippedDueTo="Filter" hash="C5-8D-52-0B-AE-89-67-5F-D6-F3-0F-F6-87-BE-AB-13-17-AC-03-E3">
      <ModulePath>C:\Program Files\dotnet\shared\Microsoft.NETCore.App\2.1.0-preview2-26406-04\System.Threading.Overlapped.dll</ModulePath>
      <ModuleTime>2018-04-06T04:48:30Z</ModuleTime>
      <ModuleName>System.Threading.Overlapped</ModuleName>
      <Classes />
    </Module>
    <Module skippedDueTo="Filter" hash="A8-62-AA-2D-21-BD-61-8F-F6-CD-0A-D3-BB-E9-CB-05-68-89-30-DB">
      <ModulePath>C:\Program Files\dotnet\shared\Microsoft.NETCore.App\2.1.0-preview2-26406-04\System.Net.NameResolution.dll</ModulePath>
      <ModuleTime>2018-04-06T04:48:26Z</ModuleTime>
      <ModuleName>System.Net.NameResolution</ModuleName>
      <Classes />
    </Module>
    <Module skippedDueTo="MissingPdb" hash="39-A0-CC-4D-94-C8-A7-9B-AB-84-BE-EB-62-93-BB-F5-A0-B0-02-C3">
      <ModulePath>C:\Program Files\dotnet\sdk\2.1.300-preview2-008533\Microsoft.Extensions.DependencyModel.dll</ModulePath>
      <ModuleTime>2018-04-12T06:35:54Z</ModuleTime>
      <ModuleName>Microsoft.Extensions.DependencyModel</ModuleName>
      <Classes />
    </Module>
    <Module skippedDueTo="Filter" hash="11-AE-D9-BC-98-CC-19-7D-AB-99-92-94-2F-18-C2-09-E0-42-C1-EF">
      <ModulePath>C:\Program Files\dotnet\shared\Microsoft.NETCore.App\2.1.0-preview2-26406-04\System.Dynamic.Runtime.dll</ModulePath>
      <ModuleTime>2018-04-06T04:48:24Z</ModuleTime>
      <ModuleName>System.Dynamic.Runtime</ModuleName>
      <Classes />
    </Module>
    <Module skippedDueTo="Filter" hash="21-9B-92-12-C6-26-53-6F-02-B2-0B-96-DD-B8-C4-06-27-49-28-5D">
      <ModulePath>C:\Program Files\dotnet\shared\Microsoft.NETCore.App\2.1.0-preview2-26406-04\System.Linq.Expressions.dll</ModulePath>
      <ModuleTime>2018-04-06T04:48:26Z</ModuleTime>
      <ModuleName>System.Linq.Expressions</ModuleName>
      <Classes />
    </Module>
    <Module skippedDueTo="Filter" hash="CA-83-3D-E8-C5-90-AC-33-4B-0F-C7-CB-9B-1D-AF-3A-0F-4C-50-66">
      <ModulePath>C:\Program Files\dotnet\shared\Microsoft.NETCore.App\2.1.0-preview2-26406-04\System.ObjectModel.dll</ModulePath>
      <ModuleTime>2018-04-06T04:48:28Z</ModuleTime>
      <ModuleName>System.ObjectModel</ModuleName>
      <Classes />
    </Module>
    <Module skippedDueTo="Filter" hash="2B-45-D5-82-AC-ED-79-58-8F-0A-E8-AB-6F-31-FD-B5-9C-A7-DD-9C">
      <ModulePath>C:\Program Files\dotnet\shared\Microsoft.NETCore.App\2.1.0-preview2-26406-04\System.Threading.ThreadPool.dll</ModulePath>
      <ModuleTime>2018-04-06T04:48:32Z</ModuleTime>
      <ModuleName>System.Threading.ThreadPool</ModuleName>
      <Classes />
    </Module>
    <Module skippedDueTo="Filter" hash="B3-F8-F2-D4-2C-AA-34-FF-4A-96-15-8E-D0-B3-46-B4-5D-B9-81-B8">
      <ModulePath>C:\Program Files\dotnet\shared\Microsoft.NETCore.App\2.1.0-preview2-26406-04\System.Private.CoreLib.dll</ModulePath>
      <ModuleTime>2018-04-06T04:48:32Z</ModuleTime>
      <ModuleName>System.Private.CoreLib</ModuleName>
      <Classes />
    </Module>
    <Module skippedDueTo="MissingPdb" hash="D9-07-57-1D-B7-C8-A1-2E-5E-37-86-40-00-36-B6-94-7C-CA-A0-49">
      <ModulePath>C:\Users\artur\.nuget\packages\microsoft.testplatform.testhost\15.8.0-preview-20180510-03\lib\netstandard1.5\testhost.dll</ModulePath>
      <ModuleTime>2018-05-10T02:53:38Z</ModuleTime>
      <ModuleName>testhost</ModuleName>
      <Classes />
    </Module>
    <Module skippedDueTo="Filter" hash="0B-FC-65-B5-A4-B7-42-EA-1B-B4-FA-4A-6B-6A-AB-8D-D2-B1-A2-F4">
      <ModulePath>C:\Program Files\dotnet\shared\Microsoft.NETCore.App\2.1.0-preview2-26406-04\System.Runtime.dll</ModulePath>
      <ModuleTime>2018-04-06T04:48:30Z</ModuleTime>
      <ModuleName>System.Runtime</ModuleName>
      <Classes />
    </Module>
    <Module skippedDueTo="MissingPdb" hash="F3-19-E2-2D-98-ED-50-D0-18-B1-54-F5-ED-68-B3-F9-0F-0E-F8-30">
      <ModulePath>C:\Users\artur\.nuget\packages\microsoft.testplatform.objectmodel\15.8.0-preview-20180510-03\lib\netstandard1.5\Microsoft.TestPlatform.CoreUtilities.dll</ModulePath>
      <ModuleTime>2018-05-10T02:53:36Z</ModuleTime>
      <ModuleName>Microsoft.TestPlatform.CoreUtilities</ModuleName>
      <Classes />
    </Module>
    <Module skippedDueTo="Filter" hash="FF-DC-76-EA-29-EC-E9-0E-A5-90-D2-44-70-EA-70-50-97-BB-D2-D3">
      <ModulePath>C:\Program Files\dotnet\shared\Microsoft.NETCore.App\2.1.0-preview2-26406-04\System.Diagnostics.Tracing.dll</ModulePath>
      <ModuleTime>2018-04-06T04:48:24Z</ModuleTime>
      <ModuleName>System.Diagnostics.Tracing</ModuleName>
      <Classes />
    </Module>
    <Module skippedDueTo="MissingPdb" hash="5B-BE-85-87-97-7A-52-B2-EB-7D-E2-2C-D8-2C-49-1C-D1-6A-5D-8F">
      <ModulePath>C:\Users\artur\.nuget\packages\microsoft.testplatform.objectmodel\15.8.0-preview-20180510-03\lib\netstandard1.5\Microsoft.TestPlatform.PlatformAbstractions.dll</ModulePath>
      <ModuleTime>2018-05-10T02:53:36Z</ModuleTime>
      <ModuleName>Microsoft.TestPlatform.PlatformAbstractions</ModuleName>
      <Classes />
    </Module>
    <Module skippedDueTo="Filter" hash="A3-81-34-AF-73-8B-BB-9D-19-7E-30-D0-FA-23-02-D5-49-67-31-AD">
      <ModulePath>C:\Program Files\dotnet\shared\Microsoft.NETCore.App\2.1.0-preview2-26406-04\System.Runtime.Extensions.dll</ModulePath>
      <ModuleTime>2018-04-06T04:48:30Z</ModuleTime>
[...]
      <Classes />
    </Module>
    <Module skippedDueTo="Filter" hash="61-0C-C4-B2-7C-76-EC-8B-B0-C7-34-51-57-71-4A-1A-13-40-6F-0B">
      <ModulePath>C:\Program Files\dotnet\shared\Microsoft.NETCore.App\2.1.0-preview2-26406-04\System.Net.WebHeaderCollection.dll</ModulePath>
      <ModuleTime>2018-04-06T04:48:28Z</ModuleTime>
      <ModuleName>System.Net.WebHeaderCollection</ModuleName>
      <Classes />
    </Module>
    <Module skippedDueTo="Filter" hash="12-CB-3E-35-0B-E5-2A-08-8F-B7-D0-F7-08-F0-0C-34-9A-AC-7C-B6">
      <ModulePath>C:\Program Files\dotnet\shared\Microsoft.NETCore.App\2.1.0-preview2-26406-04\System.Net.WebProxy.dll</ModulePath>
      <ModuleTime>2018-04-06T04:48:28Z</ModuleTime>
      <ModuleName>System.Net.WebProxy</ModuleName>
      <Classes />
    </Module>
    <Module skippedDueTo="Filter" hash="3B-95-70-F4-9A-7F-D0-2D-78-19-17-E1-3F-56-82-41-06-F6-5D-B2">
      <ModulePath>C:\Program Files\dotnet\shared\Microsoft.NETCore.App\2.1.0-preview2-26406-04\System.Net.WebSockets.Client.dll</ModulePath>
      <ModuleTime>2018-04-06T04:48:28Z</ModuleTime>
      <ModuleName>System.Net.WebSockets.Client</ModuleName>
      <Classes />
    </Module>
    <Module skippedDueTo="Filter" hash="B3-F5-3E-72-3D-E0-D8-AD-30-45-54-2D-AB-10-DB-09-B2-3D-EB-1F">
      <ModulePath>C:\Program Files\dotnet\shared\Microsoft.NETCore.App\2.1.0-preview2-26406-04\System.Net.dll</ModulePath>
      <ModuleTime>2018-04-06T04:48:28Z</ModuleTime>
      <ModuleName>System.Net</ModuleName>
      <Classes />
    </Module>
    <Module skippedDueTo="Filter" hash="F4-F0-33-77-EF-37-06-5C-84-BF-19-93-19-24-C4-69-8A-41-09-57">
      <ModulePath>C:\Program Files\dotnet\shared\Microsoft.NETCore.App\2.1.0-preview2-26406-04\System.Numerics.dll</ModulePath>
      <ModuleTime>2018-04-06T04:48:28Z</ModuleTime>
      <ModuleName>System.Numerics</ModuleName>
      <Classes />
    </Module>
    <Module skippedDueTo="Filter" hash="6D-2D-B5-BB-8D-68-39-98-0A-D3-32-1D-75-4F-18-DC-58-09-67-E0">
      <ModulePath>C:\Program Files\dotnet\shared\Microsoft.NETCore.App\2.1.0-preview2-26406-04\System.Private.DataContractSerialization.dll</ModulePath>
      <ModuleTime>2018-04-06T04:48:28Z</ModuleTime>
      <ModuleName>System.Private.DataContractSerialization</ModuleName>
      <Classes />
    </Module>
    <Module skippedDueTo="Filter" hash="FD-FC-6C-39-B0-BD-1C-AE-F6-86-F3-AB-FC-AE-D9-82-DF-BA-ED-47">
      <ModulePath>C:\Program Files\dotnet\shared\Microsoft.NETCore.App\2.1.0-preview2-26406-04\System.Reflection.Emit.ILGeneration.dll</ModulePath>
      <ModuleTime>2018-04-06T04:48:30Z</ModuleTime>
      <ModuleName>System.Reflection.Emit.ILGeneration</ModuleName>
      <Classes />
    </Module>
    <Module skippedDueTo="Filter" hash="1A-14-47-9F-D3-0D-52-2B-7D-87-C6-93-DE-15-BD-7F-69-9F-C7-C9">
      <ModulePath>C:\Program Files\dotnet\shared\Microsoft.NETCore.App\2.1.0-preview2-26406-04\System.Reflection.DispatchProxy.dll</ModulePath>
      <ModuleTime>2018-04-06T04:48:28Z</ModuleTime>
      <ModuleName>System.Reflection.DispatchProxy</ModuleName>
      <Classes />
    </Module>
    <Module skippedDueTo="Filter" hash="72-1F-33-18-71-F4-B4-07-89-24-6F-3E-C3-B2-A1-8D-1B-24-26-CF">
      <ModulePath>C:\Program Files\dotnet\shared\Microsoft.NETCore.App\2.1.0-preview2-26406-04\System.Reflection.Emit.Lightweight.dll</ModulePath>
      <ModuleTime>2018-04-06T04:48:30Z</ModuleTime>
      <ModuleName>System.Reflection.Emit.Lightweight</ModuleName>
      <Classes />
    </Module>
    <Module skippedDueTo="Filter" hash="77-76-2C-77-A9-B8-F8-7C-70-EF-A9-8B-24-B6-61-A1-75-2F-E9-45">
      <ModulePath>C:\Program Files\dotnet\shared\Microsoft.NETCore.App\2.1.0-preview2-26406-04\System.Reflection.Emit.dll</ModulePath>
      <ModuleTime>2018-04-06T04:48:30Z</ModuleTime>
      <ModuleName>System.Reflection.Emit</ModuleName>
      <Classes />
    </Module>
    <Module skippedDueTo="Filter" hash="3E-67-71-D8-AE-6C-75-BF-15-8B-19-0B-1A-96-81-C6-CE-FB-CE-43">
      <ModulePath>C:\Program Files\dotnet\shared\Microsoft.NETCore.App\2.1.0-preview2-26406-04\System.Reflection.Metadata.dll</ModulePath>
      <ModuleTime>2018-04-06T04:48:30Z</ModuleTime>
      <ModuleName>System.Reflection.Metadata</ModuleName>
      <Classes />
    </Module>
    <Module skippedDueTo="Filter" hash="B2-BD-FE-1B-00-67-98-B4-B2-80-A6-81-07-8D-22-8B-B0-F4-55-9B">
      <ModulePath>C:\Program Files\dotnet\shared\Microsoft.NETCore.App\2.1.0-preview2-26406-04\System.Reflection.Primitives.dll</ModulePath>
      <ModuleTime>2018-04-06T04:48:30Z</ModuleTime>
      <ModuleName>System.Reflection.Primitives</ModuleName>
      <Classes />
    </Module>
    <Module skippedDueTo="Filter" hash="9E-48-B1-9C-F9-89-7E-BD-2A-58-4D-BE-3F-AF-C7-1C-91-FA-91-72">
      <ModulePath>C:\Program Files\dotnet\shared\Microsoft.NETCore.App\2.1.0-preview2-26406-04\System.Resources.Reader.dll</ModulePath>
      <ModuleTime>2018-04-06T04:48:30Z</ModuleTime>
      <ModuleName>System.Resources.Reader</ModuleName>
      <Classes />
    </Module>
    <Module skippedDueTo="Filter" hash="6A-72-24-93-42-89-34-80-FD-9E-C5-96-A0-05-DC-40-75-BB-09-C3">
      <ModulePath>C:\Program Files\dotnet\shared\Microsoft.NETCore.App\2.1.0-preview2-26406-04\System.Resources.Writer.dll</ModulePath>
      <ModuleTime>2018-04-06T04:48:30Z</ModuleTime>
      <ModuleName>System.Resources.Writer</ModuleName>
      <Classes />
    </Module>
    <Module skippedDueTo="Filter" hash="09-3E-E5-9C-F8-D9-74-41-68-5E-CC-98-8C-E7-57-05-6E-77-E0-8F">
      <ModulePath>C:\Program Files\dotnet\shared\Microsoft.NETCore.App\2.1.0-preview2-26406-04\System.Runtime.CompilerServices.VisualC.dll</ModulePath>
      <ModuleTime>2018-04-06T04:48:30Z</ModuleTime>
      <ModuleName>System.Runtime.CompilerServices.VisualC</ModuleName>
      <Classes />
    </Module>
    <Module skippedDueTo="Filter" hash="9F-DD-0F-80-89-28-B9-75-95-35-2C-AB-08-B2-D0-BF-F4-16-0A-65">
      <ModulePath>C:\Program Files\dotnet\shared\Microsoft.NETCore.App\2.1.0-preview2-26406-04\System.Runtime.Handles.dll</ModulePath>
      <ModuleTime>2018-04-06T04:48:30Z</ModuleTime>
      <ModuleName>System.Runtime.Handles</ModuleName>
      <Classes />
    </Module>
    <Module skippedDueTo="Filter" hash="70-AA-4D-27-07-D5-D3-D1-32-20-12-0B-6A-61-FD-2C-EA-F8-BE-BA">
      <ModulePath>C:\Program Files\dotnet\shared\Microsoft.NETCore.App\2.1.0-preview2-26406-04\System.Runtime.InteropServices.WindowsRuntime.dll</ModulePath>
      <ModuleTime>2018-04-06T04:48:30Z</ModuleTime>
      <ModuleName>System.Runtime.InteropServices.WindowsRuntime</ModuleName>
      <Classes />
    </Module>
    <Module skippedDueTo="Filter" hash="AB-3A-45-72-CD-16-7F-65-22-CE-AE-49-12-34-72-E4-E2-BF-1C-F6">
      <ModulePath>C:\Program Files\dotnet\shared\Microsoft.NETCore.App\2.1.0-preview2-26406-04\System.Runtime.Serialization.Formatters.dll</ModulePath>
      <ModuleTime>2018-04-06T04:48:30Z</ModuleTime>
      <ModuleName>System.Runtime.Serialization.Formatters</ModuleName>
      <Classes />
    </Module>
    <Module skippedDueTo="Filter" hash="4A-CC-E2-83-A7-D3-24-61-80-5A-6C-11-D2-8B-2A-79-3A-34-61-A7">
      <ModulePath>C:\Program Files\dotnet\shared\Microsoft.NETCore.App\2.1.0-preview2-26406-04\System.Runtime.Serialization.Json.dll</ModulePath>
      <ModuleTime>2018-04-06T04:48:30Z</ModuleTime>
      <ModuleName>System.Runtime.Serialization.Json</ModuleName>
      <Classes />
    </Module>
    <Module skippedDueTo="Filter" hash="3C-EA-01-45-E4-ED-CB-3E-C4-55-78-15-B7-06-69-CF-1D-30-89-EC">
      <ModulePath>C:\Program Files\dotnet\shared\Microsoft.NETCore.App\2.1.0-preview2-26406-04\System.Runtime.Serialization.Xml.dll</ModulePath>
      <ModuleTime>2018-04-06T04:48:30Z</ModuleTime>
      <ModuleName>System.Runtime.Serialization.Xml</ModuleName>
      <Classes />
    </Module>
    <Module skippedDueTo="Filter" hash="04-9A-84-27-C5-E6-18-DD-FC-F2-19-32-26-6E-21-97-5B-E4-D5-1D">
      <ModulePath>C:\Program Files\dotnet\shared\Microsoft.NETCore.App\2.1.0-preview2-26406-04\System.Runtime.Serialization.dll</ModulePath>
      <ModuleTime>2018-04-06T04:48:30Z</ModuleTime>
      <ModuleName>System.Runtime.Serialization</ModuleName>
      <Classes />
    </Module>
    <Module skippedDueTo="Filter" hash="9A-98-28-27-3F-67-83-0D-6B-7B-9E-D8-FA-04-FB-92-B1-1A-82-DE">
      <ModulePath>C:\Program Files\dotnet\shared\Microsoft.NETCore.App\2.1.0-preview2-26406-04\System.Security.Cryptography.Encoding.dll</ModulePath>
      <ModuleTime>2018-04-06T04:48:30Z</ModuleTime>
      <ModuleName>System.Security.Cryptography.Encoding</ModuleName>
      <Classes />
    </Module>
    <Module skippedDueTo="Filter" hash="74-1A-C7-4D-14-9E-5E-F7-00-23-45-BF-7D-D6-00-62-FF-9F-B6-B6">
      <ModulePath>C:\Program Files\dotnet\shared\Microsoft.NETCore.App\2.1.0-preview2-26406-04\System.Security.Cryptography.Primitives.dll</ModulePath>
      <ModuleTime>2018-04-06T04:48:30Z</ModuleTime>
      <ModuleName>System.Security.Cryptography.Primitives</ModuleName>
      <Classes />
    </Module>
    <Module skippedDueTo="Filter" hash="8C-90-32-DE-84-2A-92-57-00-5D-14-CD-51-D5-33-13-9E-31-D1-C2">
      <ModulePath>C:\Program Files\dotnet\shared\Microsoft.NETCore.App\2.1.0-preview2-26406-04\System.Security.Cryptography.Cng.dll</ModulePath>
      <ModuleTime>2018-04-06T04:48:30Z</ModuleTime>
      <ModuleName>System.Security.Cryptography.Cng</ModuleName>
      <Classes />
    </Module>
    <Module skippedDueTo="Filter" hash="2A-40-D4-E5-57-D6-BD-AA-26-AE-87-94-FB-5F-3D-65-9B-47-AC-EC">
      <ModulePath>C:\Program Files\dotnet\shared\Microsoft.NETCore.App\2.1.0-preview2-26406-04\System.Security.Cryptography.Csp.dll</ModulePath>
      <ModuleTime>2018-04-06T04:48:30Z</ModuleTime>
      <ModuleName>System.Security.Cryptography.Csp</ModuleName>
      <Classes />
    </Module>
    <Module skippedDueTo="Filter" hash="A9-6E-10-58-6F-8D-AA-A0-38-DB-17-AD-73-0D-C9-F0-19-0C-C9-A3">
      <ModulePath>C:\Program Files\dotnet\shared\Microsoft.NETCore.App\2.1.0-preview2-26406-04\System.Security.Cryptography.OpenSsl.dll</ModulePath>
      <ModuleTime>2018-04-06T04:48:30Z</ModuleTime>
      <ModuleName>System.Security.Cryptography.OpenSsl</ModuleName>
      <Classes />
    </Module>
    <Module skippedDueTo="Filter" hash="83-E7-4F-38-CE-AB-78-7F-46-D4-EB-5A-C0-62-CF-3A-A8-A6-48-55">
      <ModulePath>C:\Program Files\dotnet\shared\Microsoft.NETCore.App\2.1.0-preview2-26406-04\System.Security.SecureString.dll</ModulePath>
      <ModuleTime>2018-04-06T04:48:30Z</ModuleTime>
      <ModuleName>System.Security.SecureString</ModuleName>
      <Classes />
    </Module>
    <Module skippedDueTo="Filter" hash="A9-52-A0-87-7B-32-52-75-DC-C7-B5-E5-79-0B-CB-6A-4C-E4-DA-73">
      <ModulePath>C:\Program Files\dotnet\shared\Microsoft.NETCore.App\2.1.0-preview2-26406-04\System.Security.dll</ModulePath>
      <ModuleTime>2018-04-06T04:48:30Z</ModuleTime>
      <ModuleName>System.Security</ModuleName>
      <Classes />
    </Module>
    <Module skippedDueTo="Filter" hash="2B-F3-47-51-AD-78-4C-B1-E4-E1-37-2A-33-82-D4-CF-57-78-93-00">
      <ModulePath>C:\Program Files\dotnet\shared\Microsoft.NETCore.App\2.1.0-preview2-26406-04\System.ServiceModel.Web.dll</ModulePath>
      <ModuleTime>2018-04-06T04:48:30Z</ModuleTime>
      <ModuleName>System.ServiceModel.Web</ModuleName>
      <Classes />
    </Module>
    <Module skippedDueTo="Filter" hash="E6-36-B5-E2-D5-BB-DC-0B-F7-B3-69-73-07-94-88-F3-3B-FB-5A-AD">
      <ModulePath>C:\Program Files\dotnet\shared\Microsoft.NETCore.App\2.1.0-preview2-26406-04\System.ServiceProcess.dll</ModulePath>
      <ModuleTime>2018-04-06T04:48:30Z</ModuleTime>
      <ModuleName>System.ServiceProcess</ModuleName>
      <Classes />
    </Module>
    <Module skippedDueTo="Filter" hash="26-59-44-5B-A0-41-90-38-D3-58-30-E7-67-80-D7-99-4E-F0-01-F9">
      <ModulePath>C:\Program Files\dotnet\shared\Microsoft.NETCore.App\2.1.0-preview2-26406-04\System.Threading.Tasks.Dataflow.dll</ModulePath>
      <ModuleTime>2018-04-06T04:48:30Z</ModuleTime>
      <ModuleName>System.Threading.Tasks.Dataflow</ModuleName>
      <Classes />
    </Module>
    <Module skippedDueTo="Filter" hash="C5-57-AD-3B-B5-8C-1D-06-7A-05-35-E0-09-3E-CF-FF-95-B5-D8-ED">
      <ModulePath>C:\Program Files\dotnet\shared\Microsoft.NETCore.App\2.1.0-preview2-26406-04\System.Threading.Tasks.Extensions.dll</ModulePath>
      <ModuleTime>2018-04-06T04:48:30Z</ModuleTime>
      <ModuleName>System.Threading.Tasks.Extensions</ModuleName>
      <Classes />
    </Module>
    <Module skippedDueTo="Filter" hash="BF-EB-75-F9-DE-6E-5B-F4-96-3C-A4-22-D0-EE-A4-1B-53-05-FE-47">
      <ModulePath>C:\Program Files\dotnet\shared\Microsoft.NETCore.App\2.1.0-preview2-26406-04\System.Threading.Tasks.Parallel.dll</ModulePath>
      <ModuleTime>2018-04-06T04:48:30Z</ModuleTime>
      <ModuleName>System.Threading.Tasks.Parallel</ModuleName>
      <Classes />
    </Module>
    <Module skippedDueTo="Filter" hash="AA-B0-43-F7-B2-FB-E7-9C-FC-40-9C-F2-8A-95-15-7A-F4-D4-34-98">
      <ModulePath>C:\Program Files\dotnet\shared\Microsoft.NETCore.App\2.1.0-preview2-26406-04\System.Transactions.Local.dll</ModulePath>
      <ModuleTime>2018-04-06T04:48:32Z</ModuleTime>
      <ModuleName>System.Transactions.Local</ModuleName>
      <Classes />
    </Module>
    <Module skippedDueTo="Filter" hash="4B-32-A9-BE-25-86-43-B9-EF-7C-4E-99-3B-80-8A-AC-37-62-CF-10">
      <ModulePath>C:\Program Files\dotnet\shared\Microsoft.NETCore.App\2.1.0-preview2-26406-04\System.Transactions.dll</ModulePath>
      <ModuleTime>2018-04-06T04:48:32Z</ModuleTime>
      <ModuleName>System.Transactions</ModuleName>
      <Classes />
    </Module>
    <Module skippedDueTo="Filter" hash="03-58-66-30-81-2B-85-8F-D0-89-DE-9E-F3-9F-FB-A9-C7-82-12-A4">
      <ModulePath>C:\Program Files\dotnet\shared\Microsoft.NETCore.App\2.1.0-preview2-26406-04\System.ValueTuple.dll</ModulePath>
      <ModuleTime>2018-04-06T04:48:32Z</ModuleTime>
      <ModuleName>System.ValueTuple</ModuleName>
      <Classes />
    </Module>
    <Module skippedDueTo="Filter" hash="0E-79-DE-F6-E0-01-57-01-03-8E-AF-EA-BE-FC-1C-FC-2A-A2-08-14">
      <ModulePath>C:\Program Files\dotnet\shared\Microsoft.NETCore.App\2.1.0-preview2-26406-04\System.Web.HttpUtility.dll</ModulePath>
      <ModuleTime>2018-04-06T04:48:32Z</ModuleTime>
      <ModuleName>System.Web.HttpUtility</ModuleName>
      <Classes />
    </Module>
    <Module skippedDueTo="Filter" hash="80-A8-D3-30-3F-C4-D0-93-D3-A3-2B-6E-8C-A4-2F-60-FC-AF-6F-D9">
      <ModulePath>C:\Program Files\dotnet\shared\Microsoft.NETCore.App\2.1.0-preview2-26406-04\System.Web.dll</ModulePath>
      <ModuleTime>2018-04-06T04:48:32Z</ModuleTime>
      <ModuleName>System.Web</ModuleName>
      <Classes />
    </Module>
    <Module skippedDueTo="Filter" hash="A1-86-E1-9B-A1-FC-F0-C9-27-BC-69-35-C0-0B-C0-28-DF-31-71-77">
      <ModulePath>C:\Program Files\dotnet\shared\Microsoft.NETCore.App\2.1.0-preview2-26406-04\System.Windows.dll</ModulePath>
      <ModuleTime>2018-04-06T04:48:32Z</ModuleTime>
      <ModuleName>System.Windows</ModuleName>
      <Classes />
    </Module>
    <Module skippedDueTo="Filter" hash="58-A0-DA-12-FB-85-62-33-87-00-C8-FF-ED-3C-3D-A5-61-14-EC-AB">
      <ModulePath>C:\Program Files\dotnet\shared\Microsoft.NETCore.App\2.1.0-preview2-26406-04\System.Xml.Linq.dll</ModulePath>
      <ModuleTime>2018-04-06T04:48:32Z</ModuleTime>
      <ModuleName>System.Xml.Linq</ModuleName>
      <Classes />
    </Module>
    <Module skippedDueTo="Filter" hash="DA-5D-1A-74-BC-2E-B0-2C-70-4C-5C-49-50-4E-AD-60-EA-86-B3-C2">
      <ModulePath>C:\Program Files\dotnet\shared\Microsoft.NETCore.App\2.1.0-preview2-26406-04\System.Xml.Serialization.dll</ModulePath>
      <ModuleTime>2018-04-06T04:48:32Z</ModuleTime>
      <ModuleName>System.Xml.Serialization</ModuleName>
      <Classes />
    </Module>
    <Module skippedDueTo="Filter" hash="7B-53-79-EA-C2-0A-71-4D-44-7E-4D-6D-A3-17-F9-9D-16-FA-12-0A">
      <ModulePath>C:\Program Files\dotnet\shared\Microsoft.NETCore.App\2.1.0-preview2-26406-04\System.Xml.XPath.XDocument.dll</ModulePath>
      <ModuleTime>2018-04-06T04:48:32Z</ModuleTime>
      <ModuleName>System.Xml.XPath.XDocument</ModuleName>
      <Classes />
    </Module>
    <Module skippedDueTo="Filter" hash="67-27-E0-35-53-D4-3B-5B-F3-77-19-7F-C1-C1-C0-1F-9A-A6-39-70">
      <ModulePath>C:\Program Files\dotnet\shared\Microsoft.NETCore.App\2.1.0-preview2-26406-04\System.Xml.XmlSerializer.dll</ModulePath>
      <ModuleTime>2018-04-06T04:48:32Z</ModuleTime>
      <ModuleName>System.Xml.XmlSerializer</ModuleName>
      <Classes />
    </Module>
    <Module skippedDueTo="Filter" hash="6F-5A-3C-8C-C5-2E-D9-A6-39-90-8E-2E-B0-3E-AA-E0-B8-78-3D-9A">
      <ModulePath>C:\Program Files\dotnet\shared\Microsoft.NETCore.App\2.1.0-preview2-26406-04\System.Xml.dll</ModulePath>
      <ModuleTime>2018-04-06T04:48:32Z</ModuleTime>
      <ModuleName>System.Xml</ModuleName>
      <Classes />
    </Module>
    <Module skippedDueTo="Filter" hash="59-56-22-64-6B-78-9A-F9-17-8E-92-6B-80-1E-A5-A1-4A-3A-3D-9B">
      <ModulePath>C:\Program Files\dotnet\shared\Microsoft.NETCore.App\2.1.0-preview2-26406-04\System.dll</ModulePath>
      <ModuleTime>2018-04-06T04:48:32Z</ModuleTime>
      <ModuleName>System</ModuleName>
      <Classes />
    </Module>
    <Module skippedDueTo="MissingPdb" hash="5A-2A-4D-2A-A7-52-E5-0F-8F-DF-31-39-5C-57-D5-F7-1F-6B-F4-19">
      <ModulePath>C:\Program Files\dotnet\shared\Microsoft.NETCore.App\2.1.0-preview2-26406-04\WindowsBase.dll</ModulePath>
      <ModuleTime>2018-04-06T04:48:32Z</ModuleTime>
      <ModuleName>WindowsBase</ModuleName>
      <Classes />
    </Module>
    <Module skippedDueTo="MissingPdb" hash="72-3D-25-92-BB-2B-9D-2D-9C-42-61-91-8D-0E-C2-E1-3C-A6-A4-03">
      <ModulePath>C:\Users\artur\source\repos\build\Build.Tests\bin\Debug\netcoreapp2.1\coverlet.core.dll</ModulePath>
      <ModuleTime>2018-05-17T07:11:48Z</ModuleTime>
      <ModuleName>coverlet.core</ModuleName>
      <Classes />
    </Module>
    <Module skippedDueTo="MissingPdb" hash="BA-3E-F1-20-F6-B0-19-C7-29-8E-BA-D4-BF-FB-23-BD-E4-6F-64-01">
      <ModulePath>C:\Users\artur\source\repos\build\Build.Tests\bin\Debug\netcoreapp2.1\xunit.runner.reporters.netcoreapp10.dll</ModulePath>
      <ModuleTime>2018-02-12T00:17:38Z</ModuleTime>
      <ModuleName>xunit.runner.reporters.netcoreapp10</ModuleName>
      <Classes />
    </Module>
    <Module skippedDueTo="MissingPdb" hash="D8-A2-CE-3D-9D-43-E1-3B-4D-9A-42-85-D6-CC-A6-E0-50-B8-79-7F">
      <ModulePath>C:\Users\artur\source\repos\build\Build.Tests\bin\Debug\netcoreapp2.1\xunit.runner.visualstudio.dotnetcore.testadapter.dll</ModulePath>
      <ModuleTime>2018-02-12T00:17:40Z</ModuleTime>
      <ModuleName>xunit.runner.visualstudio.dotnetcore.testadapter</ModuleName>
      <Classes />
    </Module>
    <Module skippedDueTo="Filter" hash="E7-80-47-31-36-CF-EC-98-A3-1F-1E-2F-94-2B-40-B4-B3-A8-3C-E6">
      <ModulePath>C:\Program Files\dotnet\shared\Microsoft.NETCore.App\2.1.0-preview2-26406-04\System.ComponentModel.dll</ModulePath>
      <ModuleTime>2018-04-06T04:48:24Z</ModuleTime>
      <ModuleName>System.ComponentModel</ModuleName>
      <Classes />
    </Module>
    <Module skippedDueTo="Filter" hash="2B-45-D5-82-AC-ED-79-58-8F-0A-E8-AB-6F-31-FD-B5-9C-A7-DD-9C">
      <ModulePath>C:\Program Files\dotnet\shared\Microsoft.NETCore.App\2.1.0-preview2-26406-04\System.Threading.ThreadPool.dll</ModulePath>
      <ModuleTime>2018-04-06T04:48:32Z</ModuleTime>
      <ModuleName>System.Threading.ThreadPool</ModuleName>
      <Classes />
    </Module>
    <Module skippedDueTo="Filter" hash="0F-22-77-B6-6F-2E-09-B1-E5-6A-9D-DF-32-34-BD-B7-34-AD-14-B7">
      <ModulePath>C:\Program Files\dotnet\shared\Microsoft.NETCore.App\2.1.0-preview2-26406-04\System.Collections.NonGeneric.dll</ModulePath>
      <ModuleTime>2018-04-06T04:48:22Z</ModuleTime>
      <ModuleName>System.Collections.NonGeneric</ModuleName>
      <Classes />
    </Module>
  </Modules>
</CoverageSession>