<?xml version="1.0" encoding="utf-8"?>
<CoverageSession>
  <Summary numSequencePoints="453" visitedSequencePoints="381" numBranchPoints="453" visitedBranchPoints="381" sequenceCoverage="0,841" branchCoverage="0,841" maxCyclomaticComplexity="0" minCyclomaticComplexity="0" visitedClasses="13" numClasses="15" visitedMethods="98" numMethods="120" />
  <Modules>
    <Module hash="5386A1BC-6779-43D6-83EC-2FA120883A96">
      <ModulePath>C:\Users\artur\source\repos\build\Build.Tests\bin\Debug\netcoreapp2.1\Build.dll</ModulePath>
      <ModuleTime>2018-05-24T07:41:28</ModuleTime>
      <ModuleName>Build</ModuleName>
      <Files>
        <File uid="1" fullPath="C:\Users\artur\source\repos\build\Build\Container.cs" />
        <File uid="2" fullPath="C:\Users\artur\source\repos\build\Build\DependencyAttribute.cs" />
        <File uid="3" fullPath="C:\Users\artur\source\repos\build\Build\Format.cs" />
        <File uid="4" fullPath="C:\Users\artur\source\repos\build\Build\InjectionAttribute.cs" />
        <File uid="5" fullPath="C:\Users\artur\source\repos\build\Build\RuntimeAttribute.cs" />
        <File uid="6" fullPath="C:\Users\artur\source\repos\build\Build\RuntimeType.cs" />
        <File uid="7" fullPath="C:\Users\artur\source\repos\build\Build\TypeBuilder.cs" />
        <File uid="8" fullPath="C:\Users\artur\source\repos\build\Build\TypeException.cs" />
        <File uid="9" fullPath="C:\Users\artur\source\repos\build\Build\TypeFilter.cs" />
        <File uid="10" fullPath="C:\Users\artur\source\repos\build\Build\TypeFilterException.cs" />
        <File uid="11" fullPath="C:\Users\artur\source\repos\build\Build\TypeInstantiationException.cs" />
        <File uid="12" fullPath="C:\Users\artur\source\repos\build\Build\TypeParser.cs" />
        <File uid="13" fullPath="C:\Users\artur\source\repos\build\Build\TypeRegistrationException.cs" />
        <File uid="14" fullPath="C:\Users\artur\source\repos\build\Build\TypeResolver.cs" />
      </Files>
      <Classes>
        <Class>
          <Summary numSequencePoints="39" visitedSequencePoints="20" numBranchPoints="16" visitedBranchPoints="5" sequenceCoverage="0,513" branchCoverage="0,312" maxCyclomaticComplexity="0" minCyclomaticComplexity="0" visitedClasses="1" numClasses="1" visitedMethods="9" numMethods="13" />
          <FullName>Build.Container</FullName>
          <Methods>
            <Method cyclomaticComplexity="0" nPathComplexity="0" sequenceCoverage="1" branchCoverage="0" isConstructor="True" isGetter="False" isSetter="False" isStatic="True">
              <Summary numSequencePoints="1" visitedSequencePoints="1" numBranchPoints="0" visitedBranchPoints="0" sequenceCoverage="1" branchCoverage="0" maxCyclomaticComplexity="0" minCyclomaticComplexity="0" visitedClasses="0" numClasses="0" visitedMethods="1" numMethods="1" />
              <MetadataToken />
              <Name>System.Void Build.Container::.ctor()</Name>
              <FileRef uid="1" />
              <SequencePoints>
                <SequencePoint vc="378" upsid="19" ordinal="0" sl="19" sc="1" el="19" ec="2" bec="0" bev="0" fileid="1" />
              </SequencePoints>
              <BranchPoints />
              <MethodPoint vc="1" upsid="0" p8:type="SequencePoint" ordinal="0" offset="0" sc="0" sl="19" ec="1" el="19" bec="0" bev="0" fileid="1" xmlns:p8="xsi" />
            </Method>
            <Method cyclomaticComplexity="0" nPathComplexity="0" sequenceCoverage="0" branchCoverage="0" isConstructor="True" isGetter="False" isSetter="False" isStatic="True">
              <Summary numSequencePoints="1" visitedSequencePoints="0" numBranchPoints="0" visitedBranchPoints="0" sequenceCoverage="0" branchCoverage="0" maxCyclomaticComplexity="0" minCyclomaticComplexity="0" visitedClasses="0" numClasses="0" visitedMethods="0" numMethods="1" />
              <MetadataToken />
              <Name>System.Void Build.Container::.ctor(Build.ITypeFilter,Build.ITypeResolver,Build.ITypeParser)</Name>
              <FileRef uid="1" />
              <SequencePoints>
                <SequencePoint vc="0" upsid="27" ordinal="0" sl="27" sc="1" el="27" ec="2" bec="0" bev="0" fileid="1" />
              </SequencePoints>
              <BranchPoints />
              <MethodPoint vc="0" upsid="0" p8:type="SequencePoint" ordinal="1" offset="1" sc="0" sl="27" ec="1" el="27" bec="0" bev="0" fileid="1" xmlns:p8="xsi" />
            </Method>
            <Method cyclomaticComplexity="0" nPathComplexity="0" sequenceCoverage="1" branchCoverage="0" isConstructor="False" isGetter="True" isSetter="False" isStatic="True">
              <Summary numSequencePoints="1" visitedSequencePoints="1" numBranchPoints="0" visitedBranchPoints="0" sequenceCoverage="1" branchCoverage="0" maxCyclomaticComplexity="0" minCyclomaticComplexity="0" visitedClasses="0" numClasses="0" visitedMethods="1" numMethods="1" />
              <MetadataToken />
              <Name>System.String[] Build.Container::get_RuntimeAliasedTypes()</Name>
              <FileRef uid="1" />
              <SequencePoints>
                <SequencePoint vc="1" upsid="32" ordinal="0" sl="32" sc="1" el="32" ec="2" bec="0" bev="0" fileid="1" />
              </SequencePoints>
              <BranchPoints />
              <MethodPoint vc="1" upsid="0" p8:type="SequencePoint" ordinal="2" offset="2" sc="0" sl="32" ec="1" el="32" bec="0" bev="0" fileid="1" xmlns:p8="xsi" />
            </Method>
            <Method cyclomaticComplexity="0" nPathComplexity="0" sequenceCoverage="1" branchCoverage="0" isConstructor="False" isGetter="True" isSetter="False" isStatic="True">
              <Summary numSequencePoints="1" visitedSequencePoints="1" numBranchPoints="0" visitedBranchPoints="0" sequenceCoverage="1" branchCoverage="0" maxCyclomaticComplexity="0" minCyclomaticComplexity="0" visitedClasses="0" numClasses="0" visitedMethods="1" numMethods="1" />
              <MetadataToken />
              <Name>System.String[] Build.Container::get_RuntimeNonAliasedTypes()</Name>
              <FileRef uid="1" />
              <SequencePoints>
                <SequencePoint vc="1" upsid="37" ordinal="0" sl="37" sc="1" el="37" ec="2" bec="0" bev="0" fileid="1" />
              </SequencePoints>
              <BranchPoints />
              <MethodPoint vc="1" upsid="0" p8:type="SequencePoint" ordinal="3" offset="3" sc="0" sl="37" ec="1" el="37" bec="0" bev="0" fileid="1" xmlns:p8="xsi" />
            </Method>
            <Method cyclomaticComplexity="0" nPathComplexity="0" sequenceCoverage="1" branchCoverage="0" isConstructor="False" isGetter="True" isSetter="False" isStatic="True">
              <Summary numSequencePoints="1" visitedSequencePoints="1" numBranchPoints="0" visitedBranchPoints="0" sequenceCoverage="1" branchCoverage="0" maxCyclomaticComplexity="0" minCyclomaticComplexity="0" visitedClasses="0" numClasses="0" visitedMethods="1" numMethods="1" />
              <MetadataToken />
              <Name>System.String[] Build.Container::get_RuntimeTypeAliases()</Name>
              <FileRef uid="1" />
              <SequencePoints>
                <SequencePoint vc="3" upsid="42" ordinal="0" sl="42" sc="1" el="42" ec="2" bec="0" bev="0" fileid="1" />
              </SequencePoints>
              <BranchPoints />
              <MethodPoint vc="1" upsid="0" p8:type="SequencePoint" ordinal="4" offset="4" sc="0" sl="42" ec="1" el="42" bec="0" bev="0" fileid="1" xmlns:p8="xsi" />
            </Method>
            <Method cyclomaticComplexity="0" nPathComplexity="0" sequenceCoverage="1" branchCoverage="0" isConstructor="False" isGetter="True" isSetter="False" isStatic="True">
              <Summary numSequencePoints="1" visitedSequencePoints="1" numBranchPoints="0" visitedBranchPoints="0" sequenceCoverage="1" branchCoverage="0" maxCyclomaticComplexity="0" minCyclomaticComplexity="0" visitedClasses="0" numClasses="0" visitedMethods="1" numMethods="1" />
              <MetadataToken />
              <Name>System.String[] Build.Container::get_RuntimeTypes()</Name>
              <FileRef uid="1" />
              <SequencePoints>
                <SequencePoint vc="1" upsid="47" ordinal="0" sl="47" sc="1" el="47" ec="2" bec="0" bev="0" fileid="1" />
              </SequencePoints>
              <BranchPoints />
              <MethodPoint vc="1" upsid="0" p8:type="SequencePoint" ordinal="5" offset="5" sc="0" sl="47" ec="1" el="47" bec="0" bev="0" fileid="1" xmlns:p8="xsi" />
            </Method>
            <Method cyclomaticComplexity="0" nPathComplexity="0" sequenceCoverage="0,8" branchCoverage="0,5" isConstructor="False" isGetter="False" isSetter="False" isStatic="True">
              <Summary numSequencePoints="5" visitedSequencePoints="4" numBranchPoints="2" visitedBranchPoints="1" sequenceCoverage="0,8" branchCoverage="0,5" maxCyclomaticComplexity="0" minCyclomaticComplexity="0" visitedClasses="0" numClasses="0" visitedMethods="1" numMethods="1" />
              <MetadataToken />
              <Name>T Build.Container::CreateInstance(System.Object[])</Name>
              <FileRef uid="1" />
              <SequencePoints>
                <SequencePoint vc="146" upsid="56" ordinal="0" sl="56" sc="1" el="56" ec="2" bec="0" bev="0" fileid="1" />
                <SequencePoint vc="146" upsid="57" ordinal="1" sl="57" sc="1" el="57" ec="2" bec="0" bev="0" fileid="1" />
                <SequencePoint vc="0" upsid="58" ordinal="2" sl="58" sc="1" el="58" ec="2" bec="0" bev="0" fileid="1" />
                <SequencePoint vc="146" upsid="59" ordinal="3" sl="59" sc="1" el="59" ec="2" bec="0" bev="0" fileid="1" />
                <SequencePoint vc="131" upsid="60" ordinal="4" sl="60" sc="1" el="60" ec="2" bec="0" bev="0" fileid="1" />
              </SequencePoints>
              <BranchPoints>
                <BranchPoint vc="0" upsid="57" ordinal="0" path="0" offset="27" offsetend="29" sl="57" fileid="1" />
                <BranchPoint vc="2147483647" upsid="57" ordinal="1" path="1" offset="27" offsetend="60" sl="57" fileid="1" />
              </BranchPoints>
              <MethodPoint vc="4" upsid="0" p8:type="SequencePoint" ordinal="6" offset="6" sc="0" sl="56" ec="1" el="60" bec="0" bev="0" fileid="1" xmlns:p8="xsi" />
            </Method>
            <Method cyclomaticComplexity="0" nPathComplexity="0" sequenceCoverage="0" branchCoverage="0" isConstructor="False" isGetter="False" isSetter="False" isStatic="True">
              <Summary numSequencePoints="5" visitedSequencePoints="0" numBranchPoints="2" visitedBranchPoints="0" sequenceCoverage="0" branchCoverage="0" maxCyclomaticComplexity="0" minCyclomaticComplexity="0" visitedClasses="0" numClasses="0" visitedMethods="0" numMethods="1" />
              <MetadataToken />
              <Name>System.Object Build.Container::CreateInstance(System.Type,System.Object[])</Name>
              <FileRef uid="1" />
              <SequencePoints>
                <SequencePoint vc="0" upsid="69" ordinal="0" sl="69" sc="1" el="69" ec="2" bec="0" bev="0" fileid="1" />
                <SequencePoint vc="0" upsid="70" ordinal="1" sl="70" sc="1" el="70" ec="2" bec="0" bev="0" fileid="1" />
                <SequencePoint vc="0" upsid="71" ordinal="2" sl="71" sc="1" el="71" ec="2" bec="0" bev="0" fileid="1" />
                <SequencePoint vc="0" upsid="72" ordinal="3" sl="72" sc="1" el="72" ec="2" bec="0" bev="0" fileid="1" />
                <SequencePoint vc="0" upsid="73" ordinal="4" sl="73" sc="1" el="73" ec="2" bec="0" bev="0" fileid="1" />
              </SequencePoints>
              <BranchPoints>
                <BranchPoint vc="0" upsid="70" ordinal="0" path="0" offset="18" offsetend="20" sl="70" fileid="1" />
                <BranchPoint vc="0" upsid="70" ordinal="1" path="1" offset="18" offsetend="42" sl="70" fileid="1" />
              </BranchPoints>
              <MethodPoint vc="0" upsid="0" p8:type="SequencePoint" ordinal="7" offset="7" sc="0" sl="69" ec="1" el="73" bec="0" bev="0" fileid="1" xmlns:p8="xsi" />
            </Method>
            <Method cyclomaticComplexity="0" nPathComplexity="0" sequenceCoverage="0,714" branchCoverage="0,5" isConstructor="False" isGetter="False" isSetter="False" isStatic="True">
              <Summary numSequencePoints="7" visitedSequencePoints="5" numBranchPoints="4" visitedBranchPoints="2" sequenceCoverage="0,714" branchCoverage="0,5" maxCyclomaticComplexity="0" minCyclomaticComplexity="0" visitedClasses="0" numClasses="0" visitedMethods="1" numMethods="1" />
              <MetadataToken />
              <Name>System.Object Build.Container::CreateInstance(System.String,System.Object[])</Name>
              <FileRef uid="1" />
              <SequencePoints>
                <SequencePoint vc="67" upsid="82" ordinal="0" sl="82" sc="1" el="82" ec="2" bec="0" bev="0" fileid="1" />
                <SequencePoint vc="67" upsid="83" ordinal="1" sl="83" sc="1" el="83" ec="2" bec="0" bev="0" fileid="1" />
                <SequencePoint vc="0" upsid="84" ordinal="2" sl="84" sc="1" el="84" ec="2" bec="0" bev="0" fileid="1" />
                <SequencePoint vc="67" upsid="85" ordinal="3" sl="85" sc="1" el="85" ec="2" bec="0" bev="0" fileid="1" />
                <SequencePoint vc="0" upsid="86" ordinal="4" sl="86" sc="1" el="86" ec="2" bec="0" bev="0" fileid="1" />
                <SequencePoint vc="67" upsid="87" ordinal="5" sl="87" sc="1" el="87" ec="2" bec="0" bev="0" fileid="1" />
                <SequencePoint vc="58" upsid="88" ordinal="6" sl="88" sc="1" el="88" ec="2" bec="0" bev="0" fileid="1" />
              </SequencePoints>
              <BranchPoints>
                <BranchPoint vc="0" upsid="83" ordinal="0" path="0" offset="7" offsetend="9" sl="83" fileid="1" />
                <BranchPoint vc="2147483647" upsid="83" ordinal="1" path="1" offset="7" offsetend="20" sl="83" fileid="1" />
                <BranchPoint vc="0" upsid="85" ordinal="2" path="0" offset="26" offsetend="28" sl="85" fileid="1" />
                <BranchPoint vc="2147483647" upsid="85" ordinal="3" path="1" offset="26" offsetend="39" sl="85" fileid="1" />
              </BranchPoints>
              <MethodPoint vc="5" upsid="0" p8:type="SequencePoint" ordinal="8" offset="8" sc="0" sl="82" ec="1" el="88" bec="0" bev="0" fileid="1" xmlns:p8="xsi" />
            </Method>
            <Method cyclomaticComplexity="0" nPathComplexity="0" sequenceCoverage="0" branchCoverage="0" isConstructor="False" isGetter="False" isSetter="False" isStatic="True">
              <Summary numSequencePoints="5" visitedSequencePoints="0" numBranchPoints="4" visitedBranchPoints="0" sequenceCoverage="0" branchCoverage="0" maxCyclomaticComplexity="0" minCyclomaticComplexity="0" visitedClasses="0" numClasses="0" visitedMethods="0" numMethods="1" />
              <MetadataToken />
              <Name>System.Void Build.Container::RegisterAssembly(System.Reflection.Assembly)</Name>
              <FileRef uid="1" />
              <SequencePoints>
                <SequencePoint vc="0" upsid="95" ordinal="0" sl="95" sc="1" el="95" ec="2" bec="0" bev="0" fileid="1" />
                <SequencePoint vc="0" upsid="96" ordinal="1" sl="96" sc="1" el="96" ec="2" bec="0" bev="0" fileid="1" />
                <SequencePoint vc="0" upsid="97" ordinal="2" sl="97" sc="1" el="97" ec="2" bec="0" bev="0" fileid="1" />
                <SequencePoint vc="0" upsid="98" ordinal="3" sl="98" sc="1" el="98" ec="2" bec="0" bev="0" fileid="1" />
                <SequencePoint vc="0" upsid="99" ordinal="4" sl="99" sc="1" el="99" ec="2" bec="0" bev="0" fileid="1" />
              </SequencePoints>
              <BranchPoints>
                <BranchPoint vc="0" upsid="96" ordinal="3" path="1" offset="54" offsetend="13" sl="96" fileid="1" />
                <BranchPoint vc="0" upsid="96" ordinal="2" path="0" offset="54" offsetend="56" sl="96" fileid="1" />
                <BranchPoint vc="0" upsid="97" ordinal="0" path="0" offset="31" offsetend="33" sl="97" fileid="1" />
                <BranchPoint vc="0" upsid="97" ordinal="1" path="1" offset="31" offsetend="46" sl="97" fileid="1" />
              </BranchPoints>
              <MethodPoint vc="0" upsid="0" p8:type="SequencePoint" ordinal="9" offset="9" sc="0" sl="95" ec="1" el="99" bec="0" bev="0" fileid="1" xmlns:p8="xsi" />
            </Method>
            <Method cyclomaticComplexity="0" nPathComplexity="0" sequenceCoverage="0" branchCoverage="0" isConstructor="False" isGetter="False" isSetter="False" isStatic="True">
              <Summary numSequencePoints="5" visitedSequencePoints="0" numBranchPoints="2" visitedBranchPoints="0" sequenceCoverage="0" branchCoverage="0" maxCyclomaticComplexity="0" minCyclomaticComplexity="0" visitedClasses="0" numClasses="0" visitedMethods="0" numMethods="1" />
              <MetadataToken />
              <Name>System.Void Build.Container::RegisterType(System.Type)</Name>
              <FileRef uid="1" />
              <SequencePoints>
                <SequencePoint vc="0" upsid="109" ordinal="0" sl="109" sc="1" el="109" ec="2" bec="0" bev="0" fileid="1" />
                <SequencePoint vc="0" upsid="110" ordinal="1" sl="110" sc="1" el="110" ec="2" bec="0" bev="0" fileid="1" />
                <SequencePoint vc="0" upsid="111" ordinal="2" sl="111" sc="1" el="111" ec="2" bec="0" bev="0" fileid="1" />
                <SequencePoint vc="0" upsid="112" ordinal="3" sl="112" sc="1" el="112" ec="2" bec="0" bev="0" fileid="1" />
                <SequencePoint vc="0" upsid="113" ordinal="4" sl="113" sc="1" el="113" ec="2" bec="0" bev="0" fileid="1" />
              </SequencePoints>
              <BranchPoints>
                <BranchPoint vc="0" upsid="110" ordinal="0" path="0" offset="18" offsetend="20" sl="110" fileid="1" />
                <BranchPoint vc="0" upsid="110" ordinal="1" path="1" offset="18" offsetend="42" sl="110" fileid="1" />
              </BranchPoints>
              <MethodPoint vc="0" upsid="0" p8:type="SequencePoint" ordinal="10" offset="10" sc="0" sl="109" ec="1" el="113" bec="0" bev="0" fileid="1" xmlns:p8="xsi" />
            </Method>
            <Method cyclomaticComplexity="0" nPathComplexity="0" sequenceCoverage="1" branchCoverage="1" isConstructor="False" isGetter="False" isSetter="False" isStatic="True">
              <Summary numSequencePoints="5" visitedSequencePoints="5" numBranchPoints="2" visitedBranchPoints="2" sequenceCoverage="1" branchCoverage="1" maxCyclomaticComplexity="0" minCyclomaticComplexity="0" visitedClasses="0" numClasses="0" visitedMethods="1" numMethods="1" />
              <MetadataToken />
              <Name>System.Void Build.Container::RegisterType()</Name>
              <FileRef uid="1" />
              <SequencePoints>
                <SequencePoint vc="350" upsid="123" ordinal="0" sl="123" sc="1" el="123" ec="2" bec="0" bev="0" fileid="1" />
                <SequencePoint vc="350" upsid="124" ordinal="1" sl="124" sc="1" el="124" ec="2" bec="0" bev="0" fileid="1" />
                <SequencePoint vc="3" upsid="125" ordinal="2" sl="125" sc="1" el="125" ec="2" bec="0" bev="0" fileid="1" />
                <SequencePoint vc="347" upsid="126" ordinal="3" sl="126" sc="1" el="126" ec="2" bec="0" bev="0" fileid="1" />
                <SequencePoint vc="335" upsid="127" ordinal="4" sl="127" sc="1" el="127" ec="2" bec="0" bev="0" fileid="1" />
              </SequencePoints>
              <BranchPoints>
                <BranchPoint vc="7" upsid="124" ordinal="0" path="0" offset="27" offsetend="29" sl="124" fileid="1" />
                <BranchPoint vc="2147483647" upsid="124" ordinal="1" path="1" offset="27" offsetend="60" sl="124" fileid="1" />
              </BranchPoints>
              <MethodPoint vc="5" upsid="0" p8:type="SequencePoint" ordinal="11" offset="11" sc="0" sl="123" ec="1" el="127" bec="0" bev="0" fileid="1" xmlns:p8="xsi" />
            </Method>
            <Method cyclomaticComplexity="0" nPathComplexity="0" sequenceCoverage="1" branchCoverage="0" isConstructor="False" isGetter="False" isSetter="False" isStatic="True">
              <Summary numSequencePoints="1" visitedSequencePoints="1" numBranchPoints="0" visitedBranchPoints="0" sequenceCoverage="1" branchCoverage="0" maxCyclomaticComplexity="0" minCyclomaticComplexity="0" visitedClasses="0" numClasses="0" visitedMethods="1" numMethods="1" />
              <MetadataToken />
              <Name>System.Void Build.Container::Reset()</Name>
              <FileRef uid="1" />
              <SequencePoints>
                <SequencePoint vc="1" upsid="132" ordinal="0" sl="132" sc="1" el="132" ec="2" bec="0" bev="0" fileid="1" />
              </SequencePoints>
              <BranchPoints />
              <MethodPoint vc="1" upsid="0" p8:type="SequencePoint" ordinal="12" offset="12" sc="0" sl="132" ec="1" el="132" bec="0" bev="0" fileid="1" xmlns:p8="xsi" />
            </Method>
          </Methods>
        </Class>
        <Class>
          <Summary numSequencePoints="13" visitedSequencePoints="10" numBranchPoints="0" visitedBranchPoints="0" sequenceCoverage="0,769" branchCoverage="0" maxCyclomaticComplexity="0" minCyclomaticComplexity="0" visitedClasses="1" numClasses="1" visitedMethods="5" numMethods="6" />
          <FullName>Build.DependencyAttribute</FullName>
          <Methods>
            <Method cyclomaticComplexity="0" nPathComplexity="0" sequenceCoverage="1" branchCoverage="0" isConstructor="True" isGetter="False" isSetter="False" isStatic="True">
              <Summary numSequencePoints="2" visitedSequencePoints="2" numBranchPoints="0" visitedBranchPoints="0" sequenceCoverage="1" branchCoverage="0" maxCyclomaticComplexity="0" minCyclomaticComplexity="0" visitedClasses="0" numClasses="0" visitedMethods="1" numMethods="1" />
              <MetadataToken />
              <Name>System.Void Build.DependencyAttribute::.ctor(System.String,Build.RuntimeInstance)</Name>
              <FileRef uid="2" />
              <SequencePoints>
                <SequencePoint vc="18" upsid="18" ordinal="0" sl="18" sc="1" el="18" ec="2" bec="0" bev="0" fileid="2" />
                <SequencePoint vc="1020" upsid="60" ordinal="1" sl="60" sc="1" el="60" ec="2" bec="0" bev="0" fileid="2" />
              </SequencePoints>
              <BranchPoints />
              <MethodPoint vc="2" upsid="0" p8:type="SequencePoint" ordinal="0" offset="0" sc="0" sl="18" ec="1" el="60" bec="0" bev="0" fileid="2" xmlns:p8="xsi" />
            </Method>
            <Method cyclomaticComplexity="0" nPathComplexity="0" sequenceCoverage="1" branchCoverage="0" isConstructor="True" isGetter="False" isSetter="False" isStatic="True">
              <Summary numSequencePoints="1" visitedSequencePoints="1" numBranchPoints="0" visitedBranchPoints="0" sequenceCoverage="1" branchCoverage="0" maxCyclomaticComplexity="0" minCyclomaticComplexity="0" visitedClasses="0" numClasses="0" visitedMethods="1" numMethods="1" />
              <MetadataToken />
              <Name>System.Void Build.DependencyAttribute::.ctor(System.Type,Build.RuntimeInstance)</Name>
              <FileRef uid="2" />
              <SequencePoints>
                <SequencePoint vc="744" upsid="25" ordinal="0" sl="25" sc="1" el="25" ec="2" bec="0" bev="0" fileid="2" />
              </SequencePoints>
              <BranchPoints />
              <MethodPoint vc="1" upsid="0" p8:type="SequencePoint" ordinal="1" offset="1" sc="0" sl="25" ec="1" el="25" bec="0" bev="0" fileid="2" xmlns:p8="xsi" />
            </Method>
            <Method cyclomaticComplexity="0" nPathComplexity="0" sequenceCoverage="1" branchCoverage="0" isConstructor="True" isGetter="False" isSetter="False" isStatic="True">
              <Summary numSequencePoints="1" visitedSequencePoints="1" numBranchPoints="0" visitedBranchPoints="0" sequenceCoverage="1" branchCoverage="0" maxCyclomaticComplexity="0" minCyclomaticComplexity="0" visitedClasses="0" numClasses="0" visitedMethods="1" numMethods="1" />
              <MetadataToken />
              <Name>System.Void Build.DependencyAttribute::.ctor(Build.RuntimeInstance)</Name>
              <FileRef uid="2" />
              <SequencePoints>
                <SequencePoint vc="192" upsid="31" ordinal="0" sl="31" sc="1" el="31" ec="2" bec="0" bev="0" fileid="2" />
              </SequencePoints>
              <BranchPoints />
              <MethodPoint vc="1" upsid="0" p8:type="SequencePoint" ordinal="2" offset="2" sc="0" sl="31" ec="1" el="31" bec="0" bev="0" fileid="2" xmlns:p8="xsi" />
            </Method>
            <Method cyclomaticComplexity="0" nPathComplexity="0" sequenceCoverage="1" branchCoverage="0" isConstructor="True" isGetter="False" isSetter="False" isStatic="True">
              <Summary numSequencePoints="3" visitedSequencePoints="3" numBranchPoints="0" visitedBranchPoints="0" sequenceCoverage="1" branchCoverage="0" maxCyclomaticComplexity="0" minCyclomaticComplexity="0" visitedClasses="0" numClasses="0" visitedMethods="1" numMethods="1" />
              <MetadataToken />
              <Name>System.Void Build.DependencyAttribute::.ctor(System.String)</Name>
              <FileRef uid="2" />
              <SequencePoints>
                <SequencePoint vc="53" upsid="37" ordinal="0" sl="37" sc="1" el="37" ec="2" bec="0" bev="0" fileid="2" />
                <SequencePoint vc="53" upsid="38" ordinal="1" sl="38" sc="1" el="38" ec="2" bec="0" bev="0" fileid="2" />
                <SequencePoint vc="53" upsid="39" ordinal="2" sl="39" sc="1" el="39" ec="2" bec="0" bev="0" fileid="2" />
              </SequencePoints>
              <BranchPoints />
              <MethodPoint vc="3" upsid="0" p8:type="SequencePoint" ordinal="3" offset="3" sc="0" sl="37" ec="1" el="39" bec="0" bev="0" fileid="2" xmlns:p8="xsi" />
            </Method>
            <Method cyclomaticComplexity="0" nPathComplexity="0" sequenceCoverage="1" branchCoverage="0" isConstructor="True" isGetter="False" isSetter="False" isStatic="True">
              <Summary numSequencePoints="3" visitedSequencePoints="3" numBranchPoints="0" visitedBranchPoints="0" sequenceCoverage="1" branchCoverage="0" maxCyclomaticComplexity="0" minCyclomaticComplexity="0" visitedClasses="0" numClasses="0" visitedMethods="1" numMethods="1" />
              <MetadataToken />
              <Name>System.Void Build.DependencyAttribute::.ctor(System.Type)</Name>
              <FileRef uid="2" />
              <SequencePoints>
                <SequencePoint vc="9" upsid="45" ordinal="0" sl="45" sc="1" el="45" ec="2" bec="0" bev="0" fileid="2" />
                <SequencePoint vc="9" upsid="46" ordinal="1" sl="46" sc="1" el="46" ec="2" bec="0" bev="0" fileid="2" />
                <SequencePoint vc="9" upsid="47" ordinal="2" sl="47" sc="1" el="47" ec="2" bec="0" bev="0" fileid="2" />
              </SequencePoints>
              <BranchPoints />
              <MethodPoint vc="3" upsid="0" p8:type="SequencePoint" ordinal="4" offset="4" sc="0" sl="45" ec="1" el="47" bec="0" bev="0" fileid="2" xmlns:p8="xsi" />
            </Method>
            <Method cyclomaticComplexity="0" nPathComplexity="0" sequenceCoverage="0" branchCoverage="0" isConstructor="True" isGetter="False" isSetter="False" isStatic="True">
              <Summary numSequencePoints="3" visitedSequencePoints="0" numBranchPoints="0" visitedBranchPoints="0" sequenceCoverage="0" branchCoverage="0" maxCyclomaticComplexity="0" minCyclomaticComplexity="0" visitedClasses="0" numClasses="0" visitedMethods="0" numMethods="1" />
              <MetadataToken />
              <Name>System.Void Build.DependencyAttribute::.ctor()</Name>
              <FileRef uid="2" />
              <SequencePoints>
                <SequencePoint vc="0" upsid="52" ordinal="0" sl="52" sc="1" el="52" ec="2" bec="0" bev="0" fileid="2" />
                <SequencePoint vc="0" upsid="53" ordinal="1" sl="53" sc="1" el="53" ec="2" bec="0" bev="0" fileid="2" />
                <SequencePoint vc="0" upsid="54" ordinal="2" sl="54" sc="1" el="54" ec="2" bec="0" bev="0" fileid="2" />
              </SequencePoints>
              <BranchPoints />
              <MethodPoint vc="0" upsid="0" p8:type="SequencePoint" ordinal="5" offset="5" sc="0" sl="52" ec="1" el="54" bec="0" bev="0" fileid="2" xmlns:p8="xsi" />
            </Method>
          </Methods>
        </Class>
        <Class>
          <Summary numSequencePoints="2" visitedSequencePoints="2" numBranchPoints="0" visitedBranchPoints="0" sequenceCoverage="1" branchCoverage="0" maxCyclomaticComplexity="0" minCyclomaticComplexity="0" visitedClasses="1" numClasses="1" visitedMethods="2" numMethods="2" />
          <FullName>Build.Format</FullName>
          <Methods>
            <Method cyclomaticComplexity="0" nPathComplexity="0" sequenceCoverage="1" branchCoverage="0" isConstructor="True" isGetter="False" isSetter="False" isStatic="True">
              <Summary numSequencePoints="1" visitedSequencePoints="1" numBranchPoints="0" visitedBranchPoints="0" sequenceCoverage="1" branchCoverage="0" maxCyclomaticComplexity="0" minCyclomaticComplexity="0" visitedClasses="0" numClasses="0" visitedMethods="1" numMethods="1" />
              <MetadataToken />
              <Name>System.String Build.Format::GetConstructorFullName(System.String,System.Collections.Generic.IEnumerable`1&lt;System.String&gt;)</Name>
              <FileRef uid="3" />
              <SequencePoints>
                <SequencePoint vc="3435" upsid="16" ordinal="0" sl="16" sc="1" el="16" ec="2" bec="0" bev="0" fileid="3" />
              </SequencePoints>
              <BranchPoints />
              <MethodPoint vc="1" upsid="0" p8:type="SequencePoint" ordinal="0" offset="0" sc="0" sl="16" ec="1" el="16" bec="0" bev="0" fileid="3" xmlns:p8="xsi" />
            </Method>
            <Method cyclomaticComplexity="0" nPathComplexity="0" sequenceCoverage="1" branchCoverage="0" isConstructor="True" isGetter="False" isSetter="False" isStatic="True">
              <Summary numSequencePoints="1" visitedSequencePoints="1" numBranchPoints="0" visitedBranchPoints="0" sequenceCoverage="1" branchCoverage="0" maxCyclomaticComplexity="0" minCyclomaticComplexity="0" visitedClasses="0" numClasses="0" visitedMethods="1" numMethods="1" />
              <MetadataToken />
              <Name>System.String Build.Format::GetConstructorParameterFullName(System.String,System.Nullable`1&lt;System.Int32&gt;)</Name>
              <FileRef uid="3" />
              <SequencePoints>
                <SequencePoint vc="968" upsid="24" ordinal="0" sl="24" sc="1" el="24" ec="2" bec="0" bev="0" fileid="3" />
              </SequencePoints>
              <BranchPoints />
              <MethodPoint vc="1" upsid="0" p8:type="SequencePoint" ordinal="1" offset="1" sc="0" sl="24" ec="1" el="24" bec="0" bev="0" fileid="3" xmlns:p8="xsi" />
            </Method>
          </Methods>
        </Class>
        <Class>
          <Summary numSequencePoints="13" visitedSequencePoints="12" numBranchPoints="0" visitedBranchPoints="0" sequenceCoverage="0,923" branchCoverage="0" maxCyclomaticComplexity="0" minCyclomaticComplexity="0" visitedClasses="1" numClasses="1" visitedMethods="5" numMethods="6" />
          <FullName>Build.InjectionAttribute</FullName>
          <Methods>
            <Method cyclomaticComplexity="0" nPathComplexity="0" sequenceCoverage="1" branchCoverage="0" isConstructor="True" isGetter="False" isSetter="False" isStatic="True">
              <Summary numSequencePoints="1" visitedSequencePoints="1" numBranchPoints="0" visitedBranchPoints="0" sequenceCoverage="1" branchCoverage="0" maxCyclomaticComplexity="0" minCyclomaticComplexity="0" visitedClasses="0" numClasses="0" visitedMethods="1" numMethods="1" />
              <MetadataToken />
              <Name>System.Void Build.InjectionAttribute::.ctor(System.String,System.Object[])</Name>
              <FileRef uid="4" />
              <SequencePoints>
                <SequencePoint vc="72" upsid="18" ordinal="0" sl="18" sc="1" el="18" ec="2" bec="0" bev="0" fileid="4" />
              </SequencePoints>
              <BranchPoints />
              <MethodPoint vc="1" upsid="0" p8:type="SequencePoint" ordinal="0" offset="0" sc="0" sl="18" ec="1" el="18" bec="0" bev="0" fileid="4" xmlns:p8="xsi" />
            </Method>
            <Method cyclomaticComplexity="0" nPathComplexity="0" sequenceCoverage="1" branchCoverage="0" isConstructor="True" isGetter="False" isSetter="False" isStatic="True">
              <Summary numSequencePoints="1" visitedSequencePoints="1" numBranchPoints="0" visitedBranchPoints="0" sequenceCoverage="1" branchCoverage="0" maxCyclomaticComplexity="0" minCyclomaticComplexity="0" visitedClasses="0" numClasses="0" visitedMethods="1" numMethods="1" />
              <MetadataToken />
              <Name>System.Void Build.InjectionAttribute::.ctor(System.Type,System.Object[])</Name>
              <FileRef uid="4" />
              <SequencePoints>
                <SequencePoint vc="194" upsid="25" ordinal="0" sl="25" sc="1" el="25" ec="2" bec="0" bev="0" fileid="4" />
              </SequencePoints>
              <BranchPoints />
              <MethodPoint vc="1" upsid="0" p8:type="SequencePoint" ordinal="1" offset="1" sc="0" sl="25" ec="1" el="25" bec="0" bev="0" fileid="4" xmlns:p8="xsi" />
            </Method>
            <Method cyclomaticComplexity="0" nPathComplexity="0" sequenceCoverage="1" branchCoverage="0" isConstructor="True" isGetter="False" isSetter="False" isStatic="True">
              <Summary numSequencePoints="4" visitedSequencePoints="4" numBranchPoints="0" visitedBranchPoints="0" sequenceCoverage="1" branchCoverage="0" maxCyclomaticComplexity="0" minCyclomaticComplexity="0" visitedClasses="0" numClasses="0" visitedMethods="1" numMethods="1" />
              <MetadataToken />
              <Name>System.Void Build.InjectionAttribute::.ctor(System.String)</Name>
              <FileRef uid="4" />
              <SequencePoints>
                <SequencePoint vc="57" upsid="31" ordinal="0" sl="31" sc="1" el="31" ec="2" bec="0" bev="0" fileid="4" />
                <SequencePoint vc="57" upsid="32" ordinal="1" sl="32" sc="1" el="32" ec="2" bec="0" bev="0" fileid="4" />
                <SequencePoint vc="57" upsid="33" ordinal="2" sl="33" sc="1" el="33" ec="2" bec="0" bev="0" fileid="4" />
                <SequencePoint vc="934" upsid="54" ordinal="3" sl="54" sc="1" el="54" ec="2" bec="0" bev="0" fileid="4" />
              </SequencePoints>
              <BranchPoints />
              <MethodPoint vc="4" upsid="0" p8:type="SequencePoint" ordinal="2" offset="2" sc="0" sl="31" ec="1" el="54" bec="0" bev="0" fileid="4" xmlns:p8="xsi" />
            </Method>
            <Method cyclomaticComplexity="0" nPathComplexity="0" sequenceCoverage="1" branchCoverage="0" isConstructor="True" isGetter="False" isSetter="False" isStatic="True">
              <Summary numSequencePoints="3" visitedSequencePoints="3" numBranchPoints="0" visitedBranchPoints="0" sequenceCoverage="1" branchCoverage="0" maxCyclomaticComplexity="0" minCyclomaticComplexity="0" visitedClasses="0" numClasses="0" visitedMethods="1" numMethods="1" />
              <MetadataToken />
              <Name>System.Void Build.InjectionAttribute::.ctor(System.Type)</Name>
              <FileRef uid="4" />
              <SequencePoints>
                <SequencePoint vc="340" upsid="39" ordinal="0" sl="39" sc="1" el="39" ec="2" bec="0" bev="0" fileid="4" />
                <SequencePoint vc="340" upsid="40" ordinal="1" sl="40" sc="1" el="40" ec="2" bec="0" bev="0" fileid="4" />
                <SequencePoint vc="340" upsid="41" ordinal="2" sl="41" sc="1" el="41" ec="2" bec="0" bev="0" fileid="4" />
              </SequencePoints>
              <BranchPoints />
              <MethodPoint vc="3" upsid="0" p8:type="SequencePoint" ordinal="3" offset="3" sc="0" sl="39" ec="1" el="41" bec="0" bev="0" fileid="4" xmlns:p8="xsi" />
            </Method>
            <Method cyclomaticComplexity="0" nPathComplexity="0" sequenceCoverage="1" branchCoverage="0" isConstructor="True" isGetter="False" isSetter="False" isStatic="True">
              <Summary numSequencePoints="3" visitedSequencePoints="3" numBranchPoints="0" visitedBranchPoints="0" sequenceCoverage="1" branchCoverage="0" maxCyclomaticComplexity="0" minCyclomaticComplexity="0" visitedClasses="0" numClasses="0" visitedMethods="1" numMethods="1" />
              <MetadataToken />
              <Name>System.Void Build.InjectionAttribute::.ctor()</Name>
              <FileRef uid="4" />
              <SequencePoints>
                <SequencePoint vc="6" upsid="46" ordinal="0" sl="46" sc="1" el="46" ec="2" bec="0" bev="0" fileid="4" />
                <SequencePoint vc="6" upsid="47" ordinal="1" sl="47" sc="1" el="47" ec="2" bec="0" bev="0" fileid="4" />
                <SequencePoint vc="6" upsid="48" ordinal="2" sl="48" sc="1" el="48" ec="2" bec="0" bev="0" fileid="4" />
              </SequencePoints>
              <BranchPoints />
              <MethodPoint vc="3" upsid="0" p8:type="SequencePoint" ordinal="4" offset="4" sc="0" sl="46" ec="1" el="48" bec="0" bev="0" fileid="4" xmlns:p8="xsi" />
            </Method>
            <Method cyclomaticComplexity="0" nPathComplexity="0" sequenceCoverage="0" branchCoverage="0" isConstructor="False" isGetter="True" isSetter="False" isStatic="True">
              <Summary numSequencePoints="1" visitedSequencePoints="0" numBranchPoints="0" visitedBranchPoints="0" sequenceCoverage="0" branchCoverage="0" maxCyclomaticComplexity="0" minCyclomaticComplexity="0" visitedClasses="0" numClasses="0" visitedMethods="0" numMethods="1" />
              <MetadataToken />
              <Name>Build.RuntimeInstance Build.InjectionAttribute::get_RuntimeInstance()</Name>
              <FileRef uid="4" />
              <SequencePoints>
                <SequencePoint vc="0" upsid="60" ordinal="0" sl="60" sc="1" el="60" ec="2" bec="0" bev="0" fileid="4" />
              </SequencePoints>
              <BranchPoints />
              <MethodPoint vc="0" upsid="0" p8:type="SequencePoint" ordinal="5" offset="5" sc="0" sl="60" ec="1" el="60" bec="0" bev="0" fileid="4" xmlns:p8="xsi" />
            </Method>
          </Methods>
        </Class>
        <Class>
          <Summary numSequencePoints="11" visitedSequencePoints="11" numBranchPoints="2" visitedBranchPoints="2" sequenceCoverage="1" branchCoverage="1" maxCyclomaticComplexity="0" minCyclomaticComplexity="0" visitedClasses="1" numClasses="1" visitedMethods="5" numMethods="5" />
          <FullName>Build.RuntimeAttribute</FullName>
          <Methods>
            <Method cyclomaticComplexity="0" nPathComplexity="0" sequenceCoverage="1" branchCoverage="0" isConstructor="True" isGetter="False" isSetter="False" isStatic="True">
              <Summary numSequencePoints="3" visitedSequencePoints="3" numBranchPoints="0" visitedBranchPoints="0" sequenceCoverage="1" branchCoverage="0" maxCyclomaticComplexity="0" minCyclomaticComplexity="0" visitedClasses="0" numClasses="0" visitedMethods="1" numMethods="1" />
              <MetadataToken />
              <Name>System.Void Build.RuntimeAttribute::.ctor(System.String)</Name>
              <FileRef uid="5" />
              <SequencePoints>
                <SequencePoint vc="442" upsid="16" ordinal="0" sl="16" sc="1" el="16" ec="2" bec="0" bev="0" fileid="5" />
                <SequencePoint vc="942" upsid="28" ordinal="1" sl="28" sc="1" el="28" ec="2" bec="0" bev="0" fileid="5" />
                <SequencePoint vc="2431" upsid="40" ordinal="2" sl="40" sc="1" el="40" ec="2" bec="0" bev="0" fileid="5" />
              </SequencePoints>
              <BranchPoints />
              <MethodPoint vc="3" upsid="0" p8:type="SequencePoint" ordinal="0" offset="0" sc="0" sl="16" ec="1" el="40" bec="0" bev="0" fileid="5" xmlns:p8="xsi" />
            </Method>
            <Method cyclomaticComplexity="0" nPathComplexity="0" sequenceCoverage="1" branchCoverage="0" isConstructor="True" isGetter="False" isSetter="False" isStatic="True">
              <Summary numSequencePoints="1" visitedSequencePoints="1" numBranchPoints="0" visitedBranchPoints="0" sequenceCoverage="1" branchCoverage="0" maxCyclomaticComplexity="0" minCyclomaticComplexity="0" visitedClasses="0" numClasses="0" visitedMethods="1" numMethods="1" />
              <MetadataToken />
              <Name>System.Void Build.RuntimeAttribute::.ctor(System.Type)</Name>
              <FileRef uid="5" />
              <SequencePoints>
                <SequencePoint vc="1442" upsid="22" ordinal="0" sl="22" sc="1" el="22" ec="2" bec="0" bev="0" fileid="5" />
              </SequencePoints>
              <BranchPoints />
              <MethodPoint vc="1" upsid="0" p8:type="SequencePoint" ordinal="1" offset="1" sc="0" sl="22" ec="1" el="22" bec="0" bev="0" fileid="5" xmlns:p8="xsi" />
            </Method>
            <Method cyclomaticComplexity="0" nPathComplexity="0" sequenceCoverage="1" branchCoverage="0" isConstructor="False" isGetter="True" isSetter="False" isStatic="True">
              <Summary numSequencePoints="1" visitedSequencePoints="1" numBranchPoints="0" visitedBranchPoints="0" sequenceCoverage="1" branchCoverage="0" maxCyclomaticComplexity="0" minCyclomaticComplexity="0" visitedClasses="0" numClasses="0" visitedMethods="1" numMethods="1" />
              <MetadataToken />
              <Name>System.String Build.RuntimeAttribute::get_TypeFullName()</Name>
              <FileRef uid="5" />
              <SequencePoints>
                <SequencePoint vc="1758" upsid="46" ordinal="0" sl="46" sc="1" el="46" ec="2" bec="0" bev="0" fileid="5" />
              </SequencePoints>
              <BranchPoints />
              <MethodPoint vc="1" upsid="0" p8:type="SequencePoint" ordinal="2" offset="2" sc="0" sl="46" ec="1" el="46" bec="0" bev="0" fileid="5" xmlns:p8="xsi" />
            </Method>
            <Method cyclomaticComplexity="0" nPathComplexity="0" sequenceCoverage="1" branchCoverage="1" isConstructor="False" isGetter="False" isSetter="False" isStatic="True">
              <Summary numSequencePoints="5" visitedSequencePoints="5" numBranchPoints="2" visitedBranchPoints="2" sequenceCoverage="1" branchCoverage="1" maxCyclomaticComplexity="0" minCyclomaticComplexity="0" visitedClasses="0" numClasses="0" visitedMethods="1" numMethods="1" />
              <MetadataToken />
              <Name>Build.IRuntimeAttribute Build.RuntimeAttribute::GetRuntimeType(System.String)</Name>
              <FileRef uid="5" />
              <SequencePoints>
                <SequencePoint vc="964" upsid="54" ordinal="0" sl="54" sc="1" el="54" ec="2" bec="0" bev="0" fileid="5" />
                <SequencePoint vc="964" upsid="55" ordinal="1" sl="55" sc="1" el="55" ec="2" bec="0" bev="0" fileid="5" />
                <SequencePoint vc="830" upsid="56" ordinal="2" sl="56" sc="1" el="56" ec="2" bec="0" bev="0" fileid="5" />
                <SequencePoint vc="134" upsid="57" ordinal="3" sl="57" sc="1" el="57" ec="2" bec="0" bev="0" fileid="5" />
                <SequencePoint vc="964" upsid="58" ordinal="4" sl="58" sc="1" el="58" ec="2" bec="0" bev="0" fileid="5" />
              </SequencePoints>
              <BranchPoints>
                <BranchPoint vc="2147483647" upsid="55" ordinal="0" path="0" offset="18" offsetend="20" sl="55" fileid="5" />
                <BranchPoint vc="2147483647" upsid="55" ordinal="1" path="1" offset="18" offsetend="24" sl="55" fileid="5" />
              </BranchPoints>
              <MethodPoint vc="5" upsid="0" p8:type="SequencePoint" ordinal="3" offset="3" sc="0" sl="54" ec="1" el="58" bec="0" bev="0" fileid="5" xmlns:p8="xsi" />
            </Method>
            <Method cyclomaticComplexity="0" nPathComplexity="0" sequenceCoverage="1" branchCoverage="0" isConstructor="False" isGetter="False" isSetter="False" isStatic="True">
              <Summary numSequencePoints="1" visitedSequencePoints="1" numBranchPoints="0" visitedBranchPoints="0" sequenceCoverage="1" branchCoverage="0" maxCyclomaticComplexity="0" minCyclomaticComplexity="0" visitedClasses="0" numClasses="0" visitedMethods="1" numMethods="1" />
              <MetadataToken />
              <Name>System.Void Build.RuntimeAttribute::RegisterRuntimeType(System.String,Build.IRuntimeAttribute)</Name>
              <FileRef uid="5" />
              <SequencePoints>
                <SequencePoint vc="391" upsid="65" ordinal="0" sl="65" sc="1" el="65" ec="2" bec="0" bev="0" fileid="5" />
              </SequencePoints>
              <BranchPoints />
              <MethodPoint vc="1" upsid="0" p8:type="SequencePoint" ordinal="4" offset="4" sc="0" sl="65" ec="1" el="65" bec="0" bev="0" fileid="5" xmlns:p8="xsi" />
            </Method>
          </Methods>
        </Class>
        <Class>
          <Summary numSequencePoints="120" visitedSequencePoints="116" numBranchPoints="58" visitedBranchPoints="53" sequenceCoverage="0,967" branchCoverage="0,914" maxCyclomaticComplexity="0" minCyclomaticComplexity="0" visitedClasses="1" numClasses="1" visitedMethods="29" numMethods="31" />
          <FullName>Build.RuntimeType</FullName>
          <Methods>
            <Method cyclomaticComplexity="0" nPathComplexity="0" sequenceCoverage="1" branchCoverage="0,75" isConstructor="True" isGetter="False" isSetter="False" isStatic="True">
              <Summary numSequencePoints="10" visitedSequencePoints="10" numBranchPoints="4" visitedBranchPoints="3" sequenceCoverage="1" branchCoverage="0,75" maxCyclomaticComplexity="0" minCyclomaticComplexity="0" visitedClasses="0" numClasses="0" visitedMethods="1" numMethods="1" />
              <MetadataToken />
              <Name>System.Void Build.RuntimeType::.ctor(Build.IRuntimeAttribute,Build.RuntimeType,System.Type)</Name>
              <FileRef uid="6" />
              <SequencePoints>
                <SequencePoint vc="942" upsid="20" ordinal="0" sl="20" sc="1" el="20" ec="2" bec="0" bev="0" fileid="6" />
                <SequencePoint vc="942" upsid="35" ordinal="1" sl="35" sc="1" el="35" ec="2" bec="0" bev="0" fileid="6" />
                <SequencePoint vc="942" upsid="36" ordinal="2" sl="36" sc="1" el="36" ec="2" bec="0" bev="0" fileid="6" />
                <SequencePoint vc="942" upsid="37" ordinal="3" sl="37" sc="1" el="37" ec="2" bec="0" bev="0" fileid="6" />
                <SequencePoint vc="942" upsid="38" ordinal="4" sl="38" sc="1" el="38" ec="2" bec="0" bev="0" fileid="6" />
                <SequencePoint vc="942" upsid="39" ordinal="5" sl="39" sc="1" el="39" ec="2" bec="0" bev="0" fileid="6" />
                <SequencePoint vc="942" upsid="40" ordinal="6" sl="40" sc="1" el="40" ec="2" bec="0" bev="0" fileid="6" />
                <SequencePoint vc="942" upsid="41" ordinal="7" sl="41" sc="1" el="41" ec="2" bec="0" bev="0" fileid="6" />
                <SequencePoint vc="2794" upsid="100" ordinal="8" sl="100" sc="1" el="100" ec="2" bec="0" bev="0" fileid="6" />
                <SequencePoint vc="7875" upsid="106" ordinal="9" sl="106" sc="1" el="106" ec="2" bec="0" bev="0" fileid="6" />
              </SequencePoints>
              <BranchPoints>
                <BranchPoint vc="2147483647" upsid="39" ordinal="0" path="0" offset="58" offsetend="60" sl="39" fileid="6" />
                <BranchPoint vc="2147483647" upsid="39" ordinal="1" path="1" offset="58" offsetend="62" sl="39" fileid="6" />
                <BranchPoint vc="0" upsid="40" ordinal="2" path="0" offset="70" offsetend="72" sl="40" fileid="6" />
                <BranchPoint vc="2147483647" upsid="40" ordinal="3" path="1" offset="70" offsetend="84" sl="40" fileid="6" />
              </BranchPoints>
              <MethodPoint vc="10" upsid="0" p8:type="SequencePoint" ordinal="0" offset="0" sc="0" sl="20" ec="1" el="106" bec="0" bev="0" fileid="6" xmlns:p8="xsi" />
            </Method>
            <Method cyclomaticComplexity="0" nPathComplexity="0" sequenceCoverage="1" branchCoverage="0" isConstructor="False" isGetter="True" isSetter="False" isStatic="True">
              <Summary numSequencePoints="1" visitedSequencePoints="1" numBranchPoints="0" visitedBranchPoints="0" sequenceCoverage="1" branchCoverage="0" maxCyclomaticComplexity="0" minCyclomaticComplexity="0" visitedClasses="0" numClasses="0" visitedMethods="1" numMethods="1" />
              <MetadataToken />
              <Name>Build.IRuntimeAttribute Build.RuntimeType::get_Attribute()</Name>
              <FileRef uid="6" />
              <SequencePoints>
                <SequencePoint vc="1798" upsid="47" ordinal="0" sl="47" sc="1" el="47" ec="2" bec="0" bev="0" fileid="6" />
              </SequencePoints>
              <BranchPoints />
              <MethodPoint vc="1" upsid="0" p8:type="SequencePoint" ordinal="1" offset="1" sc="0" sl="47" ec="1" el="47" bec="0" bev="0" fileid="6" xmlns:p8="xsi" />
            </Method>
            <Method cyclomaticComplexity="0" nPathComplexity="0" sequenceCoverage="1" branchCoverage="1" isConstructor="False" isGetter="True" isSetter="False" isStatic="True">
              <Summary numSequencePoints="1" visitedSequencePoints="1" numBranchPoints="2" visitedBranchPoints="2" sequenceCoverage="1" branchCoverage="1" maxCyclomaticComplexity="0" minCyclomaticComplexity="0" visitedClasses="0" numClasses="0" visitedMethods="1" numMethods="1" />
              <MetadataToken />
              <Name>System.String Build.RuntimeType::get_Id()</Name>
              <FileRef uid="6" />
              <SequencePoints>
                <SequencePoint vc="3208" upsid="53" ordinal="0" sl="53" sc="1" el="53" ec="2" bec="0" bev="0" fileid="6" />
              </SequencePoints>
              <BranchPoints>
                <BranchPoint vc="1" upsid="53" ordinal="0" path="0" offset="23" offsetend="25" sl="53" fileid="6" />
                <BranchPoint vc="2147483647" upsid="53" ordinal="1" path="1" offset="23" offsetend="48" sl="53" fileid="6" />
              </BranchPoints>
              <MethodPoint vc="1" upsid="0" p8:type="SequencePoint" ordinal="2" offset="2" sc="0" sl="53" ec="1" el="53" bec="0" bev="0" fileid="6" xmlns:p8="xsi" />
            </Method>
            <Method cyclomaticComplexity="0" nPathComplexity="0" sequenceCoverage="1" branchCoverage="0" isConstructor="False" isGetter="True" isSetter="False" isStatic="True">
              <Summary numSequencePoints="1" visitedSequencePoints="1" numBranchPoints="0" visitedBranchPoints="0" sequenceCoverage="1" branchCoverage="0" maxCyclomaticComplexity="0" minCyclomaticComplexity="0" visitedClasses="0" numClasses="0" visitedMethods="1" numMethods="1" />
              <MetadataToken />
              <Name>System.Boolean Build.RuntimeType::get_IsInitialized()</Name>
              <FileRef uid="6" />
              <SequencePoints>
                <SequencePoint vc="717" upsid="59" ordinal="0" sl="59" sc="1" el="59" ec="2" bec="0" bev="0" fileid="6" />
              </SequencePoints>
              <BranchPoints />
              <MethodPoint vc="1" upsid="0" p8:type="SequencePoint" ordinal="3" offset="3" sc="0" sl="59" ec="1" el="59" bec="0" bev="0" fileid="6" xmlns:p8="xsi" />
            </Method>
            <Method cyclomaticComplexity="0" nPathComplexity="0" sequenceCoverage="1" branchCoverage="0" isConstructor="False" isGetter="True" isSetter="False" isStatic="True">
              <Summary numSequencePoints="1" visitedSequencePoints="1" numBranchPoints="0" visitedBranchPoints="0" sequenceCoverage="1" branchCoverage="0" maxCyclomaticComplexity="0" minCyclomaticComplexity="0" visitedClasses="0" numClasses="0" visitedMethods="1" numMethods="1" />
              <MetadataToken />
              <Name>System.Int32 Build.RuntimeType::get_ParametersCount()</Name>
              <FileRef uid="6" />
              <SequencePoints>
                <SequencePoint vc="315" upsid="65" ordinal="0" sl="65" sc="1" el="65" ec="2" bec="0" bev="0" fileid="6" />
              </SequencePoints>
              <BranchPoints />
              <MethodPoint vc="1" upsid="0" p8:type="SequencePoint" ordinal="4" offset="4" sc="0" sl="65" ec="1" el="65" bec="0" bev="0" fileid="6" xmlns:p8="xsi" />
            </Method>
            <Method cyclomaticComplexity="0" nPathComplexity="0" sequenceCoverage="0" branchCoverage="0" isConstructor="False" isGetter="True" isSetter="False" isStatic="True">
              <Summary numSequencePoints="1" visitedSequencePoints="0" numBranchPoints="0" visitedBranchPoints="0" sequenceCoverage="0" branchCoverage="0" maxCyclomaticComplexity="0" minCyclomaticComplexity="0" visitedClasses="0" numClasses="0" visitedMethods="0" numMethods="1" />
              <MetadataToken />
              <Name>Build.IRuntimeType Build.RuntimeType::get_Parent()</Name>
              <FileRef uid="6" />
              <SequencePoints>
                <SequencePoint vc="0" upsid="71" ordinal="0" sl="71" sc="1" el="71" ec="2" bec="0" bev="0" fileid="6" />
              </SequencePoints>
              <BranchPoints />
              <MethodPoint vc="0" upsid="0" p8:type="SequencePoint" ordinal="5" offset="5" sc="0" sl="71" ec="1" el="71" bec="0" bev="0" fileid="6" xmlns:p8="xsi" />
            </Method>
            <Method cyclomaticComplexity="0" nPathComplexity="0" sequenceCoverage="1" branchCoverage="0" isConstructor="False" isGetter="True" isSetter="False" isStatic="True">
              <Summary numSequencePoints="1" visitedSequencePoints="1" numBranchPoints="0" visitedBranchPoints="0" sequenceCoverage="1" branchCoverage="0" maxCyclomaticComplexity="0" minCyclomaticComplexity="0" visitedClasses="0" numClasses="0" visitedMethods="1" numMethods="1" />
              <MetadataToken />
              <Name>Build.RuntimeInstance Build.RuntimeType::get_RuntimeInstance()</Name>
              <FileRef uid="6" />
              <SequencePoints>
                <SequencePoint vc="1187" upsid="77" ordinal="0" sl="77" sc="1" el="77" ec="2" bec="0" bev="0" fileid="6" />
              </SequencePoints>
              <BranchPoints />
              <MethodPoint vc="1" upsid="0" p8:type="SequencePoint" ordinal="6" offset="6" sc="0" sl="77" ec="1" el="77" bec="0" bev="0" fileid="6" xmlns:p8="xsi" />
            </Method>
            <Method cyclomaticComplexity="0" nPathComplexity="0" sequenceCoverage="1" branchCoverage="0" isConstructor="False" isGetter="True" isSetter="False" isStatic="True">
              <Summary numSequencePoints="1" visitedSequencePoints="1" numBranchPoints="0" visitedBranchPoints="0" sequenceCoverage="1" branchCoverage="0" maxCyclomaticComplexity="0" minCyclomaticComplexity="0" visitedClasses="0" numClasses="0" visitedMethods="1" numMethods="1" />
              <MetadataToken />
              <Name>System.Collections.Generic.IEnumerable`1&lt;Build.IRuntimeType&gt; Build.RuntimeType::get_RuntimeParameters()</Name>
              <FileRef uid="6" />
              <SequencePoints>
                <SequencePoint vc="2348" upsid="83" ordinal="0" sl="83" sc="1" el="83" ec="2" bec="0" bev="0" fileid="6" />
              </SequencePoints>
              <BranchPoints />
              <MethodPoint vc="1" upsid="0" p8:type="SequencePoint" ordinal="7" offset="7" sc="0" sl="83" ec="1" el="83" bec="0" bev="0" fileid="6" xmlns:p8="xsi" />
            </Method>
            <Method cyclomaticComplexity="0" nPathComplexity="0" sequenceCoverage="1" branchCoverage="0" isConstructor="False" isGetter="True" isSetter="False" isStatic="True">
              <Summary numSequencePoints="1" visitedSequencePoints="1" numBranchPoints="0" visitedBranchPoints="0" sequenceCoverage="1" branchCoverage="0" maxCyclomaticComplexity="0" minCyclomaticComplexity="0" visitedClasses="0" numClasses="0" visitedMethods="1" numMethods="1" />
              <MetadataToken />
              <Name>System.Type Build.RuntimeType::get_Type()</Name>
              <FileRef uid="6" />
              <SequencePoints>
                <SequencePoint vc="6640" upsid="89" ordinal="0" sl="89" sc="1" el="89" ec="2" bec="0" bev="0" fileid="6" />
              </SequencePoints>
              <BranchPoints />
              <MethodPoint vc="1" upsid="0" p8:type="SequencePoint" ordinal="8" offset="8" sc="0" sl="89" ec="1" el="89" bec="0" bev="0" fileid="6" xmlns:p8="xsi" />
            </Method>
            <Method cyclomaticComplexity="0" nPathComplexity="0" sequenceCoverage="1" branchCoverage="0" isConstructor="False" isGetter="True" isSetter="False" isStatic="True">
              <Summary numSequencePoints="1" visitedSequencePoints="1" numBranchPoints="0" visitedBranchPoints="0" sequenceCoverage="1" branchCoverage="0" maxCyclomaticComplexity="0" minCyclomaticComplexity="0" visitedClasses="0" numClasses="0" visitedMethods="1" numMethods="1" />
              <MetadataToken />
              <Name>System.String Build.RuntimeType::get_FullName()</Name>
              <FileRef uid="6" />
              <SequencePoints>
                <SequencePoint vc="2285" upsid="94" ordinal="0" sl="94" sc="1" el="94" ec="2" bec="0" bev="0" fileid="6" />
              </SequencePoints>
              <BranchPoints />
              <MethodPoint vc="1" upsid="0" p8:type="SequencePoint" ordinal="9" offset="9" sc="0" sl="94" ec="1" el="94" bec="0" bev="0" fileid="6" xmlns:p8="xsi" />
            </Method>
            <Method cyclomaticComplexity="0" nPathComplexity="0" sequenceCoverage="1" branchCoverage="1" isConstructor="False" isGetter="True" isSetter="False" isStatic="True">
              <Summary numSequencePoints="6" visitedSequencePoints="6" numBranchPoints="2" visitedBranchPoints="2" sequenceCoverage="1" branchCoverage="1" maxCyclomaticComplexity="0" minCyclomaticComplexity="0" visitedClasses="0" numClasses="0" visitedMethods="1" numMethods="1" />
              <MetadataToken />
              <Name>System.Object Build.RuntimeType::get_Item(Build.IRuntimeAttribute,System.String,System.Nullable`1&lt;System.Int32&gt;)</Name>
              <FileRef uid="6" />
              <SequencePoints>
                <SequencePoint vc="231" upsid="119" ordinal="0" sl="119" sc="1" el="119" ec="2" bec="0" bev="0" fileid="6" />
                <SequencePoint vc="231" upsid="120" ordinal="1" sl="120" sc="1" el="120" ec="2" bec="0" bev="0" fileid="6" />
                <SequencePoint vc="231" upsid="121" ordinal="2" sl="121" sc="1" el="121" ec="2" bec="0" bev="0" fileid="6" />
                <SequencePoint vc="156" upsid="122" ordinal="3" sl="122" sc="1" el="122" ec="2" bec="0" bev="0" fileid="6" />
                <SequencePoint vc="231" upsid="123" ordinal="4" sl="123" sc="1" el="123" ec="2" bec="0" bev="0" fileid="6" />
                <SequencePoint vc="231" upsid="124" ordinal="5" sl="124" sc="1" el="124" ec="2" bec="0" bev="0" fileid="6" />
              </SequencePoints>
              <BranchPoints>
                <BranchPoint vc="2147483647" upsid="121" ordinal="0" path="0" offset="32" offsetend="34" sl="121" fileid="6" />
                <BranchPoint vc="2147483647" upsid="121" ordinal="1" path="1" offset="32" offsetend="54" sl="121" fileid="6" />
              </BranchPoints>
              <MethodPoint vc="6" upsid="0" p8:type="SequencePoint" ordinal="10" offset="10" sc="0" sl="119" ec="1" el="124" bec="0" bev="0" fileid="6" xmlns:p8="xsi" />
            </Method>
            <Method cyclomaticComplexity="0" nPathComplexity="0" sequenceCoverage="1" branchCoverage="0" isConstructor="False" isGetter="False" isSetter="True" isStatic="True">
              <Summary numSequencePoints="4" visitedSequencePoints="4" numBranchPoints="0" visitedBranchPoints="0" sequenceCoverage="1" branchCoverage="0" maxCyclomaticComplexity="0" minCyclomaticComplexity="0" visitedClasses="0" numClasses="0" visitedMethods="1" numMethods="1" />
              <MetadataToken />
              <Name>System.Void Build.RuntimeType::set_Item(Build.IRuntimeAttribute,System.String,System.Nullable`1&lt;System.Int32&gt;,System.Object)</Name>
              <FileRef uid="6" />
              <SequencePoints>
                <SequencePoint vc="212" upsid="126" ordinal="0" sl="126" sc="1" el="126" ec="2" bec="0" bev="0" fileid="6" />
                <SequencePoint vc="212" upsid="127" ordinal="1" sl="127" sc="1" el="127" ec="2" bec="0" bev="0" fileid="6" />
                <SequencePoint vc="212" upsid="128" ordinal="2" sl="128" sc="1" el="128" ec="2" bec="0" bev="0" fileid="6" />
                <SequencePoint vc="212" upsid="129" ordinal="3" sl="129" sc="1" el="129" ec="2" bec="0" bev="0" fileid="6" />
              </SequencePoints>
              <BranchPoints />
              <MethodPoint vc="4" upsid="0" p8:type="SequencePoint" ordinal="11" offset="11" sc="0" sl="126" ec="1" el="129" bec="0" bev="0" fileid="6" xmlns:p8="xsi" />
            </Method>
            <Method cyclomaticComplexity="0" nPathComplexity="0" sequenceCoverage="1" branchCoverage="0" isConstructor="False" isGetter="False" isSetter="False" isStatic="True">
              <Summary numSequencePoints="1" visitedSequencePoints="1" numBranchPoints="0" visitedBranchPoints="0" sequenceCoverage="1" branchCoverage="0" maxCyclomaticComplexity="0" minCyclomaticComplexity="0" visitedClasses="0" numClasses="0" visitedMethods="1" numMethods="1" />
              <MetadataToken />
              <Name>System.Void Build.RuntimeType::AddParameter(Build.RuntimeType)</Name>
              <FileRef uid="6" />
              <SequencePoints>
                <SequencePoint vc="391" upsid="136" ordinal="0" sl="136" sc="1" el="136" ec="2" bec="0" bev="0" fileid="6" />
              </SequencePoints>
              <BranchPoints />
              <MethodPoint vc="1" upsid="0" p8:type="SequencePoint" ordinal="12" offset="12" sc="0" sl="136" ec="1" el="136" bec="0" bev="0" fileid="6" xmlns:p8="xsi" />
            </Method>
            <Method cyclomaticComplexity="0" nPathComplexity="0" sequenceCoverage="1" branchCoverage="0,75" isConstructor="False" isGetter="False" isSetter="False" isStatic="True">
              <Summary numSequencePoints="8" visitedSequencePoints="8" numBranchPoints="4" visitedBranchPoints="3" sequenceCoverage="1" branchCoverage="0,75" maxCyclomaticComplexity="0" minCyclomaticComplexity="0" visitedClasses="0" numClasses="0" visitedMethods="1" numMethods="1" />
              <MetadataToken />
              <Name>System.Object Build.RuntimeType::CreateInstance(System.Object[])</Name>
              <FileRef uid="6" />
              <SequencePoints>
                <SequencePoint vc="196" upsid="145" ordinal="0" sl="145" sc="1" el="145" ec="2" bec="0" bev="0" fileid="6" />
                <SequencePoint vc="196" upsid="146" ordinal="1" sl="146" sc="1" el="146" ec="2" bec="0" bev="0" fileid="6" />
                <SequencePoint vc="4" upsid="147" ordinal="2" sl="147" sc="1" el="147" ec="2" bec="0" bev="0" fileid="6" />
                <SequencePoint vc="192" upsid="148" ordinal="3" sl="148" sc="1" el="148" ec="2" bec="0" bev="0" fileid="6" />
                <SequencePoint vc="192" upsid="149" ordinal="4" sl="149" sc="1" el="149" ec="2" bec="0" bev="0" fileid="6" />
                <SequencePoint vc="185" upsid="150" ordinal="5" sl="150" sc="1" el="150" ec="2" bec="0" bev="0" fileid="6" />
                <SequencePoint vc="185" upsid="151" ordinal="6" sl="151" sc="1" el="151" ec="2" bec="0" bev="0" fileid="6" />
                <SequencePoint vc="189" upsid="152" ordinal="7" sl="152" sc="1" el="152" ec="2" bec="0" bev="0" fileid="6" />
              </SequencePoints>
              <BranchPoints>
                <BranchPoint vc="15" upsid="146" ordinal="0" path="0" offset="14" offsetend="16" sl="146" fileid="6" />
                <BranchPoint vc="2147483647" upsid="146" ordinal="1" path="1" offset="14" offsetend="25" sl="146" fileid="6" />
                <BranchPoint vc="0" upsid="149" ordinal="2" path="0" offset="35" offsetend="37" sl="149" fileid="6" />
                <BranchPoint vc="2147483647" upsid="149" ordinal="3" path="1" offset="35" offsetend="43" sl="149" fileid="6" />
              </BranchPoints>
              <MethodPoint vc="8" upsid="0" p8:type="SequencePoint" ordinal="13" offset="13" sc="0" sl="145" ec="1" el="152" bec="0" bev="0" fileid="6" xmlns:p8="xsi" />
            </Method>
            <Method cyclomaticComplexity="0" nPathComplexity="0" sequenceCoverage="1" branchCoverage="0" isConstructor="False" isGetter="False" isSetter="False" isStatic="True">
              <Summary numSequencePoints="1" visitedSequencePoints="1" numBranchPoints="0" visitedBranchPoints="0" sequenceCoverage="1" branchCoverage="0" maxCyclomaticComplexity="0" minCyclomaticComplexity="0" visitedClasses="0" numClasses="0" visitedMethods="1" numMethods="1" />
              <MetadataToken />
              <Name>System.Type Build.RuntimeType::FindAssignableType(System.String)</Name>
              <FileRef uid="6" />
              <SequencePoints>
                <SequencePoint vc="356" upsid="159" ordinal="0" sl="159" sc="1" el="159" ec="2" bec="0" bev="0" fileid="6" />
              </SequencePoints>
              <BranchPoints />
              <MethodPoint vc="1" upsid="0" p8:type="SequencePoint" ordinal="14" offset="14" sc="0" sl="159" ec="1" el="159" bec="0" bev="0" fileid="6" xmlns:p8="xsi" />
            </Method>
            <Method cyclomaticComplexity="0" nPathComplexity="0" sequenceCoverage="0,8" branchCoverage="0,5" isConstructor="False" isGetter="False" isSetter="False" isStatic="True">
              <Summary numSequencePoints="5" visitedSequencePoints="4" numBranchPoints="2" visitedBranchPoints="1" sequenceCoverage="0,8" branchCoverage="0,5" maxCyclomaticComplexity="0" minCyclomaticComplexity="0" visitedClasses="0" numClasses="0" visitedMethods="1" numMethods="1" />
              <MetadataToken />
              <Name>System.Void Build.RuntimeType::Initialize(Build.RuntimeInstance)</Name>
              <FileRef uid="6" />
              <SequencePoints>
                <SequencePoint vc="481" upsid="167" ordinal="0" sl="167" sc="1" el="167" ec="2" bec="0" bev="0" fileid="6" />
                <SequencePoint vc="481" upsid="168" ordinal="1" sl="168" sc="1" el="168" ec="2" bec="0" bev="0" fileid="6" />
                <SequencePoint vc="0" upsid="169" ordinal="2" sl="169" sc="1" el="169" ec="2" bec="0" bev="0" fileid="6" />
                <SequencePoint vc="481" upsid="170" ordinal="3" sl="170" sc="1" el="170" ec="2" bec="0" bev="0" fileid="6" />
                <SequencePoint vc="481" upsid="171" ordinal="4" sl="171" sc="1" el="171" ec="2" bec="0" bev="0" fileid="6" />
              </SequencePoints>
              <BranchPoints>
                <BranchPoint vc="0" upsid="168" ordinal="0" path="0" offset="9" offsetend="11" sl="168" fileid="6" />
                <BranchPoint vc="2147483647" upsid="168" ordinal="1" path="1" offset="9" offsetend="38" sl="168" fileid="6" />
              </BranchPoints>
              <MethodPoint vc="4" upsid="0" p8:type="SequencePoint" ordinal="15" offset="15" sc="0" sl="167" ec="1" el="171" bec="0" bev="0" fileid="6" xmlns:p8="xsi" />
            </Method>
            <Method cyclomaticComplexity="0" nPathComplexity="0" sequenceCoverage="1" branchCoverage="0" isConstructor="False" isGetter="False" isSetter="False" isStatic="True">
              <Summary numSequencePoints="1" visitedSequencePoints="1" numBranchPoints="0" visitedBranchPoints="0" sequenceCoverage="1" branchCoverage="0" maxCyclomaticComplexity="0" minCyclomaticComplexity="0" visitedClasses="0" numClasses="0" visitedMethods="1" numMethods="1" />
              <MetadataToken />
              <Name>System.Boolean Build.RuntimeType::IsAssignableFrom(System.String)</Name>
              <FileRef uid="6" />
              <SequencePoints>
                <SequencePoint vc="174" upsid="180" ordinal="0" sl="180" sc="1" el="180" ec="2" bec="0" bev="0" fileid="6" />
              </SequencePoints>
              <BranchPoints />
              <MethodPoint vc="1" upsid="0" p8:type="SequencePoint" ordinal="16" offset="16" sc="0" sl="180" ec="1" el="180" bec="0" bev="0" fileid="6" xmlns:p8="xsi" />
            </Method>
            <Method cyclomaticComplexity="0" nPathComplexity="0" sequenceCoverage="1" branchCoverage="1" isConstructor="False" isGetter="False" isSetter="False" isStatic="True">
              <Summary numSequencePoints="9" visitedSequencePoints="9" numBranchPoints="2" visitedBranchPoints="2" sequenceCoverage="1" branchCoverage="1" maxCyclomaticComplexity="0" minCyclomaticComplexity="0" visitedClasses="0" numClasses="0" visitedMethods="1" numMethods="1" />
              <MetadataToken />
              <Name>System.Object[] Build.RuntimeType::ReadParameters()</Name>
              <FileRef uid="6" />
              <SequencePoints>
                <SequencePoint vc="192" upsid="187" ordinal="0" sl="187" sc="1" el="187" ec="2" bec="0" bev="0" fileid="6" />
                <SequencePoint vc="192" upsid="188" ordinal="1" sl="188" sc="1" el="188" ec="2" bec="0" bev="0" fileid="6" />
                <SequencePoint vc="762" upsid="189" ordinal="2" sl="189" sc="1" el="189" ec="2" bec="0" bev="0" fileid="6" />
                <SequencePoint vc="189" upsid="190" ordinal="3" sl="190" sc="1" el="190" ec="2" bec="0" bev="0" fileid="6" />
                <SequencePoint vc="189" upsid="191" ordinal="4" sl="191" sc="1" el="191" ec="2" bec="0" bev="0" fileid="6" />
                <SequencePoint vc="189" upsid="192" ordinal="5" sl="192" sc="1" el="192" ec="2" bec="0" bev="0" fileid="6" />
                <SequencePoint vc="189" upsid="193" ordinal="6" sl="193" sc="1" el="193" ec="2" bec="0" bev="0" fileid="6" />
                <SequencePoint vc="192" upsid="194" ordinal="7" sl="194" sc="1" el="194" ec="2" bec="0" bev="0" fileid="6" />
                <SequencePoint vc="192" upsid="195" ordinal="8" sl="195" sc="1" el="195" ec="2" bec="0" bev="0" fileid="6" />
              </SequencePoints>
              <BranchPoints>
                <BranchPoint vc="2147483647" upsid="189" ordinal="1" path="1" offset="100" offsetend="22" sl="189" fileid="6" />
                <BranchPoint vc="2147483647" upsid="189" ordinal="0" path="0" offset="100" offsetend="102" sl="189" fileid="6" />
              </BranchPoints>
              <MethodPoint vc="9" upsid="0" p8:type="SequencePoint" ordinal="17" offset="17" sc="0" sl="187" ec="1" el="195" bec="0" bev="0" fileid="6" xmlns:p8="xsi" />
            </Method>
            <Method cyclomaticComplexity="0" nPathComplexity="0" sequenceCoverage="1" branchCoverage="1" isConstructor="False" isGetter="False" isSetter="False" isStatic="True">
              <Summary numSequencePoints="7" visitedSequencePoints="7" numBranchPoints="2" visitedBranchPoints="2" sequenceCoverage="1" branchCoverage="1" maxCyclomaticComplexity="0" minCyclomaticComplexity="0" visitedClasses="0" numClasses="0" visitedMethods="1" numMethods="1" />
              <MetadataToken />
              <Name>System.Void Build.RuntimeType::RegisterAssignableType(System.Type)</Name>
              <FileRef uid="6" />
              <SequencePoints>
                <SequencePoint vc="916" upsid="202" ordinal="0" sl="202" sc="1" el="202" ec="2" bec="0" bev="0" fileid="6" />
                <SequencePoint vc="916" upsid="203" ordinal="1" sl="203" sc="1" el="203" ec="2" bec="0" bev="0" fileid="6" />
                <SequencePoint vc="762" upsid="204" ordinal="2" sl="204" sc="1" el="204" ec="2" bec="0" bev="0" fileid="6" />
                <SequencePoint vc="762" upsid="205" ordinal="3" sl="205" sc="1" el="205" ec="2" bec="0" bev="0" fileid="6" />
                <SequencePoint vc="762" upsid="206" ordinal="4" sl="206" sc="1" el="206" ec="2" bec="0" bev="0" fileid="6" />
                <SequencePoint vc="762" upsid="207" ordinal="5" sl="207" sc="1" el="207" ec="2" bec="0" bev="0" fileid="6" />
                <SequencePoint vc="916" upsid="209" ordinal="6" sl="209" sc="1" el="209" ec="2" bec="0" bev="0" fileid="6" />
              </SequencePoints>
              <BranchPoints>
                <BranchPoint vc="2147483647" upsid="203" ordinal="0" path="0" offset="18" offsetend="20" sl="203" fileid="6" />
                <BranchPoint vc="2147483647" upsid="203" ordinal="1" path="1" offset="18" offsetend="42" sl="203" fileid="6" />
              </BranchPoints>
              <MethodPoint vc="7" upsid="0" p8:type="SequencePoint" ordinal="18" offset="18" sc="0" sl="202" ec="1" el="209" bec="0" bev="0" fileid="6" xmlns:p8="xsi" />
            </Method>
            <Method cyclomaticComplexity="0" nPathComplexity="0" sequenceCoverage="0" branchCoverage="0" isConstructor="False" isGetter="False" isSetter="False" isStatic="True">
              <Summary numSequencePoints="1" visitedSequencePoints="0" numBranchPoints="0" visitedBranchPoints="0" sequenceCoverage="0" branchCoverage="0" maxCyclomaticComplexity="0" minCyclomaticComplexity="0" visitedClasses="0" numClasses="0" visitedMethods="0" numMethods="1" />
              <MetadataToken />
              <Name>System.String Build.RuntimeType::ToString()</Name>
              <FileRef uid="6" />
              <SequencePoints>
                <SequencePoint vc="0" upsid="215" ordinal="0" sl="215" sc="1" el="215" ec="2" bec="0" bev="0" fileid="6" />
              </SequencePoints>
              <BranchPoints />
              <MethodPoint vc="0" upsid="0" p8:type="SequencePoint" ordinal="19" offset="19" sc="0" sl="215" ec="1" el="215" bec="0" bev="0" fileid="6" xmlns:p8="xsi" />
            </Method>
            <Method cyclomaticComplexity="0" nPathComplexity="0" sequenceCoverage="1" branchCoverage="1" isConstructor="False" isGetter="False" isSetter="False" isStatic="True">
              <Summary numSequencePoints="11" visitedSequencePoints="11" numBranchPoints="8" visitedBranchPoints="8" sequenceCoverage="1" branchCoverage="1" maxCyclomaticComplexity="0" minCyclomaticComplexity="0" visitedClasses="0" numClasses="0" visitedMethods="1" numMethods="1" />
              <MetadataToken />
              <Name>System.Boolean Build.RuntimeType::WriteParameters(System.Object[])</Name>
              <FileRef uid="6" />
              <SequencePoints>
                <SequencePoint vc="374" upsid="223" ordinal="0" sl="223" sc="1" el="223" ec="2" bec="0" bev="0" fileid="6" />
                <SequencePoint vc="1172" upsid="224" ordinal="1" sl="224" sc="1" el="224" ec="2" bec="0" bev="0" fileid="6" />
                <SequencePoint vc="214" upsid="225" ordinal="2" sl="225" sc="1" el="225" ec="2" bec="0" bev="0" fileid="6" />
                <SequencePoint vc="214" upsid="226" ordinal="3" sl="226" sc="1" el="226" ec="2" bec="0" bev="0" fileid="6" />
                <SequencePoint vc="214" upsid="227" ordinal="4" sl="227" sc="1" el="227" ec="2" bec="0" bev="0" fileid="6" />
                <SequencePoint vc="214" upsid="228" ordinal="5" sl="228" sc="1" el="228" ec="2" bec="0" bev="0" fileid="6" />
                <SequencePoint vc="2" upsid="229" ordinal="6" sl="229" sc="1" el="229" ec="2" bec="0" bev="0" fileid="6" />
                <SequencePoint vc="212" upsid="230" ordinal="7" sl="230" sc="1" el="230" ec="2" bec="0" bev="0" fileid="6" />
                <SequencePoint vc="212" upsid="231" ordinal="8" sl="231" sc="1" el="231" ec="2" bec="0" bev="0" fileid="6" />
                <SequencePoint vc="372" upsid="232" ordinal="9" sl="232" sc="1" el="232" ec="2" bec="0" bev="0" fileid="6" />
                <SequencePoint vc="374" upsid="233" ordinal="10" sl="233" sc="1" el="233" ec="2" bec="0" bev="0" fileid="6" />
              </SequencePoints>
              <BranchPoints>
                <BranchPoint vc="2147483647" upsid="224" ordinal="7" path="1" offset="128" offsetend="5" sl="224" fileid="6" />
                <BranchPoint vc="2147483647" upsid="224" ordinal="6" path="0" offset="128" offsetend="130" sl="224" fileid="6" />
                <BranchPoint vc="2147483647" upsid="227" ordinal="0" path="0" offset="28" offsetend="30" sl="227" fileid="6" />
                <BranchPoint vc="2147483647" upsid="227" ordinal="1" path="1" offset="28" offsetend="41" sl="227" fileid="6" />
                <BranchPoint vc="16777215" upsid="228" ordinal="2" path="0" offset="50" offsetend="52" sl="228" fileid="6" />
                <BranchPoint vc="2147483647" upsid="228" ordinal="3" path="1" offset="50" offsetend="64" sl="228" fileid="6" />
                <BranchPoint vc="3" upsid="228" ordinal="4" path="0" offset="67" offsetend="69" sl="228" fileid="6" />
                <BranchPoint vc="2147483647" upsid="228" ordinal="5" path="1" offset="67" offsetend="74" sl="228" fileid="6" />
              </BranchPoints>
              <MethodPoint vc="11" upsid="0" p8:type="SequencePoint" ordinal="20" offset="20" sc="0" sl="223" ec="1" el="233" bec="0" bev="0" fileid="6" xmlns:p8="xsi" />
            </Method>
            <Method cyclomaticComplexity="0" nPathComplexity="0" sequenceCoverage="1" branchCoverage="0" isConstructor="False" isGetter="False" isSetter="False" isStatic="True">
              <Summary numSequencePoints="1" visitedSequencePoints="1" numBranchPoints="0" visitedBranchPoints="0" sequenceCoverage="1" branchCoverage="0" maxCyclomaticComplexity="0" minCyclomaticComplexity="0" visitedClasses="0" numClasses="0" visitedMethods="1" numMethods="1" />
              <MetadataToken />
              <Name>System.Object Build.RuntimeType::CreateInstance(Build.IRuntimeAttribute)</Name>
              <FileRef uid="6" />
              <SequencePoints>
                <SequencePoint vc="52" upsid="240" ordinal="0" sl="240" sc="1" el="240" ec="2" bec="0" bev="0" fileid="6" />
              </SequencePoints>
              <BranchPoints />
              <MethodPoint vc="1" upsid="0" p8:type="SequencePoint" ordinal="21" offset="21" sc="0" sl="240" ec="1" el="240" bec="0" bev="0" fileid="6" xmlns:p8="xsi" />
            </Method>
            <Method cyclomaticComplexity="0" nPathComplexity="0" sequenceCoverage="1" branchCoverage="0" isConstructor="False" isGetter="False" isSetter="False" isStatic="True">
              <Summary numSequencePoints="1" visitedSequencePoints="1" numBranchPoints="0" visitedBranchPoints="0" sequenceCoverage="1" branchCoverage="0" maxCyclomaticComplexity="0" minCyclomaticComplexity="0" visitedClasses="0" numClasses="0" visitedMethods="1" numMethods="1" />
              <MetadataToken />
              <Name>System.Object Build.RuntimeType::CreateInstance()</Name>
              <FileRef uid="6" />
              <SequencePoints>
                <SequencePoint vc="4" upsid="246" ordinal="0" sl="246" sc="1" el="246" ec="2" bec="0" bev="0" fileid="6" />
              </SequencePoints>
              <BranchPoints />
              <MethodPoint vc="1" upsid="0" p8:type="SequencePoint" ordinal="22" offset="22" sc="0" sl="246" ec="1" el="246" bec="0" bev="0" fileid="6" xmlns:p8="xsi" />
            </Method>
            <Method cyclomaticComplexity="0" nPathComplexity="0" sequenceCoverage="1" branchCoverage="1" isConstructor="False" isGetter="False" isSetter="False" isStatic="True">
              <Summary numSequencePoints="9" visitedSequencePoints="9" numBranchPoints="6" visitedBranchPoints="6" sequenceCoverage="1" branchCoverage="1" maxCyclomaticComplexity="0" minCyclomaticComplexity="0" visitedClasses="0" numClasses="0" visitedMethods="1" numMethods="1" />
              <MetadataToken />
              <Name>System.Object Build.RuntimeType::CreateReferenceType(System.Object[])</Name>
              <FileRef uid="6" />
              <SequencePoints>
                <SequencePoint vc="192" upsid="254" ordinal="0" sl="254" sc="1" el="254" ec="2" bec="0" bev="0" fileid="6" />
                <SequencePoint vc="192" upsid="255" ordinal="1" sl="255" sc="1" el="255" ec="2" bec="0" bev="0" fileid="6" />
                <SequencePoint vc="3" upsid="256" ordinal="2" sl="256" sc="1" el="256" ec="2" bec="0" bev="0" fileid="6" />
[...]
                <BranchPoint vc="2147483647" upsid="83" ordinal="1" path="1" offset="13" offsetend="19" sl="83" fileid="12" />
                <BranchPoint vc="2147483647" upsid="85" ordinal="2" path="0" offset="26" offsetend="28" sl="85" fileid="12" />
                <BranchPoint vc="134217727" upsid="85" ordinal="3" path="1" offset="26" offsetend="37" sl="85" fileid="12" />
              </BranchPoints>
              <MethodPoint vc="5" upsid="0" p8:type="SequencePoint" ordinal="4" offset="4" sc="0" sl="82" ec="1" el="86" bec="0" bev="0" fileid="12" xmlns:p8="xsi" />
            </Method>
            <Method cyclomaticComplexity="0" nPathComplexity="0" sequenceCoverage="1" branchCoverage="1" isConstructor="False" isGetter="False" isSetter="False" isStatic="True">
              <Summary numSequencePoints="7" visitedSequencePoints="7" numBranchPoints="8" visitedBranchPoints="8" sequenceCoverage="1" branchCoverage="1" maxCyclomaticComplexity="0" minCyclomaticComplexity="0" visitedClasses="0" numClasses="0" visitedMethods="1" numMethods="1" />
              <MetadataToken />
              <Name>System.Boolean Build.TypeParser::MatchParameters(Build.IRuntimeType,System.Text.RegularExpressions.MatchCollection)</Name>
              <FileRef uid="12" />
              <SequencePoints>
                <SequencePoint vc="499" upsid="95" ordinal="0" sl="95" sc="1" el="95" ec="2" bec="0" bev="0" fileid="12" />
                <SequencePoint vc="499" upsid="96" ordinal="1" sl="96" sc="1" el="96" ec="2" bec="0" bev="0" fileid="12" />
                <SequencePoint vc="14" upsid="97" ordinal="2" sl="97" sc="1" el="97" ec="2" bec="0" bev="0" fileid="12" />
                <SequencePoint vc="521" upsid="98" ordinal="3" sl="98" sc="1" el="98" ec="2" bec="0" bev="0" fileid="12" />
                <SequencePoint vc="13" upsid="99" ordinal="4" sl="99" sc="1" el="99" ec="2" bec="0" bev="0" fileid="12" />
                <SequencePoint vc="472" upsid="100" ordinal="5" sl="100" sc="1" el="100" ec="2" bec="0" bev="0" fileid="12" />
                <SequencePoint vc="499" upsid="101" ordinal="6" sl="101" sc="1" el="101" ec="2" bec="0" bev="0" fileid="12" />
              </SequencePoints>
              <BranchPoints>
                <BranchPoint vc="2147483647" upsid="96" ordinal="0" path="0" offset="8" offsetend="10" sl="96" fileid="12" />
                <BranchPoint vc="2147483647" upsid="96" ordinal="1" path="1" offset="8" offsetend="29" sl="96" fileid="12" />
                <BranchPoint vc="16383" upsid="96" ordinal="2" path="0" offset="32" offsetend="34" sl="96" fileid="12" />
                <BranchPoint vc="2147483647" upsid="96" ordinal="3" path="1" offset="32" offsetend="38" sl="96" fileid="12" />
                <BranchPoint vc="1" upsid="98" ordinal="4" path="0" offset="45" offsetend="47" sl="98" fileid="12" />
                <BranchPoint vc="2147483647" upsid="98" ordinal="5" path="1" offset="45" offsetend="70" sl="98" fileid="12" />
                <BranchPoint vc="8191" upsid="98" ordinal="6" path="0" offset="91" offsetend="93" sl="98" fileid="12" />
                <BranchPoint vc="2147483647" upsid="98" ordinal="7" path="1" offset="91" offsetend="97" sl="98" fileid="12" />
              </BranchPoints>
              <MethodPoint vc="7" upsid="0" p8:type="SequencePoint" ordinal="5" offset="5" sc="0" sl="95" ec="1" el="101" bec="0" bev="0" fileid="12" xmlns:p8="xsi" />
            </Method>
            <Method cyclomaticComplexity="0" nPathComplexity="0" sequenceCoverage="1" branchCoverage="0" isConstructor="False" isGetter="False" isSetter="False" isStatic="True">
              <Summary numSequencePoints="1" visitedSequencePoints="1" numBranchPoints="0" visitedBranchPoints="0" sequenceCoverage="1" branchCoverage="0" maxCyclomaticComplexity="0" minCyclomaticComplexity="0" visitedClasses="0" numClasses="0" visitedMethods="1" numMethods="1" />
              <MetadataToken />
              <Name>System.Boolean Build.TypeParser::MatchType(Build.IRuntimeType,System.String)</Name>
              <FileRef uid="12" />
              <SequencePoints>
                <SequencePoint vc="2285" upsid="109" ordinal="0" sl="109" sc="1" el="109" ec="2" bec="0" bev="0" fileid="12" />
              </SequencePoints>
              <BranchPoints />
              <MethodPoint vc="1" upsid="0" p8:type="SequencePoint" ordinal="6" offset="6" sc="0" sl="109" ec="1" el="109" bec="0" bev="0" fileid="12" xmlns:p8="xsi" />
            </Method>
            <Method cyclomaticComplexity="0" nPathComplexity="0" sequenceCoverage="1" branchCoverage="1" isConstructor="False" isGetter="False" isSetter="False" isStatic="True">
              <Summary numSequencePoints="8" visitedSequencePoints="8" numBranchPoints="4" visitedBranchPoints="4" sequenceCoverage="1" branchCoverage="1" maxCyclomaticComplexity="0" minCyclomaticComplexity="0" visitedClasses="0" numClasses="0" visitedMethods="1" numMethods="1" />
              <MetadataToken />
              <Name>Build.IRuntimeType Build.TypeParser::CacheRuntimeType(System.String,Build.IRuntimeType)</Name>
              <FileRef uid="12" />
              <SequencePoints>
                <SequencePoint vc="2504" upsid="118" ordinal="0" sl="118" sc="1" el="118" ec="2" bec="0" bev="0" fileid="12" />
                <SequencePoint vc="2504" upsid="119" ordinal="1" sl="119" sc="1" el="119" ec="2" bec="0" bev="0" fileid="12" />
                <SequencePoint vc="301" upsid="120" ordinal="2" sl="120" sc="1" el="120" ec="2" bec="0" bev="0" fileid="12" />
                <SequencePoint vc="301" upsid="121" ordinal="3" sl="121" sc="1" el="121" ec="2" bec="0" bev="0" fileid="12" />
                <SequencePoint vc="301" upsid="122" ordinal="4" sl="122" sc="1" el="122" ec="2" bec="0" bev="0" fileid="12" />
                <SequencePoint vc="301" upsid="123" ordinal="5" sl="123" sc="1" el="123" ec="2" bec="0" bev="0" fileid="12" />
                <SequencePoint vc="2203" upsid="125" ordinal="6" sl="125" sc="1" el="125" ec="2" bec="0" bev="0" fileid="12" />
                <SequencePoint vc="2504" upsid="126" ordinal="7" sl="126" sc="1" el="126" ec="2" bec="0" bev="0" fileid="12" />
              </SequencePoints>
              <BranchPoints>
                <BranchPoint vc="2147483647" upsid="119" ordinal="0" path="0" offset="7" offsetend="9" sl="119" fileid="12" />
                <BranchPoint vc="2147483647" upsid="119" ordinal="1" path="1" offset="7" offsetend="58" sl="119" fileid="12" />
                <BranchPoint vc="2147483647" upsid="121" ordinal="2" path="0" offset="27" offsetend="29" sl="121" fileid="12" />
                <BranchPoint vc="2147483647" upsid="121" ordinal="3" path="1" offset="27" offsetend="43" sl="121" fileid="12" />
              </BranchPoints>
              <MethodPoint vc="8" upsid="0" p8:type="SequencePoint" ordinal="7" offset="7" sc="0" sl="118" ec="1" el="126" bec="0" bev="0" fileid="12" xmlns:p8="xsi" />
            </Method>
            <Method cyclomaticComplexity="0" nPathComplexity="0" sequenceCoverage="1" branchCoverage="0,833" isConstructor="False" isGetter="False" isSetter="False" isStatic="True">
              <Summary numSequencePoints="13" visitedSequencePoints="13" numBranchPoints="6" visitedBranchPoints="5" sequenceCoverage="1" branchCoverage="0,833" maxCyclomaticComplexity="0" minCyclomaticComplexity="0" visitedClasses="0" numClasses="0" visitedMethods="1" numMethods="1" />
              <MetadataToken />
              <Name>Build.IRuntimeType Build.TypeParser::GetRuntimeType(System.String[],System.Collections.Generic.IEnumerable`1&lt;Build.IRuntimeType&gt;,System.String,System.Text.RegularExpressions.MatchCollection)</Name>
              <FileRef uid="12" />
              <SequencePoints>
                <SequencePoint vc="2504" upsid="137" ordinal="0" sl="137" sc="1" el="137" ec="2" bec="0" bev="0" fileid="12" />
                <SequencePoint vc="4789" upsid="138" ordinal="1" sl="138" sc="1" el="138" ec="2" bec="0" bev="0" fileid="12" />
                <SequencePoint vc="2504" upsid="139" ordinal="2" sl="139" sc="1" el="139" ec="2" bec="0" bev="0" fileid="12" />
                <SequencePoint vc="2203" upsid="140" ordinal="3" sl="140" sc="1" el="140" ec="2" bec="0" bev="0" fileid="12" />
                <SequencePoint vc="2203" upsid="141" ordinal="4" sl="141" sc="1" el="141" ec="2" bec="0" bev="0" fileid="12" />
                <SequencePoint vc="3726" upsid="142" ordinal="5" sl="142" sc="1" el="142" ec="2" bec="0" bev="0" fileid="12" />
                <SequencePoint vc="1523" upsid="143" ordinal="6" sl="143" sc="1" el="143" ec="2" bec="0" bev="0" fileid="12" />
                <SequencePoint vc="1523" upsid="144" ordinal="7" sl="144" sc="1" el="144" ec="2" bec="0" bev="0" fileid="12" />
                <SequencePoint vc="1523" upsid="145" ordinal="8" sl="145" sc="1" el="145" ec="2" bec="0" bev="0" fileid="12" />
                <SequencePoint vc="1523" upsid="146" ordinal="9" sl="146" sc="1" el="146" ec="2" bec="0" bev="0" fileid="12" />
                <SequencePoint vc="2203" upsid="147" ordinal="10" sl="147" sc="1" el="147" ec="2" bec="0" bev="0" fileid="12" />
                <SequencePoint vc="2504" upsid="149" ordinal="11" sl="149" sc="1" el="149" ec="2" bec="0" bev="0" fileid="12" />
                <SequencePoint vc="2504" upsid="150" ordinal="12" sl="150" sc="1" el="150" ec="2" bec="0" bev="0" fileid="12" />
              </SequencePoints>
              <BranchPoints>
                <BranchPoint vc="2147483647" upsid="139" ordinal="0" path="0" offset="54" offsetend="56" sl="139" fileid="12" />
                <BranchPoint vc="2147483647" upsid="139" ordinal="1" path="1" offset="54" offsetend="122" sl="139" fileid="12" />
                <BranchPoint vc="2147483647" upsid="142" ordinal="5" path="1" offset="119" offsetend="66" sl="142" fileid="12" />
                <BranchPoint vc="2147483647" upsid="142" ordinal="2" path="0" offset="104" offsetend="106" sl="142" fileid="12" />
                <BranchPoint vc="0" upsid="142" ordinal="3" path="1" offset="104" offsetend="114" sl="142" fileid="12" />
                <BranchPoint vc="2147483647" upsid="142" ordinal="4" path="0" offset="119" offsetend="121" sl="142" fileid="12" />
              </BranchPoints>
              <MethodPoint vc="13" upsid="0" p8:type="SequencePoint" ordinal="8" offset="8" sc="0" sl="137" ec="1" el="150" bec="0" bev="0" fileid="12" xmlns:p8="xsi" />
            </Method>
          </Methods>
        </Class>
        <Class>
          <Summary numSequencePoints="12" visitedSequencePoints="3" numBranchPoints="0" visitedBranchPoints="0" sequenceCoverage="0,25" branchCoverage="0" maxCyclomaticComplexity="0" minCyclomaticComplexity="0" visitedClasses="1" numClasses="1" visitedMethods="1" numMethods="4" />
          <FullName>Build.TypeRegistrationException</FullName>
          <Methods>
            <Method cyclomaticComplexity="0" nPathComplexity="0" sequenceCoverage="0" branchCoverage="0" isConstructor="True" isGetter="False" isSetter="False" isStatic="True">
              <Summary numSequencePoints="3" visitedSequencePoints="0" numBranchPoints="0" visitedBranchPoints="0" sequenceCoverage="0" branchCoverage="0" maxCyclomaticComplexity="0" minCyclomaticComplexity="0" visitedClasses="0" numClasses="0" visitedMethods="0" numMethods="1" />
              <MetadataToken />
              <Name>System.Void Build.TypeRegistrationException::.ctor()</Name>
              <FileRef uid="13" />
              <SequencePoints>
                <SequencePoint vc="0" upsid="16" ordinal="0" sl="16" sc="1" el="16" ec="2" bec="0" bev="0" fileid="13" />
                <SequencePoint vc="0" upsid="17" ordinal="1" sl="17" sc="1" el="17" ec="2" bec="0" bev="0" fileid="13" />
                <SequencePoint vc="0" upsid="18" ordinal="2" sl="18" sc="1" el="18" ec="2" bec="0" bev="0" fileid="13" />
              </SequencePoints>
              <BranchPoints />
              <MethodPoint vc="0" upsid="0" p8:type="SequencePoint" ordinal="0" offset="0" sc="0" sl="16" ec="1" el="18" bec="0" bev="0" fileid="13" xmlns:p8="xsi" />
            </Method>
            <Method cyclomaticComplexity="0" nPathComplexity="0" sequenceCoverage="1" branchCoverage="0" isConstructor="True" isGetter="False" isSetter="False" isStatic="True">
              <Summary numSequencePoints="3" visitedSequencePoints="3" numBranchPoints="0" visitedBranchPoints="0" sequenceCoverage="1" branchCoverage="0" maxCyclomaticComplexity="0" minCyclomaticComplexity="0" visitedClasses="0" numClasses="0" visitedMethods="1" numMethods="1" />
              <MetadataToken />
              <Name>System.Void Build.TypeRegistrationException::.ctor(System.String)</Name>
              <FileRef uid="13" />
              <SequencePoints>
                <SequencePoint vc="12" upsid="24" ordinal="0" sl="24" sc="1" el="24" ec="2" bec="0" bev="0" fileid="13" />
                <SequencePoint vc="12" upsid="25" ordinal="1" sl="25" sc="1" el="25" ec="2" bec="0" bev="0" fileid="13" />
                <SequencePoint vc="12" upsid="26" ordinal="2" sl="26" sc="1" el="26" ec="2" bec="0" bev="0" fileid="13" />
              </SequencePoints>
              <BranchPoints />
              <MethodPoint vc="3" upsid="0" p8:type="SequencePoint" ordinal="1" offset="1" sc="0" sl="24" ec="1" el="26" bec="0" bev="0" fileid="13" xmlns:p8="xsi" />
            </Method>
            <Method cyclomaticComplexity="0" nPathComplexity="0" sequenceCoverage="0" branchCoverage="0" isConstructor="True" isGetter="False" isSetter="False" isStatic="True">
              <Summary numSequencePoints="3" visitedSequencePoints="0" numBranchPoints="0" visitedBranchPoints="0" sequenceCoverage="0" branchCoverage="0" maxCyclomaticComplexity="0" minCyclomaticComplexity="0" visitedClasses="0" numClasses="0" visitedMethods="0" numMethods="1" />
              <MetadataToken />
              <Name>System.Void Build.TypeRegistrationException::.ctor(System.String,System.Exception)</Name>
              <FileRef uid="13" />
              <SequencePoints>
                <SequencePoint vc="0" upsid="36" ordinal="0" sl="36" sc="1" el="36" ec="2" bec="0" bev="0" fileid="13" />
                <SequencePoint vc="0" upsid="37" ordinal="1" sl="37" sc="1" el="37" ec="2" bec="0" bev="0" fileid="13" />
                <SequencePoint vc="0" upsid="38" ordinal="2" sl="38" sc="1" el="38" ec="2" bec="0" bev="0" fileid="13" />
              </SequencePoints>
              <BranchPoints />
              <MethodPoint vc="0" upsid="0" p8:type="SequencePoint" ordinal="2" offset="2" sc="0" sl="36" ec="1" el="38" bec="0" bev="0" fileid="13" xmlns:p8="xsi" />
            </Method>
            <Method cyclomaticComplexity="0" nPathComplexity="0" sequenceCoverage="0" branchCoverage="0" isConstructor="True" isGetter="False" isSetter="False" isStatic="True">
              <Summary numSequencePoints="3" visitedSequencePoints="0" numBranchPoints="0" visitedBranchPoints="0" sequenceCoverage="0" branchCoverage="0" maxCyclomaticComplexity="0" minCyclomaticComplexity="0" visitedClasses="0" numClasses="0" visitedMethods="0" numMethods="1" />
              <MetadataToken />
              <Name>System.Void Build.TypeRegistrationException::.ctor(System.Runtime.Serialization.SerializationInfo,System.Runtime.Serialization.StreamingContext)</Name>
              <FileRef uid="13" />
              <SequencePoints>
                <SequencePoint vc="0" upsid="51" ordinal="0" sl="51" sc="1" el="51" ec="2" bec="0" bev="0" fileid="13" />
                <SequencePoint vc="0" upsid="52" ordinal="1" sl="52" sc="1" el="52" ec="2" bec="0" bev="0" fileid="13" />
                <SequencePoint vc="0" upsid="53" ordinal="2" sl="53" sc="1" el="53" ec="2" bec="0" bev="0" fileid="13" />
              </SequencePoints>
              <BranchPoints />
              <MethodPoint vc="0" upsid="0" p8:type="SequencePoint" ordinal="3" offset="3" sc="0" sl="51" ec="1" el="53" bec="0" bev="0" fileid="13" xmlns:p8="xsi" />
            </Method>
          </Methods>
        </Class>
        <Class>
          <Summary numSequencePoints="6" visitedSequencePoints="6" numBranchPoints="6" visitedBranchPoints="5" sequenceCoverage="1" branchCoverage="0,833" maxCyclomaticComplexity="0" minCyclomaticComplexity="0" visitedClasses="1" numClasses="1" visitedMethods="2" numMethods="2" />
          <FullName>Build.TypeResolver</FullName>
          <Methods>
            <Method cyclomaticComplexity="0" nPathComplexity="0" sequenceCoverage="1" branchCoverage="1" isConstructor="False" isGetter="False" isSetter="False" isStatic="True">
              <Summary numSequencePoints="1" visitedSequencePoints="1" numBranchPoints="2" visitedBranchPoints="2" sequenceCoverage="1" branchCoverage="1" maxCyclomaticComplexity="0" minCyclomaticComplexity="0" visitedClasses="0" numClasses="0" visitedMethods="1" numMethods="1" />
              <MetadataToken />
              <Name>System.Type Build.TypeResolver::GetType(System.Reflection.Assembly,System.String)</Name>
              <FileRef uid="14" />
              <SequencePoints>
                <SequencePoint vc="930" upsid="18" ordinal="0" sl="18" sc="1" el="18" ec="2" bec="0" bev="0" fileid="14" />
              </SequencePoints>
              <BranchPoints>
                <BranchPoint vc="2147483647" upsid="18" ordinal="0" path="0" offset="8" offsetend="10" sl="18" fileid="14" />
                <BranchPoint vc="2147483647" upsid="18" ordinal="1" path="1" offset="8" offsetend="17" sl="18" fileid="14" />
              </BranchPoints>
              <MethodPoint vc="1" upsid="0" p8:type="SequencePoint" ordinal="0" offset="0" sc="0" sl="18" ec="1" el="18" bec="0" bev="0" fileid="14" xmlns:p8="xsi" />
            </Method>
            <Method cyclomaticComplexity="0" nPathComplexity="0" sequenceCoverage="1" branchCoverage="0,75" isConstructor="False" isGetter="False" isSetter="False" isStatic="True">
              <Summary numSequencePoints="5" visitedSequencePoints="5" numBranchPoints="4" visitedBranchPoints="3" sequenceCoverage="1" branchCoverage="0,75" maxCyclomaticComplexity="0" minCyclomaticComplexity="0" visitedClasses="0" numClasses="0" visitedMethods="1" numMethods="1" />
              <MetadataToken />
              <Name>System.String Build.TypeResolver::GetTypeFullName(Build.IRuntimeAttribute,System.String)</Name>
              <FileRef uid="14" />
              <SequencePoints>
                <SequencePoint vc="930" upsid="27" ordinal="0" sl="27" sc="1" el="27" ec="2" bec="0" bev="0" fileid="14" />
                <SequencePoint vc="930" upsid="28" ordinal="1" sl="28" sc="1" el="28" ec="2" bec="0" bev="0" fileid="14" />
                <SequencePoint vc="828" upsid="29" ordinal="2" sl="29" sc="1" el="29" ec="2" bec="0" bev="0" fileid="14" />
                <SequencePoint vc="102" upsid="30" ordinal="3" sl="30" sc="1" el="30" ec="2" bec="0" bev="0" fileid="14" />
                <SequencePoint vc="930" upsid="31" ordinal="4" sl="31" sc="1" el="31" ec="2" bec="0" bev="0" fileid="14" />
              </SequencePoints>
              <BranchPoints>
                <BranchPoint vc="2147483647" upsid="28" ordinal="0" path="0" offset="2" offsetend="4" sl="28" fileid="14" />
                <BranchPoint vc="0" upsid="28" ordinal="1" path="1" offset="2" offsetend="15" sl="28" fileid="14" />
                <BranchPoint vc="2147483647" upsid="28" ordinal="2" path="0" offset="18" offsetend="20" sl="28" fileid="14" />
                <BranchPoint vc="2147483647" upsid="28" ordinal="3" path="1" offset="18" offsetend="29" sl="28" fileid="14" />
              </BranchPoints>
              <MethodPoint vc="5" upsid="0" p8:type="SequencePoint" ordinal="1" offset="1" sc="0" sl="27" ec="1" el="31" bec="0" bev="0" fileid="14" xmlns:p8="xsi" />
            </Method>
          </Methods>
        </Class>
      </Classes>
    </Module>
  </Modules>
</CoverageSession>